{"timestamp":"2024-07-03 08:26:30.134","level":"INFO","thread":"background-preinit","logger":"org.hibernate.validator.internal.util.Version","message":"HV000001: Hibernate Validator 8.0.1.Final","context":"default"}
{"timestamp":"2024-07-03 08:26:30.178","level":"INFO","thread":"restartedMain","logger":"com.Synctec.Synctec.SynctecApplication","message":"Starting SynctecApplication using Java 22.0.1 with PID 77838 (/Users/macbook/Desktop/syntec/Synctec_Endpoint/target/classes started by macbook in /Users/macbook/Desktop/syntec/Synctec_Endpoint)","context":"default"}
{"timestamp":"2024-07-03 08:26:30.179","level":"INFO","thread":"restartedMain","logger":"com.Synctec.Synctec.SynctecApplication","message":"The following 1 profile is active: \"dev\"","context":"default"}
{"timestamp":"2024-07-03 08:26:30.221","level":"INFO","thread":"restartedMain","logger":"org.springframework.boot.devtools.env.DevToolsPropertyDefaultsPostProcessor","message":"Devtools property defaults active! Set 'spring.devtools.add-properties' to 'false' to disable","context":"default"}
{"timestamp":"2024-07-03 08:26:30.221","level":"INFO","thread":"restartedMain","logger":"org.springframework.boot.devtools.env.DevToolsPropertyDefaultsPostProcessor","message":"For additional web related logging consider setting the 'logging.level.web' property to 'DEBUG'","context":"default"}
{"timestamp":"2024-07-03 08:26:31.221","level":"INFO","thread":"restartedMain","logger":"org.springframework.data.repository.config.RepositoryConfigurationDelegate","message":"Bootstrapping Spring Data JPA repositories in DEFAULT mode.","context":"default"}
{"timestamp":"2024-07-03 08:26:31.321","level":"INFO","thread":"restartedMain","logger":"org.springframework.data.repository.config.RepositoryConfigurationDelegate","message":"Finished Spring Data repository scanning in 81 ms. Found 3 JPA repository interfaces.","context":"default"}
{"timestamp":"2024-07-03 08:26:32.137","level":"INFO","thread":"restartedMain","logger":"org.springframework.boot.web.embedded.tomcat.TomcatWebServer","message":"Tomcat initialized with port 8085 (http)","context":"default"}
{"timestamp":"2024-07-03 08:26:32.168","level":"INFO","thread":"restartedMain","logger":"org.apache.coyote.http11.Http11NioProtocol","message":"Initializing ProtocolHandler [\"http-nio-8085\"]","context":"default"}
{"timestamp":"2024-07-03 08:26:32.173","level":"INFO","thread":"restartedMain","logger":"org.apache.catalina.core.StandardService","message":"Starting service [Tomcat]","context":"default"}
{"timestamp":"2024-07-03 08:26:32.174","level":"INFO","thread":"restartedMain","logger":"org.apache.catalina.core.StandardEngine","message":"Starting Servlet engine: [Apache Tomcat/10.1.24]","context":"default"}
{"timestamp":"2024-07-03 08:26:32.236","level":"INFO","thread":"restartedMain","logger":"org.apache.catalina.core.ContainerBase.[Tomcat].[localhost].[/]","message":"Initializing Spring embedded WebApplicationContext","context":"default"}
{"timestamp":"2024-07-03 08:26:32.237","level":"INFO","thread":"restartedMain","logger":"org.springframework.boot.web.servlet.context.ServletWebServerApplicationContext","message":"Root WebApplicationContext: initialization completed in 2016 ms","context":"default"}
{"timestamp":"2024-07-03 08:26:32.423","level":"INFO","thread":"restartedMain","logger":"org.hibernate.jpa.internal.util.LogHelper","message":"HHH000204: Processing PersistenceUnitInfo [name: default]","context":"default"}
{"timestamp":"2024-07-03 08:26:32.536","level":"INFO","thread":"restartedMain","logger":"org.hibernate.Version","message":"HHH000412: Hibernate ORM core version 6.5.2.Final","context":"default"}
{"timestamp":"2024-07-03 08:26:32.590","level":"INFO","thread":"restartedMain","logger":"org.hibernate.cache.internal.RegionFactoryInitiator","message":"HHH000026: Second-level cache disabled","context":"default"}
{"timestamp":"2024-07-03 08:26:33.013","level":"INFO","thread":"restartedMain","logger":"org.springframework.orm.jpa.persistenceunit.SpringPersistenceUnitInfo","message":"No LoadTimeWeaver setup: ignoring JPA class transformer","context":"default"}
{"timestamp":"2024-07-03 08:26:33.069","level":"INFO","thread":"restartedMain","logger":"com.zaxxer.hikari.HikariDataSource","message":"HikariPool-1 - Starting...","context":"default"}
{"timestamp":"2024-07-03 08:26:33.230","level":"INFO","thread":"restartedMain","logger":"com.zaxxer.hikari.pool.HikariPool","message":"HikariPool-1 - Added connection org.postgresql.jdbc.PgConnection@e1842ae","context":"default"}
{"timestamp":"2024-07-03 08:26:33.234","level":"INFO","thread":"restartedMain","logger":"com.zaxxer.hikari.HikariDataSource","message":"HikariPool-1 - Start completed.","context":"default"}
{"timestamp":"2024-07-03 08:26:33.310","level":"WARN","thread":"restartedMain","logger":"org.hibernate.orm.deprecation","message":"HHH90000025: PostgreSQLDialect does not need to be specified explicitly using 'hibernate.dialect' (remove the property setting and it will be selected by default)","context":"default"}
{"timestamp":"2024-07-03 08:26:34.930","level":"INFO","thread":"restartedMain","logger":"org.hibernate.engine.transaction.jta.platform.internal.JtaPlatformInitiator","message":"HHH000489: No JTA platform available (set 'hibernate.transaction.jta.platform' to enable JTA platform integration)","context":"default"}
{"timestamp":"2024-07-03 08:26:34.970","level":"WARN","thread":"restartedMain","logger":"org.hibernate.engine.jdbc.spi.SqlExceptionHelper","message":"SQL Warning Code: 0, SQLState: 00000","context":"default"}
{"timestamp":"2024-07-03 08:26:34.970","level":"WARN","thread":"restartedMain","logger":"org.hibernate.engine.jdbc.spi.SqlExceptionHelper","message":"relation \"community\" does not exist, skipping","context":"default"}
{"timestamp":"2024-07-03 08:26:34.971","level":"WARN","thread":"restartedMain","logger":"org.hibernate.engine.jdbc.spi.SqlExceptionHelper","message":"SQL Warning Code: 0, SQLState: 00000","context":"default"}
{"timestamp":"2024-07-03 08:26:34.972","level":"WARN","thread":"restartedMain","logger":"org.hibernate.engine.jdbc.spi.SqlExceptionHelper","message":"relation \"user_community\" does not exist, skipping","context":"default"}
{"timestamp":"2024-07-03 08:26:34.973","level":"WARN","thread":"restartedMain","logger":"org.hibernate.engine.jdbc.spi.SqlExceptionHelper","message":"SQL Warning Code: 0, SQLState: 00000","context":"default"}
{"timestamp":"2024-07-03 08:26:34.973","level":"WARN","thread":"restartedMain","logger":"org.hibernate.engine.jdbc.spi.SqlExceptionHelper","message":"relation \"user_community\" does not exist, skipping","context":"default"}
{"timestamp":"2024-07-03 08:26:34.973","level":"WARN","thread":"restartedMain","logger":"org.hibernate.engine.jdbc.spi.SqlExceptionHelper","message":"SQL Warning Code: 0, SQLState: 00000","context":"default"}
{"timestamp":"2024-07-03 08:26:34.974","level":"WARN","thread":"restartedMain","logger":"org.hibernate.engine.jdbc.spi.SqlExceptionHelper","message":"relation \"verifcation_token\" does not exist, skipping","context":"default"}
{"timestamp":"2024-07-03 08:26:34.977","level":"WARN","thread":"restartedMain","logger":"org.hibernate.engine.jdbc.spi.SqlExceptionHelper","message":"SQL Warning Code: 0, SQLState: 00000","context":"default"}
{"timestamp":"2024-07-03 08:26:34.978","level":"WARN","thread":"restartedMain","logger":"org.hibernate.engine.jdbc.spi.SqlExceptionHelper","message":"table \"community\" does not exist, skipping","context":"default"}
{"timestamp":"2024-07-03 08:26:34.978","level":"WARN","thread":"restartedMain","logger":"org.hibernate.engine.jdbc.spi.SqlExceptionHelper","message":"SQL Warning Code: 0, SQLState: 00000","context":"default"}
{"timestamp":"2024-07-03 08:26:34.978","level":"WARN","thread":"restartedMain","logger":"org.hibernate.engine.jdbc.spi.SqlExceptionHelper","message":"table \"user_community\" does not exist, skipping","context":"default"}
{"timestamp":"2024-07-03 08:26:34.979","level":"WARN","thread":"restartedMain","logger":"org.hibernate.engine.jdbc.spi.SqlExceptionHelper","message":"SQL Warning Code: 0, SQLState: 00000","context":"default"}
{"timestamp":"2024-07-03 08:26:34.979","level":"WARN","thread":"restartedMain","logger":"org.hibernate.engine.jdbc.spi.SqlExceptionHelper","message":"table \"users\" does not exist, skipping","context":"default"}
{"timestamp":"2024-07-03 08:26:34.980","level":"WARN","thread":"restartedMain","logger":"org.hibernate.engine.jdbc.spi.SqlExceptionHelper","message":"SQL Warning Code: 0, SQLState: 00000","context":"default"}
{"timestamp":"2024-07-03 08:26:34.980","level":"WARN","thread":"restartedMain","logger":"org.hibernate.engine.jdbc.spi.SqlExceptionHelper","message":"table \"verifcation_token\" does not exist, skipping","context":"default"}
{"timestamp":"2024-07-03 08:26:35.053","level":"INFO","thread":"restartedMain","logger":"org.springframework.orm.jpa.LocalContainerEntityManagerFactoryBean","message":"Initialized JPA EntityManagerFactory for persistence unit 'default'","context":"default"}
{"timestamp":"2024-07-03 08:26:35.687","level":"INFO","thread":"restartedMain","logger":"org.springframework.security.config.annotation.authentication.configuration.InitializeAuthenticationProviderBeanManagerConfigurer$InitializeAuthenticationProviderManagerConfigurer","message":"Global AuthenticationManager configured with AuthenticationProvider bean with name authenticationProvider","context":"default"}
{"timestamp":"2024-07-03 08:26:35.688","level":"WARN","thread":"restartedMain","logger":"org.springframework.security.config.annotation.authentication.configuration.InitializeUserDetailsBeanManagerConfigurer$InitializeUserDetailsManagerConfigurer","message":"Global AuthenticationManager configured with an AuthenticationProvider bean. UserDetailsService beans will not be used for username/password login. Consider removing the AuthenticationProvider bean. Alternatively, consider using the UserDetailsService in a manually instantiated DaoAuthenticationProvider.","context":"default"}
{"timestamp":"2024-07-03 08:26:35.854","level":"WARN","thread":"restartedMain","logger":"org.springframework.boot.autoconfigure.orm.jpa.JpaBaseConfiguration$JpaWebConfiguration","message":"spring.jpa.open-in-view is enabled by default. Therefore, database queries may be performed during view rendering. Explicitly configure spring.jpa.open-in-view to disable this warning","context":"default"}
{"timestamp":"2024-07-03 08:26:36.196","level":"INFO","thread":"restartedMain","logger":"org.springframework.security.web.DefaultSecurityFilterChain","message":"Will secure any request with [org.springframework.security.web.session.DisableEncodeUrlFilter@560de4e0, org.springframework.security.web.context.request.async.WebAsyncManagerIntegrationFilter@274fb2d5, org.springframework.security.web.context.SecurityContextHolderFilter@472ed8c1, org.springframework.security.web.header.HeaderWriterFilter@62889432, org.springframework.security.web.authentication.logout.LogoutFilter@444ce0de, com.Synctec.Synctec.security.JwtAuthFilter$$SpringCGLIB$$0@20ac2f0f, org.springframework.security.web.savedrequest.RequestCacheAwareFilter@6dacba9c, org.springframework.security.web.servletapi.SecurityContextHolderAwareRequestFilter@8983a2b, org.springframework.security.web.authentication.AnonymousAuthenticationFilter@653ca1db, org.springframework.security.web.session.SessionManagementFilter@55cb6e9c, org.springframework.security.web.access.ExceptionTranslationFilter@5fb301e2, org.springframework.security.web.access.intercept.AuthorizationFilter@c8fb79b]","context":"default"}
{"timestamp":"2024-07-03 08:26:36.544","level":"INFO","thread":"restartedMain","logger":"org.springframework.boot.devtools.autoconfigure.OptionalLiveReloadServer","message":"LiveReload server is running on port 35729","context":"default"}
{"timestamp":"2024-07-03 08:26:36.568","level":"INFO","thread":"restartedMain","logger":"org.apache.coyote.http11.Http11NioProtocol","message":"Starting ProtocolHandler [\"http-nio-8085\"]","context":"default"}
{"timestamp":"2024-07-03 08:26:36.585","level":"INFO","thread":"restartedMain","logger":"org.springframework.boot.web.embedded.tomcat.TomcatWebServer","message":"Tomcat started on port 8085 (http) with context path '/'","context":"default"}
{"timestamp":"2024-07-03 08:26:36.594","level":"INFO","thread":"restartedMain","logger":"com.Synctec.Synctec.SynctecApplication","message":"Started SynctecApplication in 6.83 seconds (process running for 7.966)","context":"default"}
{"timestamp":"2024-07-03 08:27:32.481","level":"WARN","thread":"HikariPool-1 housekeeper","logger":"com.zaxxer.hikari.pool.HikariPool","message":"HikariPool-1 - Retrograde clock change detected (housekeeper delta=29s139ms), soft-evicting connections from pool.","context":"default"}
{"timestamp":"2024-07-03 08:27:37.364","level":"INFO","thread":"http-nio-8085-exec-1","logger":"org.apache.catalina.core.ContainerBase.[Tomcat].[localhost].[/]","message":"Initializing Spring DispatcherServlet 'dispatcherServlet'","context":"default"}
{"timestamp":"2024-07-03 08:27:37.364","level":"INFO","thread":"http-nio-8085-exec-1","logger":"org.springframework.web.servlet.DispatcherServlet","message":"Initializing Servlet 'dispatcherServlet'","context":"default"}
{"timestamp":"2024-07-03 08:27:37.375","level":"INFO","thread":"http-nio-8085-exec-1","logger":"org.springframework.web.servlet.DispatcherServlet","message":"Completed initialization in 10 ms","context":"default"}
{"timestamp":"2024-07-03 08:27:37.510","level":"INFO","thread":"http-nio-8085-exec-1","logger":"com.Synctec.Synctec.controllers.Auth.AuthController","message":"here to initiate the process:{}","context":"default"}
{"timestamp":"2024-07-03 08:27:37.515","level":"INFO","thread":"http-nio-8085-exec-1","logger":"com.Synctec.Synctec.service.impl.thirdpartyauth.ThirdPartyImpl","message":"This is the verifier:IXBf6gSp7Wag11SJpWjV59Wls_etkGmypUxg94W5k-I","context":"default"}
{"timestamp":"2024-07-03 08:27:37.516","level":"INFO","thread":"http-nio-8085-exec-1","logger":"com.Synctec.Synctec.service.impl.thirdpartyauth.ThirdPartyImpl","message":"This is the verifier:IXBf6gSp7Wag11SJpWjV59Wls_etkGmypUxg94W5k-I","context":"default"}
{"timestamp":"2024-07-03 08:27:51.995","level":"INFO","thread":"http-nio-8085-exec-3","logger":"com.Synctec.Synctec.controllers.Auth.AuthController","message":"here to verify the user:dE5LZmdURkotT1lPZnU1MGxsSlhNREVlc2hZMEVpdnBoRkNFSVdHcDhGdDAxOjE3MTk5OTE2NzAxNzM6MToxOmFjOjE","context":"default"}
{"timestamp":"2024-07-03 08:27:51.996","level":"INFO","thread":"http-nio-8085-exec-3","logger":"com.Synctec.Synctec.service.impl.thirdpartyauth.ThirdPartyImpl","message":"this is the authorization code:dE5LZmdURkotT1lPZnU1MGxsSlhNREVlc2hZMEVpdnBoRkNFSVdHcDhGdDAxOjE3MTk5OTE2NzAxNzM6MToxOmFjOjE","context":"default"}
{"timestamp":"2024-07-03 08:27:51.996","level":"INFO","thread":"http-nio-8085-exec-3","logger":"com.Synctec.Synctec.service.impl.thirdpartyauth.ThirdPartyImpl","message":"This is the verifier:IXBf6gSp7Wag11SJpWjV59Wls_etkGmypUxg94W5k-I","context":"default"}
{"timestamp":"2024-07-03 08:27:51.996","level":"INFO","thread":"http-nio-8085-exec-3","logger":"com.Synctec.Synctec.service.impl.thirdpartyauth.ThirdPartyImpl","message":"here to exchange the auth token for access token","context":"default"}
{"timestamp":"2024-07-03 08:27:51.996","level":"INFO","thread":"http-nio-8085-exec-3","logger":"com.Synctec.Synctec.service.impl.thirdpartyauth.ThirdPartyImpl","message":"This is the stored verifier:IXBf6gSp7Wag11SJpWjV59Wls_etkGmypUxg94W5k-I","context":"default"}
{"timestamp":"2024-07-03 08:27:51.996","level":"INFO","thread":"http-nio-8085-exec-3","logger":"com.Synctec.Synctec.service.impl.thirdpartyauth.ThirdPartyImpl","message":"This is the verifier:IXBf6gSp7Wag11SJpWjV59Wls_etkGmypUxg94W5k-I","context":"default"}
{"timestamp":"2024-07-03 08:27:51.998","level":"INFO","thread":"http-nio-8085-exec-3","logger":"com.Synctec.Synctec.service.impl.thirdpartyauth.ThirdPartyImpl","message":"This is the header sent to twitter + {grant_type=[authorization_code], code=[dE5LZmdURkotT1lPZnU1MGxsSlhNREVlc2hZMEVpdnBoRkNFSVdHcDhGdDAxOjE3MTk5OTE2NzAxNzM6MToxOmFjOjE], redirect_uri=[http://localhost:8085/api/v1/auth/verify-twitter], code_verifier=[IXBf6gSp7Wag11SJpWjV59Wls_etkGmypUxg94W5k-I]}","context":"default"}
{"timestamp":"2024-07-03 08:27:51.998","level":"INFO","thread":"http-nio-8085-exec-3","logger":"com.Synctec.Synctec.service.impl.thirdpartyauth.ThirdPartyImpl","message":"This is the requestEntity sent to twitter + <{grant_type=[authorization_code], code=[dE5LZmdURkotT1lPZnU1MGxsSlhNREVlc2hZMEVpdnBoRkNFSVdHcDhGdDAxOjE3MTk5OTE2NzAxNzM6MToxOmFjOjE], redirect_uri=[http://localhost:8085/api/v1/auth/verify-twitter], code_verifier=[IXBf6gSp7Wag11SJpWjV59Wls_etkGmypUxg94W5k-I]},[Content-Type:\"application/x-www-form-urlencoded\", Authorization:\"Basic VW5OMkxUQnpiWGhvYlhaWGNXMVROa2cyWlVZNk1UcGphUTpydmNyRF9CWFQ4bUt2UWZxV1RPOGw3b2MxM25aZmFfWkNDMHczcXR2ZUhWRlZWWEdKXw==\"]>","context":"default"}
{"timestamp":"2024-07-03 08:27:53.889","level":"INFO","thread":"http-nio-8085-exec-3","logger":"com.Synctec.Synctec.service.impl.thirdpartyauth.ThirdPartyImpl","message":"Raw response from Twitter: {\"token_type\":\"bearer\",\"expires_in\":7200,\"access_token\":\"RkpEX3NjMk9UTTFsc3J5QTluWUNJUWVMSC02cm54c1haTXUya2RYLXVUVkdYOjE3MTk5OTE2NzQ0OTg6MTowOmF0OjE\",\"scope\":\"users.read tweet.read offline.access\",\"refresh_token\":\"cHpzb1d3dUdPVWxfS2Y0UlRMWTFraHFwRFRYYXJhbFdwSzY3SVBHNkQ3UDRLOjE3MTk5OTE2NzQ0OTg6MToxOnJ0OjE\"}","context":"default"}
{"timestamp":"2024-07-03 08:27:53.938","level":"INFO","thread":"http-nio-8085-exec-3","logger":"com.Synctec.Synctec.service.impl.thirdpartyauth.ThirdPartyImpl","message":"This is the token response:TwitterTokenResponse(token_type=bearer, expires_in=7200, access_token=RkpEX3NjMk9UTTFsc3J5QTluWUNJUWVMSC02cm54c1haTXUya2RYLXVUVkdYOjE3MTk5OTE2NzQ0OTg6MTowOmF0OjE, scope=users.read tweet.read offline.access, refresh_token=cHpzb1d3dUdPVWxfS2Y0UlRMWTFraHFwRFRYYXJhbFdwSzY3SVBHNkQ3UDRLOjE3MTk5OTE2NzQ0OTg6MToxOnJ0OjE)","context":"default"}
{"timestamp":"2024-07-03 08:27:53.942","level":"INFO","thread":"http-nio-8085-exec-3","logger":"com.Synctec.Synctec.service.impl.thirdpartyauth.ThirdPartyImpl","message":"This is the access token: RkpEX3NjMk9UTTFsc3J5QTluWUNJUWVMSC02cm54c1haTXUya2RYLXVUVkdYOjE3MTk5OTE2NzQ0OTg6MTowOmF0OjE","context":"default"}
{"timestamp":"2024-07-03 08:27:53.942","level":"INFO","thread":"http-nio-8085-exec-3","logger":"com.Synctec.Synctec.service.impl.thirdpartyauth.ThirdPartyImpl","message":"Authorization header: [Bearer RkpEX3NjMk9UTTFsc3J5QTluWUNJUWVMSC02cm54c1haTXUya2RYLXVUVkdYOjE3MTk5OTE2NzQ0OTg6MTowOmF0OjE]","context":"default"}
{"timestamp":"2024-07-03 08:27:54.257","level":"INFO","thread":"http-nio-8085-exec-3","logger":"com.Synctec.Synctec.service.impl.thirdpartyauth.ThirdPartyImpl","message":"Raw response from Twitter user info endpoint: {\"data\":{\"id\":\"1317222763371823105\",\"name\":\"ManlikeDave $BEYOND\",\"username\":\"HeyitzDavve\"}}","context":"default"}
{"timestamp":"2024-07-03 08:27:54.262","level":"INFO","thread":"http-nio-8085-exec-3","logger":"com.Synctec.Synctec.service.impl.thirdpartyauth.ThirdPartyImpl","message":"This is the email: ","context":"default"}
{"timestamp":"2024-07-03 08:27:54.262","level":"INFO","thread":"http-nio-8085-exec-3","logger":"com.Synctec.Synctec.service.impl.thirdpartyauth.ThirdPartyImpl","message":"This is the name: ","context":"default"}
{"timestamp":"2024-07-03 08:27:54.262","level":"INFO","thread":"http-nio-8085-exec-3","logger":"com.Synctec.Synctec.service.impl.thirdpartyauth.ThirdPartyImpl","message":"This is the twitterId: ","context":"default"}
{"timestamp":"2024-07-03 08:27:55.778","level":"ERROR","thread":"http-nio-8085-exec-4","logger":"com.Synctec.Synctec.security.JwtAuthFilter$$SpringCGLIB$$0","message":"Invalid token","context":"default"}
{"timestamp":"2024-07-03 08:29:07.997","level":"INFO","thread":"SpringApplicationShutdownHook","logger":"org.springframework.orm.jpa.LocalContainerEntityManagerFactoryBean","message":"Closing JPA EntityManagerFactory for persistence unit 'default'","context":"default"}
{"timestamp":"2024-07-03 08:29:08.040","level":"INFO","thread":"SpringApplicationShutdownHook","logger":"com.zaxxer.hikari.HikariDataSource","message":"HikariPool-1 - Shutdown initiated...","context":"default"}
{"timestamp":"2024-07-03 08:29:08.047","level":"INFO","thread":"SpringApplicationShutdownHook","logger":"com.zaxxer.hikari.HikariDataSource","message":"HikariPool-1 - Shutdown completed.","context":"default"}
{"timestamp":"2024-07-03 08:29:14.912","level":"INFO","thread":"background-preinit","logger":"org.hibernate.validator.internal.util.Version","message":"HV000001: Hibernate Validator 8.0.1.Final","context":"default"}
{"timestamp":"2024-07-03 08:29:14.944","level":"INFO","thread":"restartedMain","logger":"com.Synctec.Synctec.SynctecApplication","message":"Starting SynctecApplication using Java 22.0.1 with PID 78032 (/Users/macbook/Desktop/syntec/Synctec_Endpoint/target/classes started by macbook in /Users/macbook/Desktop/syntec/Synctec_Endpoint)","context":"default"}
{"timestamp":"2024-07-03 08:29:14.945","level":"INFO","thread":"restartedMain","logger":"com.Synctec.Synctec.SynctecApplication","message":"The following 1 profile is active: \"dev\"","context":"default"}
{"timestamp":"2024-07-03 08:29:14.986","level":"INFO","thread":"restartedMain","logger":"org.springframework.boot.devtools.env.DevToolsPropertyDefaultsPostProcessor","message":"Devtools property defaults active! Set 'spring.devtools.add-properties' to 'false' to disable","context":"default"}
{"timestamp":"2024-07-03 08:29:14.986","level":"INFO","thread":"restartedMain","logger":"org.springframework.boot.devtools.env.DevToolsPropertyDefaultsPostProcessor","message":"For additional web related logging consider setting the 'logging.level.web' property to 'DEBUG'","context":"default"}
{"timestamp":"2024-07-03 08:29:15.708","level":"INFO","thread":"restartedMain","logger":"org.springframework.data.repository.config.RepositoryConfigurationDelegate","message":"Bootstrapping Spring Data JPA repositories in DEFAULT mode.","context":"default"}
{"timestamp":"2024-07-03 08:29:15.773","level":"INFO","thread":"restartedMain","logger":"org.springframework.data.repository.config.RepositoryConfigurationDelegate","message":"Finished Spring Data repository scanning in 56 ms. Found 3 JPA repository interfaces.","context":"default"}
{"timestamp":"2024-07-03 08:29:16.275","level":"INFO","thread":"restartedMain","logger":"org.springframework.boot.web.embedded.tomcat.TomcatWebServer","message":"Tomcat initialized with port 8085 (http)","context":"default"}
{"timestamp":"2024-07-03 08:29:16.285","level":"INFO","thread":"restartedMain","logger":"org.apache.coyote.http11.Http11NioProtocol","message":"Initializing ProtocolHandler [\"http-nio-8085\"]","context":"default"}
{"timestamp":"2024-07-03 08:29:16.286","level":"INFO","thread":"restartedMain","logger":"org.apache.catalina.core.StandardService","message":"Starting service [Tomcat]","context":"default"}
{"timestamp":"2024-07-03 08:29:16.287","level":"INFO","thread":"restartedMain","logger":"org.apache.catalina.core.StandardEngine","message":"Starting Servlet engine: [Apache Tomcat/10.1.24]","context":"default"}
{"timestamp":"2024-07-03 08:29:16.322","level":"INFO","thread":"restartedMain","logger":"org.apache.catalina.core.ContainerBase.[Tomcat].[localhost].[/]","message":"Initializing Spring embedded WebApplicationContext","context":"default"}
{"timestamp":"2024-07-03 08:29:16.322","level":"INFO","thread":"restartedMain","logger":"org.springframework.boot.web.servlet.context.ServletWebServerApplicationContext","message":"Root WebApplicationContext: initialization completed in 1335 ms","context":"default"}
{"timestamp":"2024-07-03 08:29:16.438","level":"INFO","thread":"restartedMain","logger":"org.hibernate.jpa.internal.util.LogHelper","message":"HHH000204: Processing PersistenceUnitInfo [name: default]","context":"default"}
{"timestamp":"2024-07-03 08:29:16.506","level":"INFO","thread":"restartedMain","logger":"org.hibernate.Version","message":"HHH000412: Hibernate ORM core version 6.5.2.Final","context":"default"}
{"timestamp":"2024-07-03 08:29:16.537","level":"INFO","thread":"restartedMain","logger":"org.hibernate.cache.internal.RegionFactoryInitiator","message":"HHH000026: Second-level cache disabled","context":"default"}
{"timestamp":"2024-07-03 08:29:16.811","level":"INFO","thread":"restartedMain","logger":"org.springframework.orm.jpa.persistenceunit.SpringPersistenceUnitInfo","message":"No LoadTimeWeaver setup: ignoring JPA class transformer","context":"default"}
{"timestamp":"2024-07-03 08:29:16.837","level":"INFO","thread":"restartedMain","logger":"com.zaxxer.hikari.HikariDataSource","message":"HikariPool-1 - Starting...","context":"default"}
{"timestamp":"2024-07-03 08:29:16.927","level":"INFO","thread":"restartedMain","logger":"com.zaxxer.hikari.pool.HikariPool","message":"HikariPool-1 - Added connection org.postgresql.jdbc.PgConnection@4254a723","context":"default"}
{"timestamp":"2024-07-03 08:29:16.928","level":"INFO","thread":"restartedMain","logger":"com.zaxxer.hikari.HikariDataSource","message":"HikariPool-1 - Start completed.","context":"default"}
{"timestamp":"2024-07-03 08:29:16.960","level":"WARN","thread":"restartedMain","logger":"org.hibernate.orm.deprecation","message":"HHH90000025: PostgreSQLDialect does not need to be specified explicitly using 'hibernate.dialect' (remove the property setting and it will be selected by default)","context":"default"}
{"timestamp":"2024-07-03 08:29:17.915","level":"INFO","thread":"restartedMain","logger":"org.hibernate.engine.transaction.jta.platform.internal.JtaPlatformInitiator","message":"HHH000489: No JTA platform available (set 'hibernate.transaction.jta.platform' to enable JTA platform integration)","context":"default"}
{"timestamp":"2024-07-03 08:29:17.936","level":"WARN","thread":"restartedMain","logger":"org.hibernate.engine.jdbc.spi.SqlExceptionHelper","message":"SQL Warning Code: 0, SQLState: 00000","context":"default"}
{"timestamp":"2024-07-03 08:29:17.936","level":"WARN","thread":"restartedMain","logger":"org.hibernate.engine.jdbc.spi.SqlExceptionHelper","message":"relation \"community\" does not exist, skipping","context":"default"}
{"timestamp":"2024-07-03 08:29:17.937","level":"WARN","thread":"restartedMain","logger":"org.hibernate.engine.jdbc.spi.SqlExceptionHelper","message":"SQL Warning Code: 0, SQLState: 00000","context":"default"}
{"timestamp":"2024-07-03 08:29:17.937","level":"WARN","thread":"restartedMain","logger":"org.hibernate.engine.jdbc.spi.SqlExceptionHelper","message":"relation \"user_community\" does not exist, skipping","context":"default"}
{"timestamp":"2024-07-03 08:29:17.938","level":"WARN","thread":"restartedMain","logger":"org.hibernate.engine.jdbc.spi.SqlExceptionHelper","message":"SQL Warning Code: 0, SQLState: 00000","context":"default"}
{"timestamp":"2024-07-03 08:29:17.938","level":"WARN","thread":"restartedMain","logger":"org.hibernate.engine.jdbc.spi.SqlExceptionHelper","message":"relation \"user_community\" does not exist, skipping","context":"default"}
{"timestamp":"2024-07-03 08:29:17.938","level":"WARN","thread":"restartedMain","logger":"org.hibernate.engine.jdbc.spi.SqlExceptionHelper","message":"SQL Warning Code: 0, SQLState: 00000","context":"default"}
{"timestamp":"2024-07-03 08:29:17.938","level":"WARN","thread":"restartedMain","logger":"org.hibernate.engine.jdbc.spi.SqlExceptionHelper","message":"relation \"verifcation_token\" does not exist, skipping","context":"default"}
{"timestamp":"2024-07-03 08:29:17.939","level":"WARN","thread":"restartedMain","logger":"org.hibernate.engine.jdbc.spi.SqlExceptionHelper","message":"SQL Warning Code: 0, SQLState: 00000","context":"default"}
{"timestamp":"2024-07-03 08:29:17.939","level":"WARN","thread":"restartedMain","logger":"org.hibernate.engine.jdbc.spi.SqlExceptionHelper","message":"table \"community\" does not exist, skipping","context":"default"}
{"timestamp":"2024-07-03 08:29:17.940","level":"WARN","thread":"restartedMain","logger":"org.hibernate.engine.jdbc.spi.SqlExceptionHelper","message":"SQL Warning Code: 0, SQLState: 00000","context":"default"}
{"timestamp":"2024-07-03 08:29:17.940","level":"WARN","thread":"restartedMain","logger":"org.hibernate.engine.jdbc.spi.SqlExceptionHelper","message":"table \"user_community\" does not exist, skipping","context":"default"}
{"timestamp":"2024-07-03 08:29:17.940","level":"WARN","thread":"restartedMain","logger":"org.hibernate.engine.jdbc.spi.SqlExceptionHelper","message":"SQL Warning Code: 0, SQLState: 00000","context":"default"}
{"timestamp":"2024-07-03 08:29:17.940","level":"WARN","thread":"restartedMain","logger":"org.hibernate.engine.jdbc.spi.SqlExceptionHelper","message":"table \"users\" does not exist, skipping","context":"default"}
{"timestamp":"2024-07-03 08:29:17.941","level":"WARN","thread":"restartedMain","logger":"org.hibernate.engine.jdbc.spi.SqlExceptionHelper","message":"SQL Warning Code: 0, SQLState: 00000","context":"default"}
{"timestamp":"2024-07-03 08:29:17.941","level":"WARN","thread":"restartedMain","logger":"org.hibernate.engine.jdbc.spi.SqlExceptionHelper","message":"table \"verifcation_token\" does not exist, skipping","context":"default"}
{"timestamp":"2024-07-03 08:29:17.974","level":"INFO","thread":"restartedMain","logger":"org.springframework.orm.jpa.LocalContainerEntityManagerFactoryBean","message":"Initialized JPA EntityManagerFactory for persistence unit 'default'","context":"default"}
{"timestamp":"2024-07-03 08:29:18.366","level":"INFO","thread":"restartedMain","logger":"org.springframework.security.config.annotation.authentication.configuration.InitializeAuthenticationProviderBeanManagerConfigurer$InitializeAuthenticationProviderManagerConfigurer","message":"Global AuthenticationManager configured with AuthenticationProvider bean with name authenticationProvider","context":"default"}
{"timestamp":"2024-07-03 08:29:18.367","level":"WARN","thread":"restartedMain","logger":"org.springframework.security.config.annotation.authentication.configuration.InitializeUserDetailsBeanManagerConfigurer$InitializeUserDetailsManagerConfigurer","message":"Global AuthenticationManager configured with an AuthenticationProvider bean. UserDetailsService beans will not be used for username/password login. Consider removing the AuthenticationProvider bean. Alternatively, consider using the UserDetailsService in a manually instantiated DaoAuthenticationProvider.","context":"default"}
{"timestamp":"2024-07-03 08:29:18.479","level":"WARN","thread":"restartedMain","logger":"org.springframework.boot.autoconfigure.orm.jpa.JpaBaseConfiguration$JpaWebConfiguration","message":"spring.jpa.open-in-view is enabled by default. Therefore, database queries may be performed during view rendering. Explicitly configure spring.jpa.open-in-view to disable this warning","context":"default"}
{"timestamp":"2024-07-03 08:29:18.697","level":"INFO","thread":"restartedMain","logger":"org.springframework.security.web.DefaultSecurityFilterChain","message":"Will secure any request with [org.springframework.security.web.session.DisableEncodeUrlFilter@4798e308, org.springframework.security.web.context.request.async.WebAsyncManagerIntegrationFilter@dd4d8fc, org.springframework.security.web.context.SecurityContextHolderFilter@7d8d8b95, org.springframework.security.web.header.HeaderWriterFilter@33e14082, org.springframework.security.web.authentication.logout.LogoutFilter@6ca24682, com.Synctec.Synctec.security.JwtAuthFilter$$SpringCGLIB$$0@4695d9ae, org.springframework.security.web.savedrequest.RequestCacheAwareFilter@2bb0091c, org.springframework.security.web.servletapi.SecurityContextHolderAwareRequestFilter@36683445, org.springframework.security.web.authentication.AnonymousAuthenticationFilter@55f3c4ba, org.springframework.security.web.session.SessionManagementFilter@37df8300, org.springframework.security.web.access.ExceptionTranslationFilter@5b8ba82e, org.springframework.security.web.access.intercept.AuthorizationFilter@13ab25b2]","context":"default"}
{"timestamp":"2024-07-03 08:29:18.909","level":"INFO","thread":"restartedMain","logger":"org.springframework.boot.devtools.autoconfigure.OptionalLiveReloadServer","message":"LiveReload server is running on port 35729","context":"default"}
{"timestamp":"2024-07-03 08:29:18.923","level":"INFO","thread":"restartedMain","logger":"org.apache.coyote.http11.Http11NioProtocol","message":"Starting ProtocolHandler [\"http-nio-8085\"]","context":"default"}
{"timestamp":"2024-07-03 08:29:18.931","level":"INFO","thread":"restartedMain","logger":"org.springframework.boot.web.embedded.tomcat.TomcatWebServer","message":"Tomcat started on port 8085 (http) with context path '/'","context":"default"}
{"timestamp":"2024-07-03 08:29:18.937","level":"INFO","thread":"restartedMain","logger":"com.Synctec.Synctec.SynctecApplication","message":"Started SynctecApplication in 4.363 seconds (process running for 5.559)","context":"default"}
{"timestamp":"2024-07-03 08:29:22.935","level":"INFO","thread":"http-nio-8085-exec-1","logger":"org.apache.catalina.core.ContainerBase.[Tomcat].[localhost].[/]","message":"Initializing Spring DispatcherServlet 'dispatcherServlet'","context":"default"}
{"timestamp":"2024-07-03 08:29:22.936","level":"INFO","thread":"http-nio-8085-exec-1","logger":"org.springframework.web.servlet.DispatcherServlet","message":"Initializing Servlet 'dispatcherServlet'","context":"default"}
{"timestamp":"2024-07-03 08:29:22.937","level":"INFO","thread":"http-nio-8085-exec-1","logger":"org.springframework.web.servlet.DispatcherServlet","message":"Completed initialization in 1 ms","context":"default"}
{"timestamp":"2024-07-03 08:29:22.969","level":"INFO","thread":"http-nio-8085-exec-1","logger":"com.Synctec.Synctec.controllers.Auth.AuthController","message":"here to initiate the process:{}","context":"default"}
{"timestamp":"2024-07-03 08:29:22.970","level":"INFO","thread":"http-nio-8085-exec-1","logger":"com.Synctec.Synctec.service.impl.thirdpartyauth.ThirdPartyImpl","message":"This is the verifier:Vx4jhtpFJ0tPk1ikyIXeNEdgO3NVerhU0_8OIw7ny8U","context":"default"}
{"timestamp":"2024-07-03 08:29:22.970","level":"INFO","thread":"http-nio-8085-exec-1","logger":"com.Synctec.Synctec.service.impl.thirdpartyauth.ThirdPartyImpl","message":"This is the verifier:Vx4jhtpFJ0tPk1ikyIXeNEdgO3NVerhU0_8OIw7ny8U","context":"default"}
{"timestamp":"2024-07-03 08:29:31.120","level":"INFO","thread":"http-nio-8085-exec-3","logger":"com.Synctec.Synctec.controllers.Auth.AuthController","message":"here to verify the user:bXpUZllwVk5TckdCUG5IeHpJd0wxUW5IdU9GdC1uc21uaDBXbjhxdDlhVWtfOjE3MTk5OTE3Njk3ODY6MTowOmFjOjE","context":"default"}
{"timestamp":"2024-07-03 08:29:31.120","level":"INFO","thread":"http-nio-8085-exec-3","logger":"com.Synctec.Synctec.service.impl.thirdpartyauth.ThirdPartyImpl","message":"this is the authorization code:bXpUZllwVk5TckdCUG5IeHpJd0wxUW5IdU9GdC1uc21uaDBXbjhxdDlhVWtfOjE3MTk5OTE3Njk3ODY6MTowOmFjOjE","context":"default"}
{"timestamp":"2024-07-03 08:29:31.120","level":"INFO","thread":"http-nio-8085-exec-3","logger":"com.Synctec.Synctec.service.impl.thirdpartyauth.ThirdPartyImpl","message":"This is the verifier:Vx4jhtpFJ0tPk1ikyIXeNEdgO3NVerhU0_8OIw7ny8U","context":"default"}
{"timestamp":"2024-07-03 08:29:31.121","level":"INFO","thread":"http-nio-8085-exec-3","logger":"com.Synctec.Synctec.service.impl.thirdpartyauth.ThirdPartyImpl","message":"here to exchange the auth token for access token","context":"default"}
{"timestamp":"2024-07-03 08:29:31.121","level":"INFO","thread":"http-nio-8085-exec-3","logger":"com.Synctec.Synctec.service.impl.thirdpartyauth.ThirdPartyImpl","message":"This is the stored verifier:Vx4jhtpFJ0tPk1ikyIXeNEdgO3NVerhU0_8OIw7ny8U","context":"default"}
{"timestamp":"2024-07-03 08:29:31.121","level":"INFO","thread":"http-nio-8085-exec-3","logger":"com.Synctec.Synctec.service.impl.thirdpartyauth.ThirdPartyImpl","message":"This is the verifier:Vx4jhtpFJ0tPk1ikyIXeNEdgO3NVerhU0_8OIw7ny8U","context":"default"}
{"timestamp":"2024-07-03 08:29:31.122","level":"INFO","thread":"http-nio-8085-exec-3","logger":"com.Synctec.Synctec.service.impl.thirdpartyauth.ThirdPartyImpl","message":"This is the header sent to twitter + {grant_type=[authorization_code], code=[bXpUZllwVk5TckdCUG5IeHpJd0wxUW5IdU9GdC1uc21uaDBXbjhxdDlhVWtfOjE3MTk5OTE3Njk3ODY6MTowOmFjOjE], redirect_uri=[http://localhost:8085/api/v1/auth/verify-twitter], code_verifier=[Vx4jhtpFJ0tPk1ikyIXeNEdgO3NVerhU0_8OIw7ny8U]}","context":"default"}
{"timestamp":"2024-07-03 08:29:31.123","level":"INFO","thread":"http-nio-8085-exec-3","logger":"com.Synctec.Synctec.service.impl.thirdpartyauth.ThirdPartyImpl","message":"This is the requestEntity sent to twitter + <{grant_type=[authorization_code], code=[bXpUZllwVk5TckdCUG5IeHpJd0wxUW5IdU9GdC1uc21uaDBXbjhxdDlhVWtfOjE3MTk5OTE3Njk3ODY6MTowOmFjOjE], redirect_uri=[http://localhost:8085/api/v1/auth/verify-twitter], code_verifier=[Vx4jhtpFJ0tPk1ikyIXeNEdgO3NVerhU0_8OIw7ny8U]},[Content-Type:\"application/x-www-form-urlencoded\", Authorization:\"Basic VW5OMkxUQnpiWGhvYlhaWGNXMVROa2cyWlVZNk1UcGphUTpydmNyRF9CWFQ4bUt2UWZxV1RPOGw3b2MxM25aZmFfWkNDMHczcXR2ZUhWRlZWWEdKXw==\"]>","context":"default"}
{"timestamp":"2024-07-03 08:29:32.233","level":"INFO","thread":"http-nio-8085-exec-3","logger":"com.Synctec.Synctec.service.impl.thirdpartyauth.ThirdPartyImpl","message":"Raw response from Twitter: {\"token_type\":\"bearer\",\"expires_in\":7200,\"access_token\":\"b3ZpVE1zbFppQ1l3NFVxUTY0WlVLMVdBaVVNYUhhd2x3aUUxREg2UXd4bXd1OjE3MTk5OTE3NzI4NzM6MToxOmF0OjE\",\"scope\":\"users.read tweet.read offline.access\",\"refresh_token\":\"S3JNYy0wUDF6NWVlU1ExMVlSQVVDeGxmWEZ3RWI5ZS0zUkxYVDlaZWtjNTI2OjE3MTk5OTE3NzI4NzM6MTowOnJ0OjE\"}","context":"default"}
{"timestamp":"2024-07-03 08:29:32.273","level":"INFO","thread":"http-nio-8085-exec-3","logger":"com.Synctec.Synctec.service.impl.thirdpartyauth.ThirdPartyImpl","message":"This is the token response:TwitterTokenResponse(token_type=bearer, expires_in=7200, access_token=b3ZpVE1zbFppQ1l3NFVxUTY0WlVLMVdBaVVNYUhhd2x3aUUxREg2UXd4bXd1OjE3MTk5OTE3NzI4NzM6MToxOmF0OjE, scope=users.read tweet.read offline.access, refresh_token=S3JNYy0wUDF6NWVlU1ExMVlSQVVDeGxmWEZ3RWI5ZS0zUkxYVDlaZWtjNTI2OjE3MTk5OTE3NzI4NzM6MTowOnJ0OjE)","context":"default"}
{"timestamp":"2024-07-03 08:29:32.276","level":"INFO","thread":"http-nio-8085-exec-3","logger":"com.Synctec.Synctec.service.impl.thirdpartyauth.ThirdPartyImpl","message":"This is the access token: b3ZpVE1zbFppQ1l3NFVxUTY0WlVLMVdBaVVNYUhhd2x3aUUxREg2UXd4bXd1OjE3MTk5OTE3NzI4NzM6MToxOmF0OjE","context":"default"}
{"timestamp":"2024-07-03 08:29:32.276","level":"INFO","thread":"http-nio-8085-exec-3","logger":"com.Synctec.Synctec.service.impl.thirdpartyauth.ThirdPartyImpl","message":"Authorization header: [Bearer b3ZpVE1zbFppQ1l3NFVxUTY0WlVLMVdBaVVNYUhhd2x3aUUxREg2UXd4bXd1OjE3MTk5OTE3NzI4NzM6MToxOmF0OjE]","context":"default"}
{"timestamp":"2024-07-03 08:29:32.611","level":"INFO","thread":"http-nio-8085-exec-3","logger":"com.Synctec.Synctec.service.impl.thirdpartyauth.ThirdPartyImpl","message":"Raw response from Twitter user info endpoint: {\"data\":{\"id\":\"1317222763371823105\",\"name\":\"ManlikeDave $BEYOND\",\"username\":\"HeyitzDavve\"}}","context":"default"}
{"timestamp":"2024-07-03 08:29:32.613","level":"INFO","thread":"http-nio-8085-exec-3","logger":"com.Synctec.Synctec.service.impl.thirdpartyauth.ThirdPartyImpl","message":"this is the raw  body:{\"data\":{\"id\":\"1317222763371823105\",\"name\":\"ManlikeDave $BEYOND\",\"username\":\"HeyitzDavve\"}}","context":"default"}
{"timestamp":"2024-07-03 08:29:32.614","level":"INFO","thread":"http-nio-8085-exec-3","logger":"com.Synctec.Synctec.service.impl.thirdpartyauth.ThirdPartyImpl","message":"This is the email: ","context":"default"}
{"timestamp":"2024-07-03 08:29:32.614","level":"INFO","thread":"http-nio-8085-exec-3","logger":"com.Synctec.Synctec.service.impl.thirdpartyauth.ThirdPartyImpl","message":"This is the name: ","context":"default"}
{"timestamp":"2024-07-03 08:29:32.614","level":"INFO","thread":"http-nio-8085-exec-3","logger":"com.Synctec.Synctec.service.impl.thirdpartyauth.ThirdPartyImpl","message":"This is the twitterId: ","context":"default"}
{"timestamp":"2024-07-03 08:29:33.741","level":"ERROR","thread":"http-nio-8085-exec-4","logger":"com.Synctec.Synctec.security.JwtAuthFilter$$SpringCGLIB$$0","message":"Invalid token","context":"default"}
{"timestamp":"2024-07-03 08:33:52.789","level":"INFO","thread":"SpringApplicationShutdownHook","logger":"org.springframework.orm.jpa.LocalContainerEntityManagerFactoryBean","message":"Closing JPA EntityManagerFactory for persistence unit 'default'","context":"default"}
{"timestamp":"2024-07-03 08:33:52.852","level":"INFO","thread":"SpringApplicationShutdownHook","logger":"com.zaxxer.hikari.HikariDataSource","message":"HikariPool-1 - Shutdown initiated...","context":"default"}
{"timestamp":"2024-07-03 08:33:52.856","level":"INFO","thread":"SpringApplicationShutdownHook","logger":"com.zaxxer.hikari.HikariDataSource","message":"HikariPool-1 - Shutdown completed.","context":"default"}
{"timestamp":"2024-07-03 08:35:51.073","level":"INFO","thread":"background-preinit","logger":"org.hibernate.validator.internal.util.Version","message":"HV000001: Hibernate Validator 8.0.1.Final","context":"default"}
{"timestamp":"2024-07-03 08:35:51.100","level":"INFO","thread":"restartedMain","logger":"com.Synctec.Synctec.SynctecApplication","message":"Starting SynctecApplication using Java 22.0.1 with PID 78179 (/Users/macbook/Desktop/syntec/Synctec_Endpoint/target/classes started by macbook in /Users/macbook/Desktop/syntec/Synctec_Endpoint)","context":"default"}
{"timestamp":"2024-07-03 08:35:51.102","level":"INFO","thread":"restartedMain","logger":"com.Synctec.Synctec.SynctecApplication","message":"The following 1 profile is active: \"dev\"","context":"default"}
{"timestamp":"2024-07-03 08:35:51.146","level":"INFO","thread":"restartedMain","logger":"org.springframework.boot.devtools.env.DevToolsPropertyDefaultsPostProcessor","message":"Devtools property defaults active! Set 'spring.devtools.add-properties' to 'false' to disable","context":"default"}
{"timestamp":"2024-07-03 08:35:51.147","level":"INFO","thread":"restartedMain","logger":"org.springframework.boot.devtools.env.DevToolsPropertyDefaultsPostProcessor","message":"For additional web related logging consider setting the 'logging.level.web' property to 'DEBUG'","context":"default"}
{"timestamp":"2024-07-03 08:35:51.764","level":"INFO","thread":"restartedMain","logger":"org.springframework.data.repository.config.RepositoryConfigurationDelegate","message":"Bootstrapping Spring Data JPA repositories in DEFAULT mode.","context":"default"}
{"timestamp":"2024-07-03 08:35:51.821","level":"INFO","thread":"restartedMain","logger":"org.springframework.data.repository.config.RepositoryConfigurationDelegate","message":"Finished Spring Data repository scanning in 49 ms. Found 3 JPA repository interfaces.","context":"default"}
{"timestamp":"2024-07-03 08:35:52.310","level":"INFO","thread":"restartedMain","logger":"org.springframework.boot.web.embedded.tomcat.TomcatWebServer","message":"Tomcat initialized with port 8085 (http)","context":"default"}
{"timestamp":"2024-07-03 08:35:52.321","level":"INFO","thread":"restartedMain","logger":"org.apache.coyote.http11.Http11NioProtocol","message":"Initializing ProtocolHandler [\"http-nio-8085\"]","context":"default"}
{"timestamp":"2024-07-03 08:35:52.322","level":"INFO","thread":"restartedMain","logger":"org.apache.catalina.core.StandardService","message":"Starting service [Tomcat]","context":"default"}
{"timestamp":"2024-07-03 08:35:52.322","level":"INFO","thread":"restartedMain","logger":"org.apache.catalina.core.StandardEngine","message":"Starting Servlet engine: [Apache Tomcat/10.1.24]","context":"default"}
{"timestamp":"2024-07-03 08:35:52.361","level":"INFO","thread":"restartedMain","logger":"org.apache.catalina.core.ContainerBase.[Tomcat].[localhost].[/]","message":"Initializing Spring embedded WebApplicationContext","context":"default"}
{"timestamp":"2024-07-03 08:35:52.362","level":"INFO","thread":"restartedMain","logger":"org.springframework.boot.web.servlet.context.ServletWebServerApplicationContext","message":"Root WebApplicationContext: initialization completed in 1215 ms","context":"default"}
{"timestamp":"2024-07-03 08:35:52.481","level":"INFO","thread":"restartedMain","logger":"org.hibernate.jpa.internal.util.LogHelper","message":"HHH000204: Processing PersistenceUnitInfo [name: default]","context":"default"}
{"timestamp":"2024-07-03 08:35:52.555","level":"INFO","thread":"restartedMain","logger":"org.hibernate.Version","message":"HHH000412: Hibernate ORM core version 6.5.2.Final","context":"default"}
{"timestamp":"2024-07-03 08:35:52.586","level":"INFO","thread":"restartedMain","logger":"org.hibernate.cache.internal.RegionFactoryInitiator","message":"HHH000026: Second-level cache disabled","context":"default"}
{"timestamp":"2024-07-03 08:35:52.853","level":"INFO","thread":"restartedMain","logger":"org.springframework.orm.jpa.persistenceunit.SpringPersistenceUnitInfo","message":"No LoadTimeWeaver setup: ignoring JPA class transformer","context":"default"}
{"timestamp":"2024-07-03 08:35:52.880","level":"INFO","thread":"restartedMain","logger":"com.zaxxer.hikari.HikariDataSource","message":"HikariPool-1 - Starting...","context":"default"}
{"timestamp":"2024-07-03 08:35:52.966","level":"INFO","thread":"restartedMain","logger":"com.zaxxer.hikari.pool.HikariPool","message":"HikariPool-1 - Added connection org.postgresql.jdbc.PgConnection@137074c3","context":"default"}
{"timestamp":"2024-07-03 08:35:52.967","level":"INFO","thread":"restartedMain","logger":"com.zaxxer.hikari.HikariDataSource","message":"HikariPool-1 - Start completed.","context":"default"}
{"timestamp":"2024-07-03 08:35:53.001","level":"WARN","thread":"restartedMain","logger":"org.hibernate.orm.deprecation","message":"HHH90000025: PostgreSQLDialect does not need to be specified explicitly using 'hibernate.dialect' (remove the property setting and it will be selected by default)","context":"default"}
{"timestamp":"2024-07-03 08:35:53.934","level":"INFO","thread":"restartedMain","logger":"org.hibernate.engine.transaction.jta.platform.internal.JtaPlatformInitiator","message":"HHH000489: No JTA platform available (set 'hibernate.transaction.jta.platform' to enable JTA platform integration)","context":"default"}
{"timestamp":"2024-07-03 08:35:53.953","level":"WARN","thread":"restartedMain","logger":"org.hibernate.engine.jdbc.spi.SqlExceptionHelper","message":"SQL Warning Code: 0, SQLState: 00000","context":"default"}
{"timestamp":"2024-07-03 08:35:53.953","level":"WARN","thread":"restartedMain","logger":"org.hibernate.engine.jdbc.spi.SqlExceptionHelper","message":"relation \"community\" does not exist, skipping","context":"default"}
{"timestamp":"2024-07-03 08:35:53.954","level":"WARN","thread":"restartedMain","logger":"org.hibernate.engine.jdbc.spi.SqlExceptionHelper","message":"SQL Warning Code: 0, SQLState: 00000","context":"default"}
{"timestamp":"2024-07-03 08:35:53.954","level":"WARN","thread":"restartedMain","logger":"org.hibernate.engine.jdbc.spi.SqlExceptionHelper","message":"relation \"user_community\" does not exist, skipping","context":"default"}
{"timestamp":"2024-07-03 08:35:53.954","level":"WARN","thread":"restartedMain","logger":"org.hibernate.engine.jdbc.spi.SqlExceptionHelper","message":"SQL Warning Code: 0, SQLState: 00000","context":"default"}
{"timestamp":"2024-07-03 08:35:53.955","level":"WARN","thread":"restartedMain","logger":"org.hibernate.engine.jdbc.spi.SqlExceptionHelper","message":"relation \"user_community\" does not exist, skipping","context":"default"}
{"timestamp":"2024-07-03 08:35:53.955","level":"WARN","thread":"restartedMain","logger":"org.hibernate.engine.jdbc.spi.SqlExceptionHelper","message":"SQL Warning Code: 0, SQLState: 00000","context":"default"}
{"timestamp":"2024-07-03 08:35:53.955","level":"WARN","thread":"restartedMain","logger":"org.hibernate.engine.jdbc.spi.SqlExceptionHelper","message":"relation \"verifcation_token\" does not exist, skipping","context":"default"}
{"timestamp":"2024-07-03 08:35:53.956","level":"WARN","thread":"restartedMain","logger":"org.hibernate.engine.jdbc.spi.SqlExceptionHelper","message":"SQL Warning Code: 0, SQLState: 00000","context":"default"}
{"timestamp":"2024-07-03 08:35:53.956","level":"WARN","thread":"restartedMain","logger":"org.hibernate.engine.jdbc.spi.SqlExceptionHelper","message":"table \"community\" does not exist, skipping","context":"default"}
{"timestamp":"2024-07-03 08:35:53.956","level":"WARN","thread":"restartedMain","logger":"org.hibernate.engine.jdbc.spi.SqlExceptionHelper","message":"SQL Warning Code: 0, SQLState: 00000","context":"default"}
{"timestamp":"2024-07-03 08:35:53.957","level":"WARN","thread":"restartedMain","logger":"org.hibernate.engine.jdbc.spi.SqlExceptionHelper","message":"table \"user_community\" does not exist, skipping","context":"default"}
{"timestamp":"2024-07-03 08:35:53.957","level":"WARN","thread":"restartedMain","logger":"org.hibernate.engine.jdbc.spi.SqlExceptionHelper","message":"SQL Warning Code: 0, SQLState: 00000","context":"default"}
{"timestamp":"2024-07-03 08:35:53.957","level":"WARN","thread":"restartedMain","logger":"org.hibernate.engine.jdbc.spi.SqlExceptionHelper","message":"table \"users\" does not exist, skipping","context":"default"}
{"timestamp":"2024-07-03 08:35:53.958","level":"WARN","thread":"restartedMain","logger":"org.hibernate.engine.jdbc.spi.SqlExceptionHelper","message":"SQL Warning Code: 0, SQLState: 00000","context":"default"}
{"timestamp":"2024-07-03 08:35:53.958","level":"WARN","thread":"restartedMain","logger":"org.hibernate.engine.jdbc.spi.SqlExceptionHelper","message":"table \"verifcation_token\" does not exist, skipping","context":"default"}
{"timestamp":"2024-07-03 08:35:53.990","level":"INFO","thread":"restartedMain","logger":"org.springframework.orm.jpa.LocalContainerEntityManagerFactoryBean","message":"Initialized JPA EntityManagerFactory for persistence unit 'default'","context":"default"}
{"timestamp":"2024-07-03 08:35:54.365","level":"INFO","thread":"restartedMain","logger":"org.springframework.security.config.annotation.authentication.configuration.InitializeAuthenticationProviderBeanManagerConfigurer$InitializeAuthenticationProviderManagerConfigurer","message":"Global AuthenticationManager configured with AuthenticationProvider bean with name authenticationProvider","context":"default"}
{"timestamp":"2024-07-03 08:35:54.366","level":"WARN","thread":"restartedMain","logger":"org.springframework.security.config.annotation.authentication.configuration.InitializeUserDetailsBeanManagerConfigurer$InitializeUserDetailsManagerConfigurer","message":"Global AuthenticationManager configured with an AuthenticationProvider bean. UserDetailsService beans will not be used for username/password login. Consider removing the AuthenticationProvider bean. Alternatively, consider using the UserDetailsService in a manually instantiated DaoAuthenticationProvider.","context":"default"}
{"timestamp":"2024-07-03 08:35:54.464","level":"WARN","thread":"restartedMain","logger":"org.springframework.boot.autoconfigure.orm.jpa.JpaBaseConfiguration$JpaWebConfiguration","message":"spring.jpa.open-in-view is enabled by default. Therefore, database queries may be performed during view rendering. Explicitly configure spring.jpa.open-in-view to disable this warning","context":"default"}
{"timestamp":"2024-07-03 08:35:54.675","level":"INFO","thread":"restartedMain","logger":"org.springframework.security.web.DefaultSecurityFilterChain","message":"Will secure any request with [org.springframework.security.web.session.DisableEncodeUrlFilter@7490a481, org.springframework.security.web.context.request.async.WebAsyncManagerIntegrationFilter@6b7f2f89, org.springframework.security.web.context.SecurityContextHolderFilter@6c935a38, org.springframework.security.web.header.HeaderWriterFilter@2ac74150, org.springframework.security.web.authentication.logout.LogoutFilter@6c3e636, com.Synctec.Synctec.security.JwtAuthFilter$$SpringCGLIB$$0@3e8fa871, org.springframework.security.web.savedrequest.RequestCacheAwareFilter@3f840d0a, org.springframework.security.web.servletapi.SecurityContextHolderAwareRequestFilter@712a389e, org.springframework.security.web.authentication.AnonymousAuthenticationFilter@884ba84, org.springframework.security.web.session.SessionManagementFilter@4b55a085, org.springframework.security.web.access.ExceptionTranslationFilter@46a993b4, org.springframework.security.web.access.intercept.AuthorizationFilter@479b1d7f]","context":"default"}
{"timestamp":"2024-07-03 08:35:54.881","level":"INFO","thread":"restartedMain","logger":"org.springframework.boot.devtools.autoconfigure.OptionalLiveReloadServer","message":"LiveReload server is running on port 35729","context":"default"}
{"timestamp":"2024-07-03 08:35:54.897","level":"INFO","thread":"restartedMain","logger":"org.apache.coyote.http11.Http11NioProtocol","message":"Starting ProtocolHandler [\"http-nio-8085\"]","context":"default"}
{"timestamp":"2024-07-03 08:35:54.905","level":"INFO","thread":"restartedMain","logger":"org.springframework.boot.web.embedded.tomcat.TomcatWebServer","message":"Tomcat started on port 8085 (http) with context path '/'","context":"default"}
{"timestamp":"2024-07-03 08:35:54.912","level":"INFO","thread":"restartedMain","logger":"com.Synctec.Synctec.SynctecApplication","message":"Started SynctecApplication in 4.081 seconds (process running for 4.966)","context":"default"}
{"timestamp":"2024-07-03 08:36:00.540","level":"INFO","thread":"http-nio-8085-exec-1","logger":"org.apache.catalina.core.ContainerBase.[Tomcat].[localhost].[/]","message":"Initializing Spring DispatcherServlet 'dispatcherServlet'","context":"default"}
{"timestamp":"2024-07-03 08:36:00.542","level":"INFO","thread":"http-nio-8085-exec-1","logger":"org.springframework.web.servlet.DispatcherServlet","message":"Initializing Servlet 'dispatcherServlet'","context":"default"}
{"timestamp":"2024-07-03 08:36:00.544","level":"INFO","thread":"http-nio-8085-exec-1","logger":"org.springframework.web.servlet.DispatcherServlet","message":"Completed initialization in 1 ms","context":"default"}
{"timestamp":"2024-07-03 08:36:00.593","level":"INFO","thread":"http-nio-8085-exec-1","logger":"com.Synctec.Synctec.controllers.Auth.AuthController","message":"here to initiate the process:{}","context":"default"}
{"timestamp":"2024-07-03 08:36:00.594","level":"INFO","thread":"http-nio-8085-exec-1","logger":"com.Synctec.Synctec.service.impl.thirdpartyauth.ThirdPartyImpl","message":"This is the verifier:EpXB77U6t1fekWpLMnQ6_F0aJB2J0iYaqCLn9bXyq60","context":"default"}
{"timestamp":"2024-07-03 08:36:00.594","level":"INFO","thread":"http-nio-8085-exec-1","logger":"com.Synctec.Synctec.service.impl.thirdpartyauth.ThirdPartyImpl","message":"This is the verifier:EpXB77U6t1fekWpLMnQ6_F0aJB2J0iYaqCLn9bXyq60","context":"default"}
{"timestamp":"2024-07-03 08:36:07.727","level":"INFO","thread":"http-nio-8085-exec-3","logger":"com.Synctec.Synctec.controllers.Auth.AuthController","message":"here to verify the user:M1ZQLVVBTEhpYUdSaEk5Y3V5Skd5Nzl1cTZHMDEtRXhQanJnZ0JXeFBJMUxNOjE3MTk5OTIxNjY0NzA6MTowOmFjOjE","context":"default"}
{"timestamp":"2024-07-03 08:36:07.728","level":"INFO","thread":"http-nio-8085-exec-3","logger":"com.Synctec.Synctec.service.impl.thirdpartyauth.ThirdPartyImpl","message":"this is the authorization code:M1ZQLVVBTEhpYUdSaEk5Y3V5Skd5Nzl1cTZHMDEtRXhQanJnZ0JXeFBJMUxNOjE3MTk5OTIxNjY0NzA6MTowOmFjOjE","context":"default"}
{"timestamp":"2024-07-03 08:36:07.728","level":"INFO","thread":"http-nio-8085-exec-3","logger":"com.Synctec.Synctec.service.impl.thirdpartyauth.ThirdPartyImpl","message":"This is the verifier:EpXB77U6t1fekWpLMnQ6_F0aJB2J0iYaqCLn9bXyq60","context":"default"}
{"timestamp":"2024-07-03 08:36:07.728","level":"INFO","thread":"http-nio-8085-exec-3","logger":"com.Synctec.Synctec.service.impl.thirdpartyauth.ThirdPartyImpl","message":"here to exchange the auth token for access token","context":"default"}
{"timestamp":"2024-07-03 08:36:07.728","level":"INFO","thread":"http-nio-8085-exec-3","logger":"com.Synctec.Synctec.service.impl.thirdpartyauth.ThirdPartyImpl","message":"This is the stored verifier:EpXB77U6t1fekWpLMnQ6_F0aJB2J0iYaqCLn9bXyq60","context":"default"}
{"timestamp":"2024-07-03 08:36:07.728","level":"INFO","thread":"http-nio-8085-exec-3","logger":"com.Synctec.Synctec.service.impl.thirdpartyauth.ThirdPartyImpl","message":"This is the verifier:EpXB77U6t1fekWpLMnQ6_F0aJB2J0iYaqCLn9bXyq60","context":"default"}
{"timestamp":"2024-07-03 08:36:07.729","level":"INFO","thread":"http-nio-8085-exec-3","logger":"com.Synctec.Synctec.service.impl.thirdpartyauth.ThirdPartyImpl","message":"This is the header sent to twitter + {grant_type=[authorization_code], code=[M1ZQLVVBTEhpYUdSaEk5Y3V5Skd5Nzl1cTZHMDEtRXhQanJnZ0JXeFBJMUxNOjE3MTk5OTIxNjY0NzA6MTowOmFjOjE], redirect_uri=[http://localhost:8085/api/v1/auth/verify-twitter], code_verifier=[EpXB77U6t1fekWpLMnQ6_F0aJB2J0iYaqCLn9bXyq60]}","context":"default"}
{"timestamp":"2024-07-03 08:36:07.729","level":"INFO","thread":"http-nio-8085-exec-3","logger":"com.Synctec.Synctec.service.impl.thirdpartyauth.ThirdPartyImpl","message":"This is the requestEntity sent to twitter + <{grant_type=[authorization_code], code=[M1ZQLVVBTEhpYUdSaEk5Y3V5Skd5Nzl1cTZHMDEtRXhQanJnZ0JXeFBJMUxNOjE3MTk5OTIxNjY0NzA6MTowOmFjOjE], redirect_uri=[http://localhost:8085/api/v1/auth/verify-twitter], code_verifier=[EpXB77U6t1fekWpLMnQ6_F0aJB2J0iYaqCLn9bXyq60]},[Content-Type:\"application/x-www-form-urlencoded\", Authorization:\"Basic VW5OMkxUQnpiWGhvYlhaWGNXMVROa2cyWlVZNk1UcGphUTpydmNyRF9CWFQ4bUt2UWZxV1RPOGw3b2MxM25aZmFfWkNDMHczcXR2ZUhWRlZWWEdKXw==\"]>","context":"default"}
{"timestamp":"2024-07-03 08:36:08.936","level":"INFO","thread":"http-nio-8085-exec-3","logger":"com.Synctec.Synctec.service.impl.thirdpartyauth.ThirdPartyImpl","message":"Raw response from Twitter: {\"token_type\":\"bearer\",\"expires_in\":7200,\"access_token\":\"U3JrNEJvLWFSMF9EY2hmeC00N1VJWTNRUHh4anB1V2p1dVJjQnN0bm9JV3ZIOjE3MTk5OTIxNjk0ODE6MTowOmF0OjE\",\"scope\":\"users.read tweet.read offline.access\",\"refresh_token\":\"aFFLckxkRWsyeEhiOUZEN0h0N1pXbTRLY0NTeHowRG9mUE40U0lobXZfUXduOjE3MTk5OTIxNjk0ODE6MToxOnJ0OjE\"}","context":"default"}
{"timestamp":"2024-07-03 08:36:08.975","level":"INFO","thread":"http-nio-8085-exec-3","logger":"com.Synctec.Synctec.service.impl.thirdpartyauth.ThirdPartyImpl","message":"This is the token response:TwitterTokenResponse(token_type=bearer, expires_in=7200, access_token=U3JrNEJvLWFSMF9EY2hmeC00N1VJWTNRUHh4anB1V2p1dVJjQnN0bm9JV3ZIOjE3MTk5OTIxNjk0ODE6MTowOmF0OjE, scope=users.read tweet.read offline.access, refresh_token=aFFLckxkRWsyeEhiOUZEN0h0N1pXbTRLY0NTeHowRG9mUE40U0lobXZfUXduOjE3MTk5OTIxNjk0ODE6MToxOnJ0OjE)","context":"default"}
{"timestamp":"2024-07-03 08:36:08.977","level":"INFO","thread":"http-nio-8085-exec-3","logger":"com.Synctec.Synctec.service.impl.thirdpartyauth.ThirdPartyImpl","message":"This is the access token: U3JrNEJvLWFSMF9EY2hmeC00N1VJWTNRUHh4anB1V2p1dVJjQnN0bm9JV3ZIOjE3MTk5OTIxNjk0ODE6MTowOmF0OjE","context":"default"}
{"timestamp":"2024-07-03 08:36:08.977","level":"INFO","thread":"http-nio-8085-exec-3","logger":"com.Synctec.Synctec.service.impl.thirdpartyauth.ThirdPartyImpl","message":"Authorization header: [Bearer U3JrNEJvLWFSMF9EY2hmeC00N1VJWTNRUHh4anB1V2p1dVJjQnN0bm9JV3ZIOjE3MTk5OTIxNjk0ODE6MTowOmF0OjE]","context":"default"}
{"timestamp":"2024-07-03 08:36:09.314","level":"INFO","thread":"http-nio-8085-exec-3","logger":"com.Synctec.Synctec.service.impl.thirdpartyauth.ThirdPartyImpl","message":"Raw response from Twitter user info endpoint: {\"data\":{\"id\":\"1317222763371823105\",\"name\":\"ManlikeDave $BEYOND\",\"username\":\"HeyitzDavve\"}}","context":"default"}
{"timestamp":"2024-07-03 08:36:09.317","level":"INFO","thread":"http-nio-8085-exec-3","logger":"com.Synctec.Synctec.service.impl.thirdpartyauth.ThirdPartyImpl","message":"this is the raw  body:{\"data\":{\"id\":\"1317222763371823105\",\"name\":\"ManlikeDave $BEYOND\",\"username\":\"HeyitzDavve\"}}","context":"default"}
{"timestamp":"2024-07-03 08:36:09.317","level":"INFO","thread":"http-nio-8085-exec-3","logger":"com.Synctec.Synctec.service.impl.thirdpartyauth.ThirdPartyImpl","message":"This is the dataNode:{\"id\":\"1317222763371823105\",\"name\":\"ManlikeDave $BEYOND\",\"username\":\"HeyitzDavve\"}","context":"default"}
{"timestamp":"2024-07-03 08:36:09.317","level":"INFO","thread":"http-nio-8085-exec-3","logger":"com.Synctec.Synctec.service.impl.thirdpartyauth.ThirdPartyImpl","message":"This is the email: HeyitzDavve","context":"default"}
{"timestamp":"2024-07-03 08:36:09.318","level":"INFO","thread":"http-nio-8085-exec-3","logger":"com.Synctec.Synctec.service.impl.thirdpartyauth.ThirdPartyImpl","message":"This is the name: ManlikeDave $BEYOND","context":"default"}
{"timestamp":"2024-07-03 08:36:09.318","level":"INFO","thread":"http-nio-8085-exec-3","logger":"com.Synctec.Synctec.service.impl.thirdpartyauth.ThirdPartyImpl","message":"This is the twitterId: 1317222763371823105","context":"default"}
{"timestamp":"2024-07-03 08:36:09.553","level":"WARN","thread":"http-nio-8085-exec-3","logger":"org.hibernate.engine.jdbc.spi.SqlExceptionHelper","message":"SQL Error: 0, SQLState: 23502","context":"default"}
{"timestamp":"2024-07-03 08:36:09.553","level":"ERROR","thread":"http-nio-8085-exec-3","logger":"org.hibernate.engine.jdbc.spi.SqlExceptionHelper","message":"ERROR: null value in column \"email\" of relation \"users\" violates not-null constraint\n  Detail: Failing row contains (t, f, t, 2024-07-03 08:36:09.533277+01, null, 2024-07-03 07:36:09.479211, 2024-07-03 08:36:09.479209+01, 2024-07-03 08:36:09.533325+01, null, null, b919cdc8-c54b-4270-961d-38d85df311d5, null, user, 1317222763371823105, ManlikeDave $BEYOND).","context":"default"}
{"timestamp":"2024-07-03 08:36:09.572","level":"WARN","thread":"http-nio-8085-exec-3","logger":"org.springframework.web.servlet.mvc.method.annotation.ExceptionHandlerExceptionResolver","message":"Resolved [org.springframework.dao.DataIntegrityViolationException: could not execute statement [ERROR: null value in column \"email\" of relation \"users\" violates not-null constraint<EOL>  Detail: Failing row contains (t, f, t, 2024-07-03 08:36:09.533277+01, null, 2024-07-03 07:36:09.479211, 2024-07-03 08:36:09.479209+01, 2024-07-03 08:36:09.533325+01, null, null, b919cdc8-c54b-4270-961d-38d85df311d5, null, user, 1317222763371823105, ManlikeDave $BEYOND).] [insert into users (created_date,disabled_at,email,enabled_at,google_id,is_active,is_email,is_verified,last_login,password,role,twitter_id,updated_date,user_name,id) values (?,?,?,?,?,?,?,?,?,?,?,?,?,?,?)]; SQL [insert into users (created_date,disabled_at,email,enabled_at,google_id,is_active,is_email,is_verified,last_login,password,role,twitter_id,updated_date,user_name,id) values (?,?,?,?,?,?,?,?,?,?,?,?,?,?,?)]; constraint [email\" of relation \"users]]","context":"default"}
{"timestamp":"2024-07-03 08:36:10.406","level":"ERROR","thread":"http-nio-8085-exec-4","logger":"com.Synctec.Synctec.security.JwtAuthFilter$$SpringCGLIB$$0","message":"Invalid token","context":"default"}
{"timestamp":"2024-07-03 08:36:56.869","level":"INFO","thread":"SpringApplicationShutdownHook","logger":"org.springframework.orm.jpa.LocalContainerEntityManagerFactoryBean","message":"Closing JPA EntityManagerFactory for persistence unit 'default'","context":"default"}
{"timestamp":"2024-07-03 08:36:56.886","level":"INFO","thread":"SpringApplicationShutdownHook","logger":"com.zaxxer.hikari.HikariDataSource","message":"HikariPool-1 - Shutdown initiated...","context":"default"}
{"timestamp":"2024-07-03 08:36:56.890","level":"INFO","thread":"SpringApplicationShutdownHook","logger":"com.zaxxer.hikari.HikariDataSource","message":"HikariPool-1 - Shutdown completed.","context":"default"}
{"timestamp":"2024-07-03 08:37:00.689","level":"INFO","thread":"background-preinit","logger":"org.hibernate.validator.internal.util.Version","message":"HV000001: Hibernate Validator 8.0.1.Final","context":"default"}
{"timestamp":"2024-07-03 08:37:00.722","level":"INFO","thread":"restartedMain","logger":"com.Synctec.Synctec.SynctecApplication","message":"Starting SynctecApplication using Java 22.0.1 with PID 78229 (/Users/macbook/Desktop/syntec/Synctec_Endpoint/target/classes started by macbook in /Users/macbook/Desktop/syntec/Synctec_Endpoint)","context":"default"}
{"timestamp":"2024-07-03 08:37:00.723","level":"INFO","thread":"restartedMain","logger":"com.Synctec.Synctec.SynctecApplication","message":"The following 1 profile is active: \"dev\"","context":"default"}
{"timestamp":"2024-07-03 08:37:00.763","level":"INFO","thread":"restartedMain","logger":"org.springframework.boot.devtools.env.DevToolsPropertyDefaultsPostProcessor","message":"Devtools property defaults active! Set 'spring.devtools.add-properties' to 'false' to disable","context":"default"}
{"timestamp":"2024-07-03 08:37:00.764","level":"INFO","thread":"restartedMain","logger":"org.springframework.boot.devtools.env.DevToolsPropertyDefaultsPostProcessor","message":"For additional web related logging consider setting the 'logging.level.web' property to 'DEBUG'","context":"default"}
{"timestamp":"2024-07-03 08:37:01.454","level":"INFO","thread":"restartedMain","logger":"org.springframework.data.repository.config.RepositoryConfigurationDelegate","message":"Bootstrapping Spring Data JPA repositories in DEFAULT mode.","context":"default"}
{"timestamp":"2024-07-03 08:37:01.523","level":"INFO","thread":"restartedMain","logger":"org.springframework.data.repository.config.RepositoryConfigurationDelegate","message":"Finished Spring Data repository scanning in 61 ms. Found 3 JPA repository interfaces.","context":"default"}
{"timestamp":"2024-07-03 08:37:02.039","level":"INFO","thread":"restartedMain","logger":"org.springframework.boot.web.embedded.tomcat.TomcatWebServer","message":"Tomcat initialized with port 8085 (http)","context":"default"}
{"timestamp":"2024-07-03 08:37:02.051","level":"INFO","thread":"restartedMain","logger":"org.apache.coyote.http11.Http11NioProtocol","message":"Initializing ProtocolHandler [\"http-nio-8085\"]","context":"default"}
{"timestamp":"2024-07-03 08:37:02.053","level":"INFO","thread":"restartedMain","logger":"org.apache.catalina.core.StandardService","message":"Starting service [Tomcat]","context":"default"}
{"timestamp":"2024-07-03 08:37:02.053","level":"INFO","thread":"restartedMain","logger":"org.apache.catalina.core.StandardEngine","message":"Starting Servlet engine: [Apache Tomcat/10.1.24]","context":"default"}
{"timestamp":"2024-07-03 08:37:02.093","level":"INFO","thread":"restartedMain","logger":"org.apache.catalina.core.ContainerBase.[Tomcat].[localhost].[/]","message":"Initializing Spring embedded WebApplicationContext","context":"default"}
{"timestamp":"2024-07-03 08:37:02.094","level":"INFO","thread":"restartedMain","logger":"org.springframework.boot.web.servlet.context.ServletWebServerApplicationContext","message":"Root WebApplicationContext: initialization completed in 1329 ms","context":"default"}
{"timestamp":"2024-07-03 08:37:02.208","level":"INFO","thread":"restartedMain","logger":"org.hibernate.jpa.internal.util.LogHelper","message":"HHH000204: Processing PersistenceUnitInfo [name: default]","context":"default"}
{"timestamp":"2024-07-03 08:37:02.271","level":"INFO","thread":"restartedMain","logger":"org.hibernate.Version","message":"HHH000412: Hibernate ORM core version 6.5.2.Final","context":"default"}
{"timestamp":"2024-07-03 08:37:02.305","level":"INFO","thread":"restartedMain","logger":"org.hibernate.cache.internal.RegionFactoryInitiator","message":"HHH000026: Second-level cache disabled","context":"default"}
{"timestamp":"2024-07-03 08:37:02.620","level":"INFO","thread":"restartedMain","logger":"org.springframework.orm.jpa.persistenceunit.SpringPersistenceUnitInfo","message":"No LoadTimeWeaver setup: ignoring JPA class transformer","context":"default"}
{"timestamp":"2024-07-03 08:37:02.645","level":"INFO","thread":"restartedMain","logger":"com.zaxxer.hikari.HikariDataSource","message":"HikariPool-1 - Starting...","context":"default"}
{"timestamp":"2024-07-03 08:37:02.763","level":"INFO","thread":"restartedMain","logger":"com.zaxxer.hikari.pool.HikariPool","message":"HikariPool-1 - Added connection org.postgresql.jdbc.PgConnection@4c49da2a","context":"default"}
{"timestamp":"2024-07-03 08:37:02.764","level":"INFO","thread":"restartedMain","logger":"com.zaxxer.hikari.HikariDataSource","message":"HikariPool-1 - Start completed.","context":"default"}
{"timestamp":"2024-07-03 08:37:02.793","level":"WARN","thread":"restartedMain","logger":"org.hibernate.orm.deprecation","message":"HHH90000025: PostgreSQLDialect does not need to be specified explicitly using 'hibernate.dialect' (remove the property setting and it will be selected by default)","context":"default"}
{"timestamp":"2024-07-03 08:37:03.724","level":"INFO","thread":"restartedMain","logger":"org.hibernate.engine.transaction.jta.platform.internal.JtaPlatformInitiator","message":"HHH000489: No JTA platform available (set 'hibernate.transaction.jta.platform' to enable JTA platform integration)","context":"default"}
{"timestamp":"2024-07-03 08:37:03.741","level":"WARN","thread":"restartedMain","logger":"org.hibernate.engine.jdbc.spi.SqlExceptionHelper","message":"SQL Warning Code: 0, SQLState: 00000","context":"default"}
{"timestamp":"2024-07-03 08:37:03.741","level":"WARN","thread":"restartedMain","logger":"org.hibernate.engine.jdbc.spi.SqlExceptionHelper","message":"relation \"community\" does not exist, skipping","context":"default"}
{"timestamp":"2024-07-03 08:37:03.742","level":"WARN","thread":"restartedMain","logger":"org.hibernate.engine.jdbc.spi.SqlExceptionHelper","message":"SQL Warning Code: 0, SQLState: 00000","context":"default"}
{"timestamp":"2024-07-03 08:37:03.742","level":"WARN","thread":"restartedMain","logger":"org.hibernate.engine.jdbc.spi.SqlExceptionHelper","message":"relation \"user_community\" does not exist, skipping","context":"default"}
{"timestamp":"2024-07-03 08:37:03.742","level":"WARN","thread":"restartedMain","logger":"org.hibernate.engine.jdbc.spi.SqlExceptionHelper","message":"SQL Warning Code: 0, SQLState: 00000","context":"default"}
{"timestamp":"2024-07-03 08:37:03.743","level":"WARN","thread":"restartedMain","logger":"org.hibernate.engine.jdbc.spi.SqlExceptionHelper","message":"relation \"user_community\" does not exist, skipping","context":"default"}
{"timestamp":"2024-07-03 08:37:03.743","level":"WARN","thread":"restartedMain","logger":"org.hibernate.engine.jdbc.spi.SqlExceptionHelper","message":"SQL Warning Code: 0, SQLState: 00000","context":"default"}
{"timestamp":"2024-07-03 08:37:03.743","level":"WARN","thread":"restartedMain","logger":"org.hibernate.engine.jdbc.spi.SqlExceptionHelper","message":"relation \"verifcation_token\" does not exist, skipping","context":"default"}
{"timestamp":"2024-07-03 08:37:03.744","level":"WARN","thread":"restartedMain","logger":"org.hibernate.engine.jdbc.spi.SqlExceptionHelper","message":"SQL Warning Code: 0, SQLState: 00000","context":"default"}
{"timestamp":"2024-07-03 08:37:03.744","level":"WARN","thread":"restartedMain","logger":"org.hibernate.engine.jdbc.spi.SqlExceptionHelper","message":"table \"community\" does not exist, skipping","context":"default"}
{"timestamp":"2024-07-03 08:37:03.744","level":"WARN","thread":"restartedMain","logger":"org.hibernate.engine.jdbc.spi.SqlExceptionHelper","message":"SQL Warning Code: 0, SQLState: 00000","context":"default"}
{"timestamp":"2024-07-03 08:37:03.745","level":"WARN","thread":"restartedMain","logger":"org.hibernate.engine.jdbc.spi.SqlExceptionHelper","message":"table \"user_community\" does not exist, skipping","context":"default"}
{"timestamp":"2024-07-03 08:37:03.745","level":"WARN","thread":"restartedMain","logger":"org.hibernate.engine.jdbc.spi.SqlExceptionHelper","message":"SQL Warning Code: 0, SQLState: 00000","context":"default"}
{"timestamp":"2024-07-03 08:37:03.745","level":"WARN","thread":"restartedMain","logger":"org.hibernate.engine.jdbc.spi.SqlExceptionHelper","message":"table \"users\" does not exist, skipping","context":"default"}
{"timestamp":"2024-07-03 08:37:03.746","level":"WARN","thread":"restartedMain","logger":"org.hibernate.engine.jdbc.spi.SqlExceptionHelper","message":"SQL Warning Code: 0, SQLState: 00000","context":"default"}
{"timestamp":"2024-07-03 08:37:03.746","level":"WARN","thread":"restartedMain","logger":"org.hibernate.engine.jdbc.spi.SqlExceptionHelper","message":"table \"verifcation_token\" does not exist, skipping","context":"default"}
{"timestamp":"2024-07-03 08:37:03.781","level":"INFO","thread":"restartedMain","logger":"org.springframework.orm.jpa.LocalContainerEntityManagerFactoryBean","message":"Initialized JPA EntityManagerFactory for persistence unit 'default'","context":"default"}
{"timestamp":"2024-07-03 08:37:04.211","level":"INFO","thread":"restartedMain","logger":"org.springframework.security.config.annotation.authentication.configuration.InitializeAuthenticationProviderBeanManagerConfigurer$InitializeAuthenticationProviderManagerConfigurer","message":"Global AuthenticationManager configured with AuthenticationProvider bean with name authenticationProvider","context":"default"}
{"timestamp":"2024-07-03 08:37:04.212","level":"WARN","thread":"restartedMain","logger":"org.springframework.security.config.annotation.authentication.configuration.InitializeUserDetailsBeanManagerConfigurer$InitializeUserDetailsManagerConfigurer","message":"Global AuthenticationManager configured with an AuthenticationProvider bean. UserDetailsService beans will not be used for username/password login. Consider removing the AuthenticationProvider bean. Alternatively, consider using the UserDetailsService in a manually instantiated DaoAuthenticationProvider.","context":"default"}
{"timestamp":"2024-07-03 08:37:04.321","level":"WARN","thread":"restartedMain","logger":"org.springframework.boot.autoconfigure.orm.jpa.JpaBaseConfiguration$JpaWebConfiguration","message":"spring.jpa.open-in-view is enabled by default. Therefore, database queries may be performed during view rendering. Explicitly configure spring.jpa.open-in-view to disable this warning","context":"default"}
{"timestamp":"2024-07-03 08:37:04.549","level":"INFO","thread":"restartedMain","logger":"org.springframework.security.web.DefaultSecurityFilterChain","message":"Will secure any request with [org.springframework.security.web.session.DisableEncodeUrlFilter@2ddaf125, org.springframework.security.web.context.request.async.WebAsyncManagerIntegrationFilter@2daaf625, org.springframework.security.web.context.SecurityContextHolderFilter@23231f31, org.springframework.security.web.header.HeaderWriterFilter@6aa0b9e7, org.springframework.security.web.authentication.logout.LogoutFilter@7385f7d8, com.Synctec.Synctec.security.JwtAuthFilter$$SpringCGLIB$$0@1cc20add, org.springframework.security.web.savedrequest.RequestCacheAwareFilter@3d5b35bb, org.springframework.security.web.servletapi.SecurityContextHolderAwareRequestFilter@1c1376dc, org.springframework.security.web.authentication.AnonymousAuthenticationFilter@11a66e57, org.springframework.security.web.session.SessionManagementFilter@330c7f3c, org.springframework.security.web.access.ExceptionTranslationFilter@3c58f053, org.springframework.security.web.access.intercept.AuthorizationFilter@11a22a59]","context":"default"}
{"timestamp":"2024-07-03 08:37:04.778","level":"INFO","thread":"restartedMain","logger":"org.springframework.boot.devtools.autoconfigure.OptionalLiveReloadServer","message":"LiveReload server is running on port 35729","context":"default"}
{"timestamp":"2024-07-03 08:37:04.793","level":"INFO","thread":"restartedMain","logger":"org.apache.coyote.http11.Http11NioProtocol","message":"Starting ProtocolHandler [\"http-nio-8085\"]","context":"default"}
{"timestamp":"2024-07-03 08:37:04.801","level":"INFO","thread":"restartedMain","logger":"org.springframework.boot.web.embedded.tomcat.TomcatWebServer","message":"Tomcat started on port 8085 (http) with context path '/'","context":"default"}
{"timestamp":"2024-07-03 08:37:04.807","level":"INFO","thread":"restartedMain","logger":"com.Synctec.Synctec.SynctecApplication","message":"Started SynctecApplication in 4.363 seconds (process running for 5.154)","context":"default"}
{"timestamp":"2024-07-03 08:37:09.258","level":"INFO","thread":"http-nio-8085-exec-1","logger":"org.apache.catalina.core.ContainerBase.[Tomcat].[localhost].[/]","message":"Initializing Spring DispatcherServlet 'dispatcherServlet'","context":"default"}
{"timestamp":"2024-07-03 08:37:09.259","level":"INFO","thread":"http-nio-8085-exec-1","logger":"org.springframework.web.servlet.DispatcherServlet","message":"Initializing Servlet 'dispatcherServlet'","context":"default"}
{"timestamp":"2024-07-03 08:37:09.260","level":"INFO","thread":"http-nio-8085-exec-1","logger":"org.springframework.web.servlet.DispatcherServlet","message":"Completed initialization in 1 ms","context":"default"}
{"timestamp":"2024-07-03 08:37:09.283","level":"INFO","thread":"http-nio-8085-exec-1","logger":"com.Synctec.Synctec.controllers.Auth.AuthController","message":"here to initiate the process:{}","context":"default"}
{"timestamp":"2024-07-03 08:37:09.283","level":"INFO","thread":"http-nio-8085-exec-1","logger":"com.Synctec.Synctec.service.impl.thirdpartyauth.ThirdPartyImpl","message":"This is the verifier:ocakktXdYqkUAojtt2XksJfvnZdh7jtFrgCkIeU1A0Y","context":"default"}
{"timestamp":"2024-07-03 08:37:09.284","level":"INFO","thread":"http-nio-8085-exec-1","logger":"com.Synctec.Synctec.service.impl.thirdpartyauth.ThirdPartyImpl","message":"This is the verifier:ocakktXdYqkUAojtt2XksJfvnZdh7jtFrgCkIeU1A0Y","context":"default"}
{"timestamp":"2024-07-03 08:37:15.653","level":"INFO","thread":"http-nio-8085-exec-3","logger":"com.Synctec.Synctec.controllers.Auth.AuthController","message":"here to verify the user:TXU0UHotVnNmSmQtdjcxNHZPdVJEWUdqd3BJYTVodTNRUmd6US1QQTBNT2ZnOjE3MTk5OTIyMzQ0ODA6MTowOmFjOjE","context":"default"}
{"timestamp":"2024-07-03 08:37:15.654","level":"INFO","thread":"http-nio-8085-exec-3","logger":"com.Synctec.Synctec.service.impl.thirdpartyauth.ThirdPartyImpl","message":"this is the authorization code:TXU0UHotVnNmSmQtdjcxNHZPdVJEWUdqd3BJYTVodTNRUmd6US1QQTBNT2ZnOjE3MTk5OTIyMzQ0ODA6MTowOmFjOjE","context":"default"}
{"timestamp":"2024-07-03 08:37:15.654","level":"INFO","thread":"http-nio-8085-exec-3","logger":"com.Synctec.Synctec.service.impl.thirdpartyauth.ThirdPartyImpl","message":"This is the verifier:ocakktXdYqkUAojtt2XksJfvnZdh7jtFrgCkIeU1A0Y","context":"default"}
{"timestamp":"2024-07-03 08:37:15.654","level":"INFO","thread":"http-nio-8085-exec-3","logger":"com.Synctec.Synctec.service.impl.thirdpartyauth.ThirdPartyImpl","message":"here to exchange the auth token for access token","context":"default"}
{"timestamp":"2024-07-03 08:37:15.654","level":"INFO","thread":"http-nio-8085-exec-3","logger":"com.Synctec.Synctec.service.impl.thirdpartyauth.ThirdPartyImpl","message":"This is the stored verifier:ocakktXdYqkUAojtt2XksJfvnZdh7jtFrgCkIeU1A0Y","context":"default"}
{"timestamp":"2024-07-03 08:37:15.654","level":"INFO","thread":"http-nio-8085-exec-3","logger":"com.Synctec.Synctec.service.impl.thirdpartyauth.ThirdPartyImpl","message":"This is the verifier:ocakktXdYqkUAojtt2XksJfvnZdh7jtFrgCkIeU1A0Y","context":"default"}
{"timestamp":"2024-07-03 08:37:15.655","level":"INFO","thread":"http-nio-8085-exec-3","logger":"com.Synctec.Synctec.service.impl.thirdpartyauth.ThirdPartyImpl","message":"This is the header sent to twitter + {grant_type=[authorization_code], code=[TXU0UHotVnNmSmQtdjcxNHZPdVJEWUdqd3BJYTVodTNRUmd6US1QQTBNT2ZnOjE3MTk5OTIyMzQ0ODA6MTowOmFjOjE], redirect_uri=[http://localhost:8085/api/v1/auth/verify-twitter], code_verifier=[ocakktXdYqkUAojtt2XksJfvnZdh7jtFrgCkIeU1A0Y]}","context":"default"}
{"timestamp":"2024-07-03 08:37:15.655","level":"INFO","thread":"http-nio-8085-exec-3","logger":"com.Synctec.Synctec.service.impl.thirdpartyauth.ThirdPartyImpl","message":"This is the requestEntity sent to twitter + <{grant_type=[authorization_code], code=[TXU0UHotVnNmSmQtdjcxNHZPdVJEWUdqd3BJYTVodTNRUmd6US1QQTBNT2ZnOjE3MTk5OTIyMzQ0ODA6MTowOmFjOjE], redirect_uri=[http://localhost:8085/api/v1/auth/verify-twitter], code_verifier=[ocakktXdYqkUAojtt2XksJfvnZdh7jtFrgCkIeU1A0Y]},[Content-Type:\"application/x-www-form-urlencoded\", Authorization:\"Basic VW5OMkxUQnpiWGhvYlhaWGNXMVROa2cyWlVZNk1UcGphUTpydmNyRF9CWFQ4bUt2UWZxV1RPOGw3b2MxM25aZmFfWkNDMHczcXR2ZUhWRlZWWEdKXw==\"]>","context":"default"}
{"timestamp":"2024-07-03 08:37:17.134","level":"INFO","thread":"http-nio-8085-exec-3","logger":"com.Synctec.Synctec.service.impl.thirdpartyauth.ThirdPartyImpl","message":"Raw response from Twitter: {\"token_type\":\"bearer\",\"expires_in\":7200,\"access_token\":\"V1EySkpZdUkwYU55cXo4Y3BTOGt3bTFUa3o2T3JBLWczeDBReDQwbU0xRzgwOjE3MTk5OTIyMzc2OTg6MToxOmF0OjE\",\"scope\":\"users.read tweet.read offline.access\",\"refresh_token\":\"MllkRDJNY1MyS0t6VUkxd0dxUmdvc1dYekFtTlF4MHN6a3g1Z3ItRmxLRXFJOjE3MTk5OTIyMzc2OTg6MTowOnJ0OjE\"}","context":"default"}
{"timestamp":"2024-07-03 08:37:17.165","level":"INFO","thread":"http-nio-8085-exec-3","logger":"com.Synctec.Synctec.service.impl.thirdpartyauth.ThirdPartyImpl","message":"This is the token response:TwitterTokenResponse(token_type=bearer, expires_in=7200, access_token=V1EySkpZdUkwYU55cXo4Y3BTOGt3bTFUa3o2T3JBLWczeDBReDQwbU0xRzgwOjE3MTk5OTIyMzc2OTg6MToxOmF0OjE, scope=users.read tweet.read offline.access, refresh_token=MllkRDJNY1MyS0t6VUkxd0dxUmdvc1dYekFtTlF4MHN6a3g1Z3ItRmxLRXFJOjE3MTk5OTIyMzc2OTg6MTowOnJ0OjE)","context":"default"}
{"timestamp":"2024-07-03 08:37:17.168","level":"INFO","thread":"http-nio-8085-exec-3","logger":"com.Synctec.Synctec.service.impl.thirdpartyauth.ThirdPartyImpl","message":"This is the access token: V1EySkpZdUkwYU55cXo4Y3BTOGt3bTFUa3o2T3JBLWczeDBReDQwbU0xRzgwOjE3MTk5OTIyMzc2OTg6MToxOmF0OjE","context":"default"}
{"timestamp":"2024-07-03 08:37:17.168","level":"INFO","thread":"http-nio-8085-exec-3","logger":"com.Synctec.Synctec.service.impl.thirdpartyauth.ThirdPartyImpl","message":"Authorization header: [Bearer V1EySkpZdUkwYU55cXo4Y3BTOGt3bTFUa3o2T3JBLWczeDBReDQwbU0xRzgwOjE3MTk5OTIyMzc2OTg6MToxOmF0OjE]","context":"default"}
{"timestamp":"2024-07-03 08:37:17.645","level":"INFO","thread":"http-nio-8085-exec-3","logger":"com.Synctec.Synctec.service.impl.thirdpartyauth.ThirdPartyImpl","message":"Raw response from Twitter user info endpoint: {\"data\":{\"id\":\"1317222763371823105\",\"name\":\"ManlikeDave $BEYOND\",\"username\":\"HeyitzDavve\"}}","context":"default"}
{"timestamp":"2024-07-03 08:37:17.647","level":"INFO","thread":"http-nio-8085-exec-3","logger":"com.Synctec.Synctec.service.impl.thirdpartyauth.ThirdPartyImpl","message":"this is the raw  body:{\"data\":{\"id\":\"1317222763371823105\",\"name\":\"ManlikeDave $BEYOND\",\"username\":\"HeyitzDavve\"}}","context":"default"}
{"timestamp":"2024-07-03 08:37:17.647","level":"INFO","thread":"http-nio-8085-exec-3","logger":"com.Synctec.Synctec.service.impl.thirdpartyauth.ThirdPartyImpl","message":"This is the dataNode:{\"id\":\"1317222763371823105\",\"name\":\"ManlikeDave $BEYOND\",\"username\":\"HeyitzDavve\"}","context":"default"}
{"timestamp":"2024-07-03 08:37:17.647","level":"INFO","thread":"http-nio-8085-exec-3","logger":"com.Synctec.Synctec.service.impl.thirdpartyauth.ThirdPartyImpl","message":"This is the email: HeyitzDavve","context":"default"}
{"timestamp":"2024-07-03 08:37:17.647","level":"INFO","thread":"http-nio-8085-exec-3","logger":"com.Synctec.Synctec.service.impl.thirdpartyauth.ThirdPartyImpl","message":"This is the name: ManlikeDave $BEYOND","context":"default"}
{"timestamp":"2024-07-03 08:37:17.647","level":"INFO","thread":"http-nio-8085-exec-3","logger":"com.Synctec.Synctec.service.impl.thirdpartyauth.ThirdPartyImpl","message":"This is the twitterId: 1317222763371823105","context":"default"}
{"timestamp":"2024-07-03 08:37:18.759","level":"ERROR","thread":"http-nio-8085-exec-4","logger":"com.Synctec.Synctec.security.JwtAuthFilter$$SpringCGLIB$$0","message":"Invalid token","context":"default"}
{"timestamp":"2024-07-03 08:39:44.078","level":"INFO","thread":"http-nio-8085-exec-9","logger":"com.Synctec.Synctec.security.JwtAuthFilter","message":"This is the jwt token eyJhbGciOiJIUzM4NCJ9.eyJzdWIiOiI2YjA1NGEwOC01ZDRjLTRiNjktYjAwNy00NzdjMjg1MGVhY2QiLCJBY3RpdmUiOnRydWUsInJvbGUiOlt7ImF1dGhvcml0eSI6InVzZXIifV0sInVzZXJOYW1lIjoiTWFubGlrZURhdmUgJEJFWU9ORCIsImlhdCI6MTcxOTk5MjIzNywiZXhwIjoxNzIwMDI4MjM3fQ.EqvlOvq0LZktVh03Y2BaoXPvNnCJ9h8gg-vRzewQFqrhdTIkt7cwseTPVelrI-Q5","context":"default"}
{"timestamp":"2024-07-03 08:39:44.136","level":"INFO","thread":"http-nio-8085-exec-9","logger":"com.Synctec.Synctec.security.JwtAuthFilter","message":"This is the userId 6b054a08-5d4c-4b69-b007-477c2850eacd","context":"default"}
{"timestamp":"2024-07-03 08:39:44.171","level":"INFO","thread":"http-nio-8085-exec-9","logger":"com.Synctec.Synctec.security.JwtServiceImpl","message":"here to check if the jwt is valid eyJhbGciOiJIUzM4NCJ9.eyJzdWIiOiI2YjA1NGEwOC01ZDRjLTRiNjktYjAwNy00NzdjMjg1MGVhY2QiLCJBY3RpdmUiOnRydWUsInJvbGUiOlt7ImF1dGhvcml0eSI6InVzZXIifV0sInVzZXJOYW1lIjoiTWFubGlrZURhdmUgJEJFWU9ORCIsImlhdCI6MTcxOTk5MjIzNywiZXhwIjoxNzIwMDI4MjM3fQ.EqvlOvq0LZktVh03Y2BaoXPvNnCJ9h8gg-vRzewQFqrhdTIkt7cwseTPVelrI-Q5","context":"default"}
{"timestamp":"2024-07-03 08:39:44.172","level":"INFO","thread":"http-nio-8085-exec-9","logger":"com.Synctec.Synctec.security.JwtServiceImpl","message":"the user id 6b054a08-5d4c-4b69-b007-477c2850eacd","context":"default"}
{"timestamp":"2024-07-03 08:39:44.172","level":"INFO","thread":"http-nio-8085-exec-9","logger":"com.Synctec.Synctec.security.JwtServiceImpl","message":"the user id from the base user 6b054a08-5d4c-4b69-b007-477c2850eacd","context":"default"}
{"timestamp":"2024-07-03 08:39:55.123","level":"INFO","thread":"http-nio-8085-exec-10","logger":"com.Synctec.Synctec.security.JwtAuthFilter","message":"This is the jwt token eyJhbGciOiJIUzM4NCJ9.eyJzdWIiOiI2YjA1NGEwOC01ZDRjLTRiNjktYjAwNy00NzdjMjg1MGVhY2QiLCJBY3RpdmUiOnRydWUsInJvbGUiOlt7ImF1dGhvcml0eSI6InVzZXIifV0sInVzZXJOYW1lIjoiTWFubGlrZURhdmUgJEJFWU9ORCIsImlhdCI6MTcxOTk5MjIzNywiZXhwIjoxNzIwMDI4MjM3fQ.EqvlOvq0LZktVh03Y2BaoXPvNnCJ9h8gg-vRzewQFqrhdTIkt7cwseTPVelrI-Q5","context":"default"}
{"timestamp":"2024-07-03 08:39:55.125","level":"INFO","thread":"http-nio-8085-exec-10","logger":"com.Synctec.Synctec.security.JwtAuthFilter","message":"This is the userId 6b054a08-5d4c-4b69-b007-477c2850eacd","context":"default"}
{"timestamp":"2024-07-03 08:39:55.127","level":"INFO","thread":"http-nio-8085-exec-10","logger":"com.Synctec.Synctec.security.JwtServiceImpl","message":"here to check if the jwt is valid eyJhbGciOiJIUzM4NCJ9.eyJzdWIiOiI2YjA1NGEwOC01ZDRjLTRiNjktYjAwNy00NzdjMjg1MGVhY2QiLCJBY3RpdmUiOnRydWUsInJvbGUiOlt7ImF1dGhvcml0eSI6InVzZXIifV0sInVzZXJOYW1lIjoiTWFubGlrZURhdmUgJEJFWU9ORCIsImlhdCI6MTcxOTk5MjIzNywiZXhwIjoxNzIwMDI4MjM3fQ.EqvlOvq0LZktVh03Y2BaoXPvNnCJ9h8gg-vRzewQFqrhdTIkt7cwseTPVelrI-Q5","context":"default"}
{"timestamp":"2024-07-03 08:39:55.128","level":"INFO","thread":"http-nio-8085-exec-10","logger":"com.Synctec.Synctec.security.JwtServiceImpl","message":"the user id 6b054a08-5d4c-4b69-b007-477c2850eacd","context":"default"}
{"timestamp":"2024-07-03 08:39:55.128","level":"INFO","thread":"http-nio-8085-exec-10","logger":"com.Synctec.Synctec.security.JwtServiceImpl","message":"the user id from the base user 6b054a08-5d4c-4b69-b007-477c2850eacd","context":"default"}
{"timestamp":"2024-07-03 08:39:55.129","level":"INFO","thread":"http-nio-8085-exec-10","logger":"com.Synctec.Synctec.controllers.profile.UserController","message":"This is the principal 6b054a08-5d4c-4b69-b007-477c2850eacd","context":"default"}
{"timestamp":"2024-07-03 08:39:55.130","level":"INFO","thread":"http-nio-8085-exec-10","logger":"com.Synctec.Synctec.service.impl.BaseUserImpl.BaseUserImpl","message":"This is the userId in the service 6b054a08-5d4c-4b69-b007-477c2850eacd","context":"default"}
{"timestamp":"2024-07-03 08:40:38.823","level":"INFO","thread":"SpringApplicationShutdownHook","logger":"org.springframework.orm.jpa.LocalContainerEntityManagerFactoryBean","message":"Closing JPA EntityManagerFactory for persistence unit 'default'","context":"default"}
{"timestamp":"2024-07-03 08:40:38.840","level":"INFO","thread":"SpringApplicationShutdownHook","logger":"com.zaxxer.hikari.HikariDataSource","message":"HikariPool-1 - Shutdown initiated...","context":"default"}
{"timestamp":"2024-07-03 08:40:38.843","level":"INFO","thread":"SpringApplicationShutdownHook","logger":"com.zaxxer.hikari.HikariDataSource","message":"HikariPool-1 - Shutdown completed.","context":"default"}
