{"timestamp":"2024-07-10 00:02:34.213","level":"INFO","thread":"background-preinit","logger":"org.hibernate.validator.internal.util.Version","message":"HV000001: Hibernate Validator 8.0.1.Final","context":"default"}
{"timestamp":"2024-07-10 00:02:34.244","level":"INFO","thread":"restartedMain","logger":"com.Synctec.Synctec.SynctecApplication","message":"Starting SynctecApplication using Java 22.0.1 with PID 35443 (/Users/macbook/Desktop/syntec/Synctec_Endpoint/target/classes started by macbook in /Users/macbook/Desktop/syntec/Synctec_Endpoint)","context":"default"}
{"timestamp":"2024-07-10 00:02:34.245","level":"INFO","thread":"restartedMain","logger":"com.Synctec.Synctec.SynctecApplication","message":"The following 1 profile is active: \"dev\"","context":"default"}
{"timestamp":"2024-07-10 00:02:34.278","level":"INFO","thread":"restartedMain","logger":"org.springframework.boot.devtools.env.DevToolsPropertyDefaultsPostProcessor","message":"Devtools property defaults active! Set 'spring.devtools.add-properties' to 'false' to disable","context":"default"}
{"timestamp":"2024-07-10 00:02:34.278","level":"INFO","thread":"restartedMain","logger":"org.springframework.boot.devtools.env.DevToolsPropertyDefaultsPostProcessor","message":"For additional web related logging consider setting the 'logging.level.web' property to 'DEBUG'","context":"default"}
{"timestamp":"2024-07-10 00:02:34.992","level":"INFO","thread":"restartedMain","logger":"org.springframework.data.repository.config.RepositoryConfigurationDelegate","message":"Bootstrapping Spring Data JPA repositories in DEFAULT mode.","context":"default"}
{"timestamp":"2024-07-10 00:02:35.078","level":"INFO","thread":"restartedMain","logger":"org.springframework.data.repository.config.RepositoryConfigurationDelegate","message":"Finished Spring Data repository scanning in 72 ms. Found 8 JPA repository interfaces.","context":"default"}
{"timestamp":"2024-07-10 00:02:35.641","level":"INFO","thread":"restartedMain","logger":"org.springframework.boot.web.embedded.tomcat.TomcatWebServer","message":"Tomcat initialized with port 8085 (http)","context":"default"}
{"timestamp":"2024-07-10 00:02:35.653","level":"INFO","thread":"restartedMain","logger":"org.apache.coyote.http11.Http11NioProtocol","message":"Initializing ProtocolHandler [\"http-nio-8085\"]","context":"default"}
{"timestamp":"2024-07-10 00:02:35.656","level":"INFO","thread":"restartedMain","logger":"org.apache.catalina.core.StandardService","message":"Starting service [Tomcat]","context":"default"}
{"timestamp":"2024-07-10 00:02:35.656","level":"INFO","thread":"restartedMain","logger":"org.apache.catalina.core.StandardEngine","message":"Starting Servlet engine: [Apache Tomcat/10.1.24]","context":"default"}
{"timestamp":"2024-07-10 00:02:35.695","level":"INFO","thread":"restartedMain","logger":"org.apache.catalina.core.ContainerBase.[Tomcat].[localhost].[/]","message":"Initializing Spring embedded WebApplicationContext","context":"default"}
{"timestamp":"2024-07-10 00:02:35.696","level":"INFO","thread":"restartedMain","logger":"org.springframework.boot.web.servlet.context.ServletWebServerApplicationContext","message":"Root WebApplicationContext: initialization completed in 1417 ms","context":"default"}
{"timestamp":"2024-07-10 00:02:35.837","level":"INFO","thread":"restartedMain","logger":"org.hibernate.jpa.internal.util.LogHelper","message":"HHH000204: Processing PersistenceUnitInfo [name: default]","context":"default"}
{"timestamp":"2024-07-10 00:02:35.917","level":"INFO","thread":"restartedMain","logger":"org.hibernate.Version","message":"HHH000412: Hibernate ORM core version 6.5.2.Final","context":"default"}
{"timestamp":"2024-07-10 00:02:35.949","level":"INFO","thread":"restartedMain","logger":"org.hibernate.cache.internal.RegionFactoryInitiator","message":"HHH000026: Second-level cache disabled","context":"default"}
{"timestamp":"2024-07-10 00:02:36.223","level":"INFO","thread":"restartedMain","logger":"org.springframework.orm.jpa.persistenceunit.SpringPersistenceUnitInfo","message":"No LoadTimeWeaver setup: ignoring JPA class transformer","context":"default"}
{"timestamp":"2024-07-10 00:02:36.250","level":"INFO","thread":"restartedMain","logger":"com.zaxxer.hikari.HikariDataSource","message":"HikariPool-1 - Starting...","context":"default"}
{"timestamp":"2024-07-10 00:02:36.345","level":"INFO","thread":"restartedMain","logger":"com.zaxxer.hikari.pool.HikariPool","message":"HikariPool-1 - Added connection org.postgresql.jdbc.PgConnection@7760a288","context":"default"}
{"timestamp":"2024-07-10 00:02:36.347","level":"INFO","thread":"restartedMain","logger":"com.zaxxer.hikari.HikariDataSource","message":"HikariPool-1 - Start completed.","context":"default"}
{"timestamp":"2024-07-10 00:02:36.395","level":"WARN","thread":"restartedMain","logger":"org.hibernate.orm.deprecation","message":"HHH90000025: PostgreSQLDialect does not need to be specified explicitly using 'hibernate.dialect' (remove the property setting and it will be selected by default)","context":"default"}
{"timestamp":"2024-07-10 00:02:37.521","level":"INFO","thread":"restartedMain","logger":"org.hibernate.engine.transaction.jta.platform.internal.JtaPlatformInitiator","message":"HHH000489: No JTA platform available (set 'hibernate.transaction.jta.platform' to enable JTA platform integration)","context":"default"}
{"timestamp":"2024-07-10 00:02:37.544","level":"WARN","thread":"restartedMain","logger":"org.hibernate.engine.jdbc.spi.SqlExceptionHelper","message":"SQL Warning Code: 0, SQLState: 00000","context":"default"}
{"timestamp":"2024-07-10 00:02:37.544","level":"WARN","thread":"restartedMain","logger":"org.hibernate.engine.jdbc.spi.SqlExceptionHelper","message":"relation \"comment\" does not exist, skipping","context":"default"}
{"timestamp":"2024-07-10 00:02:37.545","level":"WARN","thread":"restartedMain","logger":"org.hibernate.engine.jdbc.spi.SqlExceptionHelper","message":"SQL Warning Code: 0, SQLState: 00000","context":"default"}
{"timestamp":"2024-07-10 00:02:37.545","level":"WARN","thread":"restartedMain","logger":"org.hibernate.engine.jdbc.spi.SqlExceptionHelper","message":"relation \"comment\" does not exist, skipping","context":"default"}
{"timestamp":"2024-07-10 00:02:37.545","level":"WARN","thread":"restartedMain","logger":"org.hibernate.engine.jdbc.spi.SqlExceptionHelper","message":"SQL Warning Code: 0, SQLState: 00000","context":"default"}
{"timestamp":"2024-07-10 00:02:37.545","level":"WARN","thread":"restartedMain","logger":"org.hibernate.engine.jdbc.spi.SqlExceptionHelper","message":"relation \"community\" does not exist, skipping","context":"default"}
{"timestamp":"2024-07-10 00:02:37.546","level":"WARN","thread":"restartedMain","logger":"org.hibernate.engine.jdbc.spi.SqlExceptionHelper","message":"SQL Warning Code: 0, SQLState: 00000","context":"default"}
{"timestamp":"2024-07-10 00:02:37.546","level":"WARN","thread":"restartedMain","logger":"org.hibernate.engine.jdbc.spi.SqlExceptionHelper","message":"relation \"likes\" does not exist, skipping","context":"default"}
{"timestamp":"2024-07-10 00:02:37.546","level":"WARN","thread":"restartedMain","logger":"org.hibernate.engine.jdbc.spi.SqlExceptionHelper","message":"SQL Warning Code: 0, SQLState: 00000","context":"default"}
{"timestamp":"2024-07-10 00:02:37.546","level":"WARN","thread":"restartedMain","logger":"org.hibernate.engine.jdbc.spi.SqlExceptionHelper","message":"relation \"likes\" does not exist, skipping","context":"default"}
{"timestamp":"2024-07-10 00:02:37.547","level":"WARN","thread":"restartedMain","logger":"org.hibernate.engine.jdbc.spi.SqlExceptionHelper","message":"SQL Warning Code: 0, SQLState: 00000","context":"default"}
{"timestamp":"2024-07-10 00:02:37.547","level":"WARN","thread":"restartedMain","logger":"org.hibernate.engine.jdbc.spi.SqlExceptionHelper","message":"relation \"likes\" does not exist, skipping","context":"default"}
{"timestamp":"2024-07-10 00:02:37.547","level":"WARN","thread":"restartedMain","logger":"org.hibernate.engine.jdbc.spi.SqlExceptionHelper","message":"SQL Warning Code: 0, SQLState: 00000","context":"default"}
{"timestamp":"2024-07-10 00:02:37.548","level":"WARN","thread":"restartedMain","logger":"org.hibernate.engine.jdbc.spi.SqlExceptionHelper","message":"relation \"likes\" does not exist, skipping","context":"default"}
{"timestamp":"2024-07-10 00:02:37.549","level":"WARN","thread":"restartedMain","logger":"org.hibernate.engine.jdbc.spi.SqlExceptionHelper","message":"SQL Warning Code: 0, SQLState: 00000","context":"default"}
{"timestamp":"2024-07-10 00:02:37.549","level":"WARN","thread":"restartedMain","logger":"org.hibernate.engine.jdbc.spi.SqlExceptionHelper","message":"relation \"post\" does not exist, skipping","context":"default"}
{"timestamp":"2024-07-10 00:02:37.549","level":"WARN","thread":"restartedMain","logger":"org.hibernate.engine.jdbc.spi.SqlExceptionHelper","message":"SQL Warning Code: 0, SQLState: 00000","context":"default"}
{"timestamp":"2024-07-10 00:02:37.549","level":"WARN","thread":"restartedMain","logger":"org.hibernate.engine.jdbc.spi.SqlExceptionHelper","message":"relation \"reply\" does not exist, skipping","context":"default"}
{"timestamp":"2024-07-10 00:02:37.550","level":"WARN","thread":"restartedMain","logger":"org.hibernate.engine.jdbc.spi.SqlExceptionHelper","message":"SQL Warning Code: 0, SQLState: 00000","context":"default"}
{"timestamp":"2024-07-10 00:02:37.550","level":"WARN","thread":"restartedMain","logger":"org.hibernate.engine.jdbc.spi.SqlExceptionHelper","message":"relation \"reply\" does not exist, skipping","context":"default"}
{"timestamp":"2024-07-10 00:02:37.550","level":"WARN","thread":"restartedMain","logger":"org.hibernate.engine.jdbc.spi.SqlExceptionHelper","message":"SQL Warning Code: 0, SQLState: 00000","context":"default"}
{"timestamp":"2024-07-10 00:02:37.550","level":"WARN","thread":"restartedMain","logger":"org.hibernate.engine.jdbc.spi.SqlExceptionHelper","message":"relation \"reply\" does not exist, skipping","context":"default"}
{"timestamp":"2024-07-10 00:02:37.551","level":"WARN","thread":"restartedMain","logger":"org.hibernate.engine.jdbc.spi.SqlExceptionHelper","message":"SQL Warning Code: 0, SQLState: 00000","context":"default"}
{"timestamp":"2024-07-10 00:02:37.551","level":"WARN","thread":"restartedMain","logger":"org.hibernate.engine.jdbc.spi.SqlExceptionHelper","message":"relation \"user_community\" does not exist, skipping","context":"default"}
{"timestamp":"2024-07-10 00:02:37.551","level":"WARN","thread":"restartedMain","logger":"org.hibernate.engine.jdbc.spi.SqlExceptionHelper","message":"SQL Warning Code: 0, SQLState: 00000","context":"default"}
{"timestamp":"2024-07-10 00:02:37.551","level":"WARN","thread":"restartedMain","logger":"org.hibernate.engine.jdbc.spi.SqlExceptionHelper","message":"relation \"user_community\" does not exist, skipping","context":"default"}
{"timestamp":"2024-07-10 00:02:37.552","level":"WARN","thread":"restartedMain","logger":"org.hibernate.engine.jdbc.spi.SqlExceptionHelper","message":"SQL Warning Code: 0, SQLState: 00000","context":"default"}
{"timestamp":"2024-07-10 00:02:37.552","level":"WARN","thread":"restartedMain","logger":"org.hibernate.engine.jdbc.spi.SqlExceptionHelper","message":"relation \"verifcation_token\" does not exist, skipping","context":"default"}
{"timestamp":"2024-07-10 00:02:37.553","level":"WARN","thread":"restartedMain","logger":"org.hibernate.engine.jdbc.spi.SqlExceptionHelper","message":"SQL Warning Code: 0, SQLState: 00000","context":"default"}
{"timestamp":"2024-07-10 00:02:37.553","level":"WARN","thread":"restartedMain","logger":"org.hibernate.engine.jdbc.spi.SqlExceptionHelper","message":"table \"comment\" does not exist, skipping","context":"default"}
{"timestamp":"2024-07-10 00:02:37.554","level":"WARN","thread":"restartedMain","logger":"org.hibernate.engine.jdbc.spi.SqlExceptionHelper","message":"SQL Warning Code: 0, SQLState: 00000","context":"default"}
{"timestamp":"2024-07-10 00:02:37.554","level":"WARN","thread":"restartedMain","logger":"org.hibernate.engine.jdbc.spi.SqlExceptionHelper","message":"table \"community\" does not exist, skipping","context":"default"}
{"timestamp":"2024-07-10 00:02:37.554","level":"WARN","thread":"restartedMain","logger":"org.hibernate.engine.jdbc.spi.SqlExceptionHelper","message":"SQL Warning Code: 0, SQLState: 00000","context":"default"}
{"timestamp":"2024-07-10 00:02:37.554","level":"WARN","thread":"restartedMain","logger":"org.hibernate.engine.jdbc.spi.SqlExceptionHelper","message":"table \"likes\" does not exist, skipping","context":"default"}
{"timestamp":"2024-07-10 00:02:37.555","level":"WARN","thread":"restartedMain","logger":"org.hibernate.engine.jdbc.spi.SqlExceptionHelper","message":"SQL Warning Code: 0, SQLState: 00000","context":"default"}
{"timestamp":"2024-07-10 00:02:37.555","level":"WARN","thread":"restartedMain","logger":"org.hibernate.engine.jdbc.spi.SqlExceptionHelper","message":"table \"post\" does not exist, skipping","context":"default"}
{"timestamp":"2024-07-10 00:02:37.555","level":"WARN","thread":"restartedMain","logger":"org.hibernate.engine.jdbc.spi.SqlExceptionHelper","message":"SQL Warning Code: 0, SQLState: 00000","context":"default"}
{"timestamp":"2024-07-10 00:02:37.555","level":"WARN","thread":"restartedMain","logger":"org.hibernate.engine.jdbc.spi.SqlExceptionHelper","message":"table \"reply\" does not exist, skipping","context":"default"}
{"timestamp":"2024-07-10 00:02:37.556","level":"WARN","thread":"restartedMain","logger":"org.hibernate.engine.jdbc.spi.SqlExceptionHelper","message":"SQL Warning Code: 0, SQLState: 00000","context":"default"}
{"timestamp":"2024-07-10 00:02:37.556","level":"WARN","thread":"restartedMain","logger":"org.hibernate.engine.jdbc.spi.SqlExceptionHelper","message":"table \"user_community\" does not exist, skipping","context":"default"}
{"timestamp":"2024-07-10 00:02:37.556","level":"WARN","thread":"restartedMain","logger":"org.hibernate.engine.jdbc.spi.SqlExceptionHelper","message":"SQL Warning Code: 0, SQLState: 00000","context":"default"}
{"timestamp":"2024-07-10 00:02:37.556","level":"WARN","thread":"restartedMain","logger":"org.hibernate.engine.jdbc.spi.SqlExceptionHelper","message":"table \"users\" does not exist, skipping","context":"default"}
{"timestamp":"2024-07-10 00:02:37.557","level":"WARN","thread":"restartedMain","logger":"org.hibernate.engine.jdbc.spi.SqlExceptionHelper","message":"SQL Warning Code: 0, SQLState: 00000","context":"default"}
{"timestamp":"2024-07-10 00:02:37.557","level":"WARN","thread":"restartedMain","logger":"org.hibernate.engine.jdbc.spi.SqlExceptionHelper","message":"table \"verifcation_token\" does not exist, skipping","context":"default"}
{"timestamp":"2024-07-10 00:02:37.558","level":"WARN","thread":"restartedMain","logger":"org.hibernate.engine.jdbc.spi.SqlExceptionHelper","message":"SQL Warning Code: 0, SQLState: 00000","context":"default"}
{"timestamp":"2024-07-10 00:02:37.558","level":"WARN","thread":"restartedMain","logger":"org.hibernate.engine.jdbc.spi.SqlExceptionHelper","message":"table \"waitlist\" does not exist, skipping","context":"default"}
{"timestamp":"2024-07-10 00:02:37.662","level":"INFO","thread":"restartedMain","logger":"org.springframework.orm.jpa.LocalContainerEntityManagerFactoryBean","message":"Initialized JPA EntityManagerFactory for persistence unit 'default'","context":"default"}
{"timestamp":"2024-07-10 00:02:38.163","level":"INFO","thread":"restartedMain","logger":"org.springframework.security.config.annotation.authentication.configuration.InitializeAuthenticationProviderBeanManagerConfigurer$InitializeAuthenticationProviderManagerConfigurer","message":"Global AuthenticationManager configured with AuthenticationProvider bean with name authenticationProvider","context":"default"}
{"timestamp":"2024-07-10 00:02:38.163","level":"WARN","thread":"restartedMain","logger":"org.springframework.security.config.annotation.authentication.configuration.InitializeUserDetailsBeanManagerConfigurer$InitializeUserDetailsManagerConfigurer","message":"Global AuthenticationManager configured with an AuthenticationProvider bean. UserDetailsService beans will not be used for username/password login. Consider removing the AuthenticationProvider bean. Alternatively, consider using the UserDetailsService in a manually instantiated DaoAuthenticationProvider.","context":"default"}
{"timestamp":"2024-07-10 00:02:38.337","level":"WARN","thread":"restartedMain","logger":"org.springframework.boot.autoconfigure.orm.jpa.JpaBaseConfiguration$JpaWebConfiguration","message":"spring.jpa.open-in-view is enabled by default. Therefore, database queries may be performed during view rendering. Explicitly configure spring.jpa.open-in-view to disable this warning","context":"default"}
{"timestamp":"2024-07-10 00:02:38.575","level":"INFO","thread":"restartedMain","logger":"org.springframework.security.web.DefaultSecurityFilterChain","message":"Will secure any request with [org.springframework.security.web.session.DisableEncodeUrlFilter@e32d5b6, org.springframework.security.web.context.request.async.WebAsyncManagerIntegrationFilter@7ae2ea30, org.springframework.security.web.context.SecurityContextHolderFilter@2a095427, org.springframework.security.web.header.HeaderWriterFilter@570f3d8d, org.springframework.security.web.authentication.logout.LogoutFilter@1f8fa69b, com.Synctec.Synctec.security.JwtAuthFilter$$SpringCGLIB$$0@2d33e4c0, org.springframework.security.web.savedrequest.RequestCacheAwareFilter@9bc87a1, org.springframework.security.web.servletapi.SecurityContextHolderAwareRequestFilter@6bc0b1b4, org.springframework.security.web.authentication.AnonymousAuthenticationFilter@4da6b4c8, org.springframework.security.web.session.SessionManagementFilter@3286e896, org.springframework.security.web.access.ExceptionTranslationFilter@32e7fb4d, org.springframework.security.web.access.intercept.AuthorizationFilter@46f65a4a]","context":"default"}
{"timestamp":"2024-07-10 00:02:38.796","level":"INFO","thread":"restartedMain","logger":"org.springframework.boot.devtools.autoconfigure.OptionalLiveReloadServer","message":"LiveReload server is running on port 35729","context":"default"}
{"timestamp":"2024-07-10 00:02:38.813","level":"INFO","thread":"restartedMain","logger":"org.apache.coyote.http11.Http11NioProtocol","message":"Starting ProtocolHandler [\"http-nio-8085\"]","context":"default"}
{"timestamp":"2024-07-10 00:02:38.821","level":"INFO","thread":"restartedMain","logger":"org.springframework.boot.web.embedded.tomcat.TomcatWebServer","message":"Tomcat started on port 8085 (http) with context path '/'","context":"default"}
{"timestamp":"2024-07-10 00:02:38.830","level":"INFO","thread":"restartedMain","logger":"com.Synctec.Synctec.SynctecApplication","message":"Started SynctecApplication in 4.893 seconds (process running for 5.861)","context":"default"}
{"timestamp":"2024-07-10 00:02:49.093","level":"INFO","thread":"http-nio-8085-exec-2","logger":"org.apache.catalina.core.ContainerBase.[Tomcat].[localhost].[/]","message":"Initializing Spring DispatcherServlet 'dispatcherServlet'","context":"default"}
{"timestamp":"2024-07-10 00:02:49.094","level":"INFO","thread":"http-nio-8085-exec-2","logger":"org.springframework.web.servlet.DispatcherServlet","message":"Initializing Servlet 'dispatcherServlet'","context":"default"}
{"timestamp":"2024-07-10 00:02:49.095","level":"INFO","thread":"http-nio-8085-exec-2","logger":"org.springframework.web.servlet.DispatcherServlet","message":"Completed initialization in 1 ms","context":"default"}
{"timestamp":"2024-07-10 00:02:49.436","level":"INFO","thread":"http-nio-8085-exec-2","logger":"com.Synctec.Synctec.email.EmailService","message":"Trying to send the otp","context":"default"}
{"timestamp":"2024-07-10 00:03:09.263","level":"INFO","thread":"http-nio-8085-exec-3","logger":"com.Synctec.Synctec.controllers.Auth.AuthController","message":"here to verify the otp 327178","context":"default"}
{"timestamp":"2024-07-10 00:03:09.263","level":"INFO","thread":"http-nio-8085-exec-3","logger":"com.Synctec.Synctec.service.impl.BaseUserImpl.BaseUserImpl","message":"inside validate otp method","context":"default"}
{"timestamp":"2024-07-10 00:03:13.749","level":"INFO","thread":"http-nio-8085-exec-4","logger":"com.Synctec.Synctec.controllers.Auth.AuthController","message":"creating username for user {}Optadave","context":"default"}
{"timestamp":"2024-07-10 00:03:17.348","level":"INFO","thread":"http-nio-8085-exec-5","logger":"com.Synctec.Synctec.controllers.Auth.AuthController","message":"Login user {}Optadave","context":"default"}
{"timestamp":"2024-07-10 00:03:17.352","level":"INFO","thread":"http-nio-8085-exec-5","logger":"com.Synctec.Synctec.service.impl.BaseUserImpl.BaseUserImpl","message":"This is the user object BaseEntity(id=81a7bc6a-0c8a-4f26-943b-0f856a75206c, createdDate=2024-07-09T23:02:52.588791Z, updatedDate=2024-07-09T23:03:13.762870Z)","context":"default"}
{"timestamp":"2024-07-10 00:03:27.720","level":"INFO","thread":"http-nio-8085-exec-6","logger":"com.Synctec.Synctec.security.JwtAuthFilter","message":"This is the jwt token eyJhbGciOiJIUzM4NCJ9.eyJzdWIiOiI4MWE3YmM2YS0wYzhhLTRmMjYtOTQzYi0wZjg1NmE3NTIwNmMiLCJBY3RpdmUiOnRydWUsInJvbGUiOlt7ImF1dGhvcml0eSI6InVzZXIifV0sInVzZXJOYW1lIjoiT3B0YWRhdmUiLCJpYXQiOjE3MjA1NjYxOTcsImV4cCI6MTcyMDYwMjE5N30.8VKjBm2ewhdutl1o3zZWIvxtDoaIPpfQnvQNFagm1FZOXX8ISbSDI_EAnlq3SBob","context":"default"}
{"timestamp":"2024-07-10 00:03:27.759","level":"INFO","thread":"http-nio-8085-exec-6","logger":"com.Synctec.Synctec.security.JwtAuthFilter","message":"This is the userId 81a7bc6a-0c8a-4f26-943b-0f856a75206c","context":"default"}
{"timestamp":"2024-07-10 00:03:27.762","level":"INFO","thread":"http-nio-8085-exec-6","logger":"com.Synctec.Synctec.security.JwtServiceImpl","message":"here to check if the jwt is valid eyJhbGciOiJIUzM4NCJ9.eyJzdWIiOiI4MWE3YmM2YS0wYzhhLTRmMjYtOTQzYi0wZjg1NmE3NTIwNmMiLCJBY3RpdmUiOnRydWUsInJvbGUiOlt7ImF1dGhvcml0eSI6InVzZXIifV0sInVzZXJOYW1lIjoiT3B0YWRhdmUiLCJpYXQiOjE3MjA1NjYxOTcsImV4cCI6MTcyMDYwMjE5N30.8VKjBm2ewhdutl1o3zZWIvxtDoaIPpfQnvQNFagm1FZOXX8ISbSDI_EAnlq3SBob","context":"default"}
{"timestamp":"2024-07-10 00:03:27.763","level":"INFO","thread":"http-nio-8085-exec-6","logger":"com.Synctec.Synctec.security.JwtServiceImpl","message":"the user id 81a7bc6a-0c8a-4f26-943b-0f856a75206c","context":"default"}
{"timestamp":"2024-07-10 00:03:27.763","level":"INFO","thread":"http-nio-8085-exec-6","logger":"com.Synctec.Synctec.security.JwtServiceImpl","message":"the user id from the base user 81a7bc6a-0c8a-4f26-943b-0f856a75206c","context":"default"}
{"timestamp":"2024-07-10 00:03:27.796","level":"INFO","thread":"http-nio-8085-exec-6","logger":"com.Synctec.Synctec.controllers.Posts.PostController","message":"This is the title:The gaming experience","context":"default"}
{"timestamp":"2024-07-10 00:03:27.797","level":"INFO","thread":"http-nio-8085-exec-6","logger":"com.Synctec.Synctec.controllers.Posts.PostController","message":"This is the file:David Chukwudile.jpg","context":"default"}
{"timestamp":"2024-07-10 00:03:27.797","level":"INFO","thread":"http-nio-8085-exec-6","logger":"com.Synctec.Synctec.controllers.Posts.PostController","message":"this is the request:81a7bc6a-0c8a-4f26-943b-0f856a75206c","context":"default"}
{"timestamp":"2024-07-10 00:03:40.271","level":"INFO","thread":"http-nio-8085-exec-7","logger":"com.Synctec.Synctec.security.JwtAuthFilter","message":"This is the jwt token eyJhbGciOiJIUzM4NCJ9.eyJzdWIiOiI4MWE3YmM2YS0wYzhhLTRmMjYtOTQzYi0wZjg1NmE3NTIwNmMiLCJBY3RpdmUiOnRydWUsInJvbGUiOlt7ImF1dGhvcml0eSI6InVzZXIifV0sInVzZXJOYW1lIjoiT3B0YWRhdmUiLCJpYXQiOjE3MjA1NjYxOTcsImV4cCI6MTcyMDYwMjE5N30.8VKjBm2ewhdutl1o3zZWIvxtDoaIPpfQnvQNFagm1FZOXX8ISbSDI_EAnlq3SBob","context":"default"}
{"timestamp":"2024-07-10 00:03:40.273","level":"INFO","thread":"http-nio-8085-exec-7","logger":"com.Synctec.Synctec.security.JwtAuthFilter","message":"This is the userId 81a7bc6a-0c8a-4f26-943b-0f856a75206c","context":"default"}
{"timestamp":"2024-07-10 00:03:40.275","level":"INFO","thread":"http-nio-8085-exec-7","logger":"com.Synctec.Synctec.security.JwtServiceImpl","message":"here to check if the jwt is valid eyJhbGciOiJIUzM4NCJ9.eyJzdWIiOiI4MWE3YmM2YS0wYzhhLTRmMjYtOTQzYi0wZjg1NmE3NTIwNmMiLCJBY3RpdmUiOnRydWUsInJvbGUiOlt7ImF1dGhvcml0eSI6InVzZXIifV0sInVzZXJOYW1lIjoiT3B0YWRhdmUiLCJpYXQiOjE3MjA1NjYxOTcsImV4cCI6MTcyMDYwMjE5N30.8VKjBm2ewhdutl1o3zZWIvxtDoaIPpfQnvQNFagm1FZOXX8ISbSDI_EAnlq3SBob","context":"default"}
{"timestamp":"2024-07-10 00:03:40.275","level":"INFO","thread":"http-nio-8085-exec-7","logger":"com.Synctec.Synctec.security.JwtServiceImpl","message":"the user id 81a7bc6a-0c8a-4f26-943b-0f856a75206c","context":"default"}
{"timestamp":"2024-07-10 00:03:40.275","level":"INFO","thread":"http-nio-8085-exec-7","logger":"com.Synctec.Synctec.security.JwtServiceImpl","message":"the user id from the base user 81a7bc6a-0c8a-4f26-943b-0f856a75206c","context":"default"}
{"timestamp":"2024-07-10 00:03:40.279","level":"INFO","thread":"http-nio-8085-exec-7","logger":"com.Synctec.Synctec.controllers.Posts.PostController","message":"this is the request:com.Synctec.Synctec.dtos.request.CreateCommentDTO$Request@323df7dc","context":"default"}
{"timestamp":"2024-07-10 00:03:40.279","level":"INFO","thread":"http-nio-8085-exec-7","logger":"com.Synctec.Synctec.service.impl.BaseUserImpl.PostServiceImpl","message":"This is the userId:81a7bc6a-0c8a-4f26-943b-0f856a75206c","context":"default"}
{"timestamp":"2024-07-10 00:03:40.279","level":"INFO","thread":"http-nio-8085-exec-7","logger":"com.Synctec.Synctec.service.impl.BaseUserImpl.PostServiceImpl","message":"This is the postId:563f6329-347b-45b2-b425-a7bc4160919d","context":"default"}
{"timestamp":"2024-07-10 00:03:47.529","level":"INFO","thread":"http-nio-8085-exec-8","logger":"com.Synctec.Synctec.security.JwtAuthFilter","message":"This is the jwt token eyJhbGciOiJIUzM4NCJ9.eyJzdWIiOiI4MWE3YmM2YS0wYzhhLTRmMjYtOTQzYi0wZjg1NmE3NTIwNmMiLCJBY3RpdmUiOnRydWUsInJvbGUiOlt7ImF1dGhvcml0eSI6InVzZXIifV0sInVzZXJOYW1lIjoiT3B0YWRhdmUiLCJpYXQiOjE3MjA1NjYxOTcsImV4cCI6MTcyMDYwMjE5N30.8VKjBm2ewhdutl1o3zZWIvxtDoaIPpfQnvQNFagm1FZOXX8ISbSDI_EAnlq3SBob","context":"default"}
{"timestamp":"2024-07-10 00:03:47.531","level":"INFO","thread":"http-nio-8085-exec-8","logger":"com.Synctec.Synctec.security.JwtAuthFilter","message":"This is the userId 81a7bc6a-0c8a-4f26-943b-0f856a75206c","context":"default"}
{"timestamp":"2024-07-10 00:03:47.533","level":"INFO","thread":"http-nio-8085-exec-8","logger":"com.Synctec.Synctec.security.JwtServiceImpl","message":"here to check if the jwt is valid eyJhbGciOiJIUzM4NCJ9.eyJzdWIiOiI4MWE3YmM2YS0wYzhhLTRmMjYtOTQzYi0wZjg1NmE3NTIwNmMiLCJBY3RpdmUiOnRydWUsInJvbGUiOlt7ImF1dGhvcml0eSI6InVzZXIifV0sInVzZXJOYW1lIjoiT3B0YWRhdmUiLCJpYXQiOjE3MjA1NjYxOTcsImV4cCI6MTcyMDYwMjE5N30.8VKjBm2ewhdutl1o3zZWIvxtDoaIPpfQnvQNFagm1FZOXX8ISbSDI_EAnlq3SBob","context":"default"}
{"timestamp":"2024-07-10 00:03:47.534","level":"INFO","thread":"http-nio-8085-exec-8","logger":"com.Synctec.Synctec.security.JwtServiceImpl","message":"the user id 81a7bc6a-0c8a-4f26-943b-0f856a75206c","context":"default"}
{"timestamp":"2024-07-10 00:03:47.534","level":"INFO","thread":"http-nio-8085-exec-8","logger":"com.Synctec.Synctec.security.JwtServiceImpl","message":"the user id from the base user 81a7bc6a-0c8a-4f26-943b-0f856a75206c","context":"default"}
{"timestamp":"2024-07-10 00:03:47.537","level":"INFO","thread":"http-nio-8085-exec-8","logger":"com.Synctec.Synctec.controllers.Posts.PostController","message":"this is the request:com.Synctec.Synctec.dtos.request.CreateReplyDto$Request@60910ac8","context":"default"}
{"timestamp":"2024-07-10 00:03:47.538","level":"INFO","thread":"http-nio-8085-exec-8","logger":"com.Synctec.Synctec.service.impl.BaseUserImpl.PostServiceImpl","message":"This is the userId:81a7bc6a-0c8a-4f26-943b-0f856a75206c","context":"default"}
{"timestamp":"2024-07-10 00:03:47.538","level":"INFO","thread":"http-nio-8085-exec-8","logger":"com.Synctec.Synctec.service.impl.BaseUserImpl.PostServiceImpl","message":"This is the postId:563f6329-347b-45b2-b425-a7bc4160919d","context":"default"}
{"timestamp":"2024-07-10 00:03:59.653","level":"INFO","thread":"http-nio-8085-exec-9","logger":"com.Synctec.Synctec.security.JwtAuthFilter","message":"This is the jwt token eyJhbGciOiJIUzM4NCJ9.eyJzdWIiOiI4MWE3YmM2YS0wYzhhLTRmMjYtOTQzYi0wZjg1NmE3NTIwNmMiLCJBY3RpdmUiOnRydWUsInJvbGUiOlt7ImF1dGhvcml0eSI6InVzZXIifV0sInVzZXJOYW1lIjoiT3B0YWRhdmUiLCJpYXQiOjE3MjA1NjYxOTcsImV4cCI6MTcyMDYwMjE5N30.8VKjBm2ewhdutl1o3zZWIvxtDoaIPpfQnvQNFagm1FZOXX8ISbSDI_EAnlq3SBob","context":"default"}
{"timestamp":"2024-07-10 00:03:59.654","level":"INFO","thread":"http-nio-8085-exec-9","logger":"com.Synctec.Synctec.security.JwtAuthFilter","message":"This is the userId 81a7bc6a-0c8a-4f26-943b-0f856a75206c","context":"default"}
{"timestamp":"2024-07-10 00:03:59.656","level":"INFO","thread":"http-nio-8085-exec-9","logger":"com.Synctec.Synctec.security.JwtServiceImpl","message":"here to check if the jwt is valid eyJhbGciOiJIUzM4NCJ9.eyJzdWIiOiI4MWE3YmM2YS0wYzhhLTRmMjYtOTQzYi0wZjg1NmE3NTIwNmMiLCJBY3RpdmUiOnRydWUsInJvbGUiOlt7ImF1dGhvcml0eSI6InVzZXIifV0sInVzZXJOYW1lIjoiT3B0YWRhdmUiLCJpYXQiOjE3MjA1NjYxOTcsImV4cCI6MTcyMDYwMjE5N30.8VKjBm2ewhdutl1o3zZWIvxtDoaIPpfQnvQNFagm1FZOXX8ISbSDI_EAnlq3SBob","context":"default"}
{"timestamp":"2024-07-10 00:03:59.657","level":"INFO","thread":"http-nio-8085-exec-9","logger":"com.Synctec.Synctec.security.JwtServiceImpl","message":"the user id 81a7bc6a-0c8a-4f26-943b-0f856a75206c","context":"default"}
{"timestamp":"2024-07-10 00:03:59.657","level":"INFO","thread":"http-nio-8085-exec-9","logger":"com.Synctec.Synctec.security.JwtServiceImpl","message":"the user id from the base user 81a7bc6a-0c8a-4f26-943b-0f856a75206c","context":"default"}
{"timestamp":"2024-07-10 00:03:59.660","level":"INFO","thread":"http-nio-8085-exec-9","logger":"com.Synctec.Synctec.controllers.Posts.PostController","message":"this is the request to like a post:com.Synctec.Synctec.dtos.request.PostLikeRequest@59f72feb","context":"default"}
{"timestamp":"2024-07-10 00:04:04.325","level":"INFO","thread":"http-nio-8085-exec-10","logger":"com.Synctec.Synctec.security.JwtAuthFilter","message":"This is the jwt token eyJhbGciOiJIUzM4NCJ9.eyJzdWIiOiI4MWE3YmM2YS0wYzhhLTRmMjYtOTQzYi0wZjg1NmE3NTIwNmMiLCJBY3RpdmUiOnRydWUsInJvbGUiOlt7ImF1dGhvcml0eSI6InVzZXIifV0sInVzZXJOYW1lIjoiT3B0YWRhdmUiLCJpYXQiOjE3MjA1NjYxOTcsImV4cCI6MTcyMDYwMjE5N30.8VKjBm2ewhdutl1o3zZWIvxtDoaIPpfQnvQNFagm1FZOXX8ISbSDI_EAnlq3SBob","context":"default"}
{"timestamp":"2024-07-10 00:04:04.326","level":"INFO","thread":"http-nio-8085-exec-10","logger":"com.Synctec.Synctec.security.JwtAuthFilter","message":"This is the userId 81a7bc6a-0c8a-4f26-943b-0f856a75206c","context":"default"}
{"timestamp":"2024-07-10 00:04:04.328","level":"INFO","thread":"http-nio-8085-exec-10","logger":"com.Synctec.Synctec.security.JwtServiceImpl","message":"here to check if the jwt is valid eyJhbGciOiJIUzM4NCJ9.eyJzdWIiOiI4MWE3YmM2YS0wYzhhLTRmMjYtOTQzYi0wZjg1NmE3NTIwNmMiLCJBY3RpdmUiOnRydWUsInJvbGUiOlt7ImF1dGhvcml0eSI6InVzZXIifV0sInVzZXJOYW1lIjoiT3B0YWRhdmUiLCJpYXQiOjE3MjA1NjYxOTcsImV4cCI6MTcyMDYwMjE5N30.8VKjBm2ewhdutl1o3zZWIvxtDoaIPpfQnvQNFagm1FZOXX8ISbSDI_EAnlq3SBob","context":"default"}
{"timestamp":"2024-07-10 00:04:04.329","level":"INFO","thread":"http-nio-8085-exec-10","logger":"com.Synctec.Synctec.security.JwtServiceImpl","message":"the user id 81a7bc6a-0c8a-4f26-943b-0f856a75206c","context":"default"}
{"timestamp":"2024-07-10 00:04:04.329","level":"INFO","thread":"http-nio-8085-exec-10","logger":"com.Synctec.Synctec.security.JwtServiceImpl","message":"the user id from the base user 81a7bc6a-0c8a-4f26-943b-0f856a75206c","context":"default"}
{"timestamp":"2024-07-10 00:06:45.886","level":"INFO","thread":"http-nio-8085-exec-2","mdc":{"requestTime":"2024-07-10T00:02:52.622532","data":"com.Synctec.Synctec.dtos.request.CreateUserRequest$SignUpResponse@6dc44ea","message":"User successfully created","requestId":"875a3ca3-2867-4516-a45c-9f5198142674"},"logger":"com.Synctec.Synctec.security.JwtAuthFilter","message":"This is the jwt token eyJhbGciOiJIUzM4NCJ9.eyJzdWIiOiI4MWE3YmM2YS0wYzhhLTRmMjYtOTQzYi0wZjg1NmE3NTIwNmMiLCJBY3RpdmUiOnRydWUsInJvbGUiOlt7ImF1dGhvcml0eSI6InVzZXIifV0sInVzZXJOYW1lIjoiT3B0YWRhdmUiLCJpYXQiOjE3MjA1NjYxOTcsImV4cCI6MTcyMDYwMjE5N30.8VKjBm2ewhdutl1o3zZWIvxtDoaIPpfQnvQNFagm1FZOXX8ISbSDI_EAnlq3SBob","context":"default"}
{"timestamp":"2024-07-10 00:06:45.888","level":"INFO","thread":"http-nio-8085-exec-2","mdc":{"requestTime":"2024-07-10T00:02:52.622532","data":"com.Synctec.Synctec.dtos.request.CreateUserRequest$SignUpResponse@6dc44ea","message":"User successfully created","requestId":"875a3ca3-2867-4516-a45c-9f5198142674"},"logger":"com.Synctec.Synctec.security.JwtAuthFilter","message":"This is the userId 81a7bc6a-0c8a-4f26-943b-0f856a75206c","context":"default"}
{"timestamp":"2024-07-10 00:06:45.890","level":"INFO","thread":"http-nio-8085-exec-2","mdc":{"requestTime":"2024-07-10T00:02:52.622532","data":"com.Synctec.Synctec.dtos.request.CreateUserRequest$SignUpResponse@6dc44ea","message":"User successfully created","requestId":"875a3ca3-2867-4516-a45c-9f5198142674"},"logger":"com.Synctec.Synctec.security.JwtServiceImpl","message":"here to check if the jwt is valid eyJhbGciOiJIUzM4NCJ9.eyJzdWIiOiI4MWE3YmM2YS0wYzhhLTRmMjYtOTQzYi0wZjg1NmE3NTIwNmMiLCJBY3RpdmUiOnRydWUsInJvbGUiOlt7ImF1dGhvcml0eSI6InVzZXIifV0sInVzZXJOYW1lIjoiT3B0YWRhdmUiLCJpYXQiOjE3MjA1NjYxOTcsImV4cCI6MTcyMDYwMjE5N30.8VKjBm2ewhdutl1o3zZWIvxtDoaIPpfQnvQNFagm1FZOXX8ISbSDI_EAnlq3SBob","context":"default"}
{"timestamp":"2024-07-10 00:06:45.891","level":"INFO","thread":"http-nio-8085-exec-2","mdc":{"requestTime":"2024-07-10T00:02:52.622532","data":"com.Synctec.Synctec.dtos.request.CreateUserRequest$SignUpResponse@6dc44ea","message":"User successfully created","requestId":"875a3ca3-2867-4516-a45c-9f5198142674"},"logger":"com.Synctec.Synctec.security.JwtServiceImpl","message":"the user id 81a7bc6a-0c8a-4f26-943b-0f856a75206c","context":"default"}
{"timestamp":"2024-07-10 00:06:45.891","level":"INFO","thread":"http-nio-8085-exec-2","mdc":{"requestTime":"2024-07-10T00:02:52.622532","data":"com.Synctec.Synctec.dtos.request.CreateUserRequest$SignUpResponse@6dc44ea","message":"User successfully created","requestId":"875a3ca3-2867-4516-a45c-9f5198142674"},"logger":"com.Synctec.Synctec.security.JwtServiceImpl","message":"the user id from the base user 81a7bc6a-0c8a-4f26-943b-0f856a75206c","context":"default"}
{"timestamp":"2024-07-10 00:06:45.893","level":"INFO","thread":"http-nio-8085-exec-2","mdc":{"requestTime":"2024-07-10T00:02:52.622532","data":"com.Synctec.Synctec.dtos.request.CreateUserRequest$SignUpResponse@6dc44ea","message":"User successfully created","requestId":"875a3ca3-2867-4516-a45c-9f5198142674"},"logger":"com.Synctec.Synctec.controllers.Posts.PostController","message":"this is the request to like a post:com.Synctec.Synctec.dtos.request.CommentLikeRequest@2ca58f26","context":"default"}
{"timestamp":"2024-07-10 00:06:54.284","level":"INFO","thread":"http-nio-8085-exec-4","mdc":{"requestTime":"2024-07-10T00:03:13.764386","message":"successful created","requestId":"bac3af52-ea0b-461e-b6cc-35c0eb2a3ef9"},"logger":"com.Synctec.Synctec.security.JwtAuthFilter","message":"This is the jwt token eyJhbGciOiJIUzM4NCJ9.eyJzdWIiOiI4MWE3YmM2YS0wYzhhLTRmMjYtOTQzYi0wZjg1NmE3NTIwNmMiLCJBY3RpdmUiOnRydWUsInJvbGUiOlt7ImF1dGhvcml0eSI6InVzZXIifV0sInVzZXJOYW1lIjoiT3B0YWRhdmUiLCJpYXQiOjE3MjA1NjYxOTcsImV4cCI6MTcyMDYwMjE5N30.8VKjBm2ewhdutl1o3zZWIvxtDoaIPpfQnvQNFagm1FZOXX8ISbSDI_EAnlq3SBob","context":"default"}
{"timestamp":"2024-07-10 00:06:54.285","level":"INFO","thread":"http-nio-8085-exec-4","mdc":{"requestTime":"2024-07-10T00:03:13.764386","message":"successful created","requestId":"bac3af52-ea0b-461e-b6cc-35c0eb2a3ef9"},"logger":"com.Synctec.Synctec.security.JwtAuthFilter","message":"This is the userId 81a7bc6a-0c8a-4f26-943b-0f856a75206c","context":"default"}
{"timestamp":"2024-07-10 00:06:54.287","level":"INFO","thread":"http-nio-8085-exec-4","mdc":{"requestTime":"2024-07-10T00:03:13.764386","message":"successful created","requestId":"bac3af52-ea0b-461e-b6cc-35c0eb2a3ef9"},"logger":"com.Synctec.Synctec.security.JwtServiceImpl","message":"here to check if the jwt is valid eyJhbGciOiJIUzM4NCJ9.eyJzdWIiOiI4MWE3YmM2YS0wYzhhLTRmMjYtOTQzYi0wZjg1NmE3NTIwNmMiLCJBY3RpdmUiOnRydWUsInJvbGUiOlt7ImF1dGhvcml0eSI6InVzZXIifV0sInVzZXJOYW1lIjoiT3B0YWRhdmUiLCJpYXQiOjE3MjA1NjYxOTcsImV4cCI6MTcyMDYwMjE5N30.8VKjBm2ewhdutl1o3zZWIvxtDoaIPpfQnvQNFagm1FZOXX8ISbSDI_EAnlq3SBob","context":"default"}
{"timestamp":"2024-07-10 00:06:54.287","level":"INFO","thread":"http-nio-8085-exec-4","mdc":{"requestTime":"2024-07-10T00:03:13.764386","message":"successful created","requestId":"bac3af52-ea0b-461e-b6cc-35c0eb2a3ef9"},"logger":"com.Synctec.Synctec.security.JwtServiceImpl","message":"the user id 81a7bc6a-0c8a-4f26-943b-0f856a75206c","context":"default"}
{"timestamp":"2024-07-10 00:06:54.288","level":"INFO","thread":"http-nio-8085-exec-4","mdc":{"requestTime":"2024-07-10T00:03:13.764386","message":"successful created","requestId":"bac3af52-ea0b-461e-b6cc-35c0eb2a3ef9"},"logger":"com.Synctec.Synctec.security.JwtServiceImpl","message":"the user id from the base user 81a7bc6a-0c8a-4f26-943b-0f856a75206c","context":"default"}
{"timestamp":"2024-07-10 00:07:04.141","level":"INFO","thread":"http-nio-8085-exec-5","mdc":{"requestTime":"2024-07-10T00:03:17.580259","data":"com.Synctec.Synctec.dtos.request.LoginDTO$Response@72e9af9e","message":"Login successful","requestId":"1b339f35-c65b-4cb8-b166-416751298902"},"logger":"com.Synctec.Synctec.security.JwtAuthFilter","message":"This is the jwt token eyJhbGciOiJIUzM4NCJ9.eyJzdWIiOiI4MWE3YmM2YS0wYzhhLTRmMjYtOTQzYi0wZjg1NmE3NTIwNmMiLCJBY3RpdmUiOnRydWUsInJvbGUiOlt7ImF1dGhvcml0eSI6InVzZXIifV0sInVzZXJOYW1lIjoiT3B0YWRhdmUiLCJpYXQiOjE3MjA1NjYxOTcsImV4cCI6MTcyMDYwMjE5N30.8VKjBm2ewhdutl1o3zZWIvxtDoaIPpfQnvQNFagm1FZOXX8ISbSDI_EAnlq3SBob","context":"default"}
{"timestamp":"2024-07-10 00:07:04.142","level":"INFO","thread":"http-nio-8085-exec-5","mdc":{"requestTime":"2024-07-10T00:03:17.580259","data":"com.Synctec.Synctec.dtos.request.LoginDTO$Response@72e9af9e","message":"Login successful","requestId":"1b339f35-c65b-4cb8-b166-416751298902"},"logger":"com.Synctec.Synctec.security.JwtAuthFilter","message":"This is the userId 81a7bc6a-0c8a-4f26-943b-0f856a75206c","context":"default"}
{"timestamp":"2024-07-10 00:07:04.144","level":"INFO","thread":"http-nio-8085-exec-5","mdc":{"requestTime":"2024-07-10T00:03:17.580259","data":"com.Synctec.Synctec.dtos.request.LoginDTO$Response@72e9af9e","message":"Login successful","requestId":"1b339f35-c65b-4cb8-b166-416751298902"},"logger":"com.Synctec.Synctec.security.JwtServiceImpl","message":"here to check if the jwt is valid eyJhbGciOiJIUzM4NCJ9.eyJzdWIiOiI4MWE3YmM2YS0wYzhhLTRmMjYtOTQzYi0wZjg1NmE3NTIwNmMiLCJBY3RpdmUiOnRydWUsInJvbGUiOlt7ImF1dGhvcml0eSI6InVzZXIifV0sInVzZXJOYW1lIjoiT3B0YWRhdmUiLCJpYXQiOjE3MjA1NjYxOTcsImV4cCI6MTcyMDYwMjE5N30.8VKjBm2ewhdutl1o3zZWIvxtDoaIPpfQnvQNFagm1FZOXX8ISbSDI_EAnlq3SBob","context":"default"}
{"timestamp":"2024-07-10 00:07:04.145","level":"INFO","thread":"http-nio-8085-exec-5","mdc":{"requestTime":"2024-07-10T00:03:17.580259","data":"com.Synctec.Synctec.dtos.request.LoginDTO$Response@72e9af9e","message":"Login successful","requestId":"1b339f35-c65b-4cb8-b166-416751298902"},"logger":"com.Synctec.Synctec.security.JwtServiceImpl","message":"the user id 81a7bc6a-0c8a-4f26-943b-0f856a75206c","context":"default"}
{"timestamp":"2024-07-10 00:07:04.145","level":"INFO","thread":"http-nio-8085-exec-5","mdc":{"requestTime":"2024-07-10T00:03:17.580259","data":"com.Synctec.Synctec.dtos.request.LoginDTO$Response@72e9af9e","message":"Login successful","requestId":"1b339f35-c65b-4cb8-b166-416751298902"},"logger":"com.Synctec.Synctec.security.JwtServiceImpl","message":"the user id from the base user 81a7bc6a-0c8a-4f26-943b-0f856a75206c","context":"default"}
{"timestamp":"2024-07-10 00:07:04.146","level":"INFO","thread":"http-nio-8085-exec-5","mdc":{"requestTime":"2024-07-10T00:03:17.580259","data":"com.Synctec.Synctec.dtos.request.LoginDTO$Response@72e9af9e","message":"Login successful","requestId":"1b339f35-c65b-4cb8-b166-416751298902"},"logger":"com.Synctec.Synctec.controllers.Posts.PostController","message":"this is the request to like a post:com.Synctec.Synctec.dtos.request.CommentLikeRequest@55dd7ff4","context":"default"}
{"timestamp":"2024-07-10 00:07:12.496","level":"INFO","thread":"http-nio-8085-exec-6","mdc":{"requestTime":"2024-07-10T00:03:31.722039","data":"com.Synctec.Synctec.dtos.response.CreatePostResponse@3ed14afe","message":"post successfully created","requestId":"485e11d7-2a05-4ac5-890d-d7260643a0cc"},"logger":"com.Synctec.Synctec.security.JwtAuthFilter","message":"This is the jwt token eyJhbGciOiJIUzM4NCJ9.eyJzdWIiOiI4MWE3YmM2YS0wYzhhLTRmMjYtOTQzYi0wZjg1NmE3NTIwNmMiLCJBY3RpdmUiOnRydWUsInJvbGUiOlt7ImF1dGhvcml0eSI6InVzZXIifV0sInVzZXJOYW1lIjoiT3B0YWRhdmUiLCJpYXQiOjE3MjA1NjYxOTcsImV4cCI6MTcyMDYwMjE5N30.8VKjBm2ewhdutl1o3zZWIvxtDoaIPpfQnvQNFagm1FZOXX8ISbSDI_EAnlq3SBob","context":"default"}
{"timestamp":"2024-07-10 00:07:12.496","level":"INFO","thread":"http-nio-8085-exec-6","mdc":{"requestTime":"2024-07-10T00:03:31.722039","data":"com.Synctec.Synctec.dtos.response.CreatePostResponse@3ed14afe","message":"post successfully created","requestId":"485e11d7-2a05-4ac5-890d-d7260643a0cc"},"logger":"com.Synctec.Synctec.security.JwtAuthFilter","message":"This is the userId 81a7bc6a-0c8a-4f26-943b-0f856a75206c","context":"default"}
{"timestamp":"2024-07-10 00:07:12.498","level":"INFO","thread":"http-nio-8085-exec-6","mdc":{"requestTime":"2024-07-10T00:03:31.722039","data":"com.Synctec.Synctec.dtos.response.CreatePostResponse@3ed14afe","message":"post successfully created","requestId":"485e11d7-2a05-4ac5-890d-d7260643a0cc"},"logger":"com.Synctec.Synctec.security.JwtServiceImpl","message":"here to check if the jwt is valid eyJhbGciOiJIUzM4NCJ9.eyJzdWIiOiI4MWE3YmM2YS0wYzhhLTRmMjYtOTQzYi0wZjg1NmE3NTIwNmMiLCJBY3RpdmUiOnRydWUsInJvbGUiOlt7ImF1dGhvcml0eSI6InVzZXIifV0sInVzZXJOYW1lIjoiT3B0YWRhdmUiLCJpYXQiOjE3MjA1NjYxOTcsImV4cCI6MTcyMDYwMjE5N30.8VKjBm2ewhdutl1o3zZWIvxtDoaIPpfQnvQNFagm1FZOXX8ISbSDI_EAnlq3SBob","context":"default"}
{"timestamp":"2024-07-10 00:07:12.498","level":"INFO","thread":"http-nio-8085-exec-6","mdc":{"requestTime":"2024-07-10T00:03:31.722039","data":"com.Synctec.Synctec.dtos.response.CreatePostResponse@3ed14afe","message":"post successfully created","requestId":"485e11d7-2a05-4ac5-890d-d7260643a0cc"},"logger":"com.Synctec.Synctec.security.JwtServiceImpl","message":"the user id 81a7bc6a-0c8a-4f26-943b-0f856a75206c","context":"default"}
{"timestamp":"2024-07-10 00:07:12.498","level":"INFO","thread":"http-nio-8085-exec-6","mdc":{"requestTime":"2024-07-10T00:03:31.722039","data":"com.Synctec.Synctec.dtos.response.CreatePostResponse@3ed14afe","message":"post successfully created","requestId":"485e11d7-2a05-4ac5-890d-d7260643a0cc"},"logger":"com.Synctec.Synctec.security.JwtServiceImpl","message":"the user id from the base user 81a7bc6a-0c8a-4f26-943b-0f856a75206c","context":"default"}
{"timestamp":"2024-07-10 00:09:09.837","level":"INFO","thread":"http-nio-8085-exec-9","mdc":{"requestTime":"2024-07-10T00:03:59.673692","message":"successful","requestId":"a176449c-f043-4054-8a4e-eeed26b08fa7"},"logger":"com.Synctec.Synctec.security.JwtAuthFilter","message":"This is the jwt token eyJhbGciOiJIUzM4NCJ9.eyJzdWIiOiI4MWE3YmM2YS0wYzhhLTRmMjYtOTQzYi0wZjg1NmE3NTIwNmMiLCJBY3RpdmUiOnRydWUsInJvbGUiOlt7ImF1dGhvcml0eSI6InVzZXIifV0sInVzZXJOYW1lIjoiT3B0YWRhdmUiLCJpYXQiOjE3MjA1NjYxOTcsImV4cCI6MTcyMDYwMjE5N30.8VKjBm2ewhdutl1o3zZWIvxtDoaIPpfQnvQNFagm1FZOXX8ISbSDI_EAnlq3SBob","context":"default"}
{"timestamp":"2024-07-10 00:09:09.838","level":"INFO","thread":"http-nio-8085-exec-9","mdc":{"requestTime":"2024-07-10T00:03:59.673692","message":"successful","requestId":"a176449c-f043-4054-8a4e-eeed26b08fa7"},"logger":"com.Synctec.Synctec.security.JwtAuthFilter","message":"This is the userId 81a7bc6a-0c8a-4f26-943b-0f856a75206c","context":"default"}
{"timestamp":"2024-07-10 00:09:09.840","level":"INFO","thread":"http-nio-8085-exec-9","mdc":{"requestTime":"2024-07-10T00:03:59.673692","message":"successful","requestId":"a176449c-f043-4054-8a4e-eeed26b08fa7"},"logger":"com.Synctec.Synctec.security.JwtServiceImpl","message":"here to check if the jwt is valid eyJhbGciOiJIUzM4NCJ9.eyJzdWIiOiI4MWE3YmM2YS0wYzhhLTRmMjYtOTQzYi0wZjg1NmE3NTIwNmMiLCJBY3RpdmUiOnRydWUsInJvbGUiOlt7ImF1dGhvcml0eSI6InVzZXIifV0sInVzZXJOYW1lIjoiT3B0YWRhdmUiLCJpYXQiOjE3MjA1NjYxOTcsImV4cCI6MTcyMDYwMjE5N30.8VKjBm2ewhdutl1o3zZWIvxtDoaIPpfQnvQNFagm1FZOXX8ISbSDI_EAnlq3SBob","context":"default"}
{"timestamp":"2024-07-10 00:09:09.840","level":"INFO","thread":"http-nio-8085-exec-9","mdc":{"requestTime":"2024-07-10T00:03:59.673692","message":"successful","requestId":"a176449c-f043-4054-8a4e-eeed26b08fa7"},"logger":"com.Synctec.Synctec.security.JwtServiceImpl","message":"the user id 81a7bc6a-0c8a-4f26-943b-0f856a75206c","context":"default"}
{"timestamp":"2024-07-10 00:09:09.841","level":"INFO","thread":"http-nio-8085-exec-9","mdc":{"requestTime":"2024-07-10T00:03:59.673692","message":"successful","requestId":"a176449c-f043-4054-8a4e-eeed26b08fa7"},"logger":"com.Synctec.Synctec.security.JwtServiceImpl","message":"the user id from the base user 81a7bc6a-0c8a-4f26-943b-0f856a75206c","context":"default"}
{"timestamp":"2024-07-10 00:09:16.464","level":"INFO","thread":"http-nio-8085-exec-10","mdc":{"requestTime":"2024-07-10T00:04:04.355379","data":"[PostWithDetailsDTO(postId=563f6329-347b-45b2-b425-a7bc4160919d, title=The gaming experience, slug=the-gaming-experience, mediaUrl=https://res.cloudinary.com/dzuygn6kw/image/upload/v1720481383/images/the-gaming-experience.jpg, likeCount=1, createdAt=2024-07-09T23:03:31.718981Z, comments=[CommentResponseDTO(commentId=bdd502bf-401d-4124-80e6-a1b0ca176912, userId=81a7bc6a-0c8a-4f26-943b-0f856a75206c, username=Optadave, content=I love this, likeCount=0, createdAt=2024-07-09T23:03:40.289988Z, replies=[ReplyResponseDTO(replyId=642a2f5c-e81a-4377-a30c-bc943977a550, userId=81a7bc6a-0c8a-4f26-943b-0f856a75206c, username=Optadave, content=I love this, likeCount=0, createdAt=2024-07-09T23:03:47.545799Z)])])]","message":"Successfully retrieved","requestId":"2410cfbc-fd6b-4fa7-a172-81a6b6796899"},"logger":"com.Synctec.Synctec.security.JwtAuthFilter","message":"This is the jwt token eyJhbGciOiJIUzM4NCJ9.eyJzdWIiOiI4MWE3YmM2YS0wYzhhLTRmMjYtOTQzYi0wZjg1NmE3NTIwNmMiLCJBY3RpdmUiOnRydWUsInJvbGUiOlt7ImF1dGhvcml0eSI6InVzZXIifV0sInVzZXJOYW1lIjoiT3B0YWRhdmUiLCJpYXQiOjE3MjA1NjYxOTcsImV4cCI6MTcyMDYwMjE5N30.8VKjBm2ewhdutl1o3zZWIvxtDoaIPpfQnvQNFagm1FZOXX8ISbSDI_EAnlq3SBob","context":"default"}
{"timestamp":"2024-07-10 00:09:16.465","level":"INFO","thread":"http-nio-8085-exec-10","mdc":{"requestTime":"2024-07-10T00:04:04.355379","data":"[PostWithDetailsDTO(postId=563f6329-347b-45b2-b425-a7bc4160919d, title=The gaming experience, slug=the-gaming-experience, mediaUrl=https://res.cloudinary.com/dzuygn6kw/image/upload/v1720481383/images/the-gaming-experience.jpg, likeCount=1, createdAt=2024-07-09T23:03:31.718981Z, comments=[CommentResponseDTO(commentId=bdd502bf-401d-4124-80e6-a1b0ca176912, userId=81a7bc6a-0c8a-4f26-943b-0f856a75206c, username=Optadave, content=I love this, likeCount=0, createdAt=2024-07-09T23:03:40.289988Z, replies=[ReplyResponseDTO(replyId=642a2f5c-e81a-4377-a30c-bc943977a550, userId=81a7bc6a-0c8a-4f26-943b-0f856a75206c, username=Optadave, content=I love this, likeCount=0, createdAt=2024-07-09T23:03:47.545799Z)])])]","message":"Successfully retrieved","requestId":"2410cfbc-fd6b-4fa7-a172-81a6b6796899"},"logger":"com.Synctec.Synctec.security.JwtAuthFilter","message":"This is the userId 81a7bc6a-0c8a-4f26-943b-0f856a75206c","context":"default"}
{"timestamp":"2024-07-10 00:09:16.467","level":"INFO","thread":"http-nio-8085-exec-10","mdc":{"requestTime":"2024-07-10T00:04:04.355379","data":"[PostWithDetailsDTO(postId=563f6329-347b-45b2-b425-a7bc4160919d, title=The gaming experience, slug=the-gaming-experience, mediaUrl=https://res.cloudinary.com/dzuygn6kw/image/upload/v1720481383/images/the-gaming-experience.jpg, likeCount=1, createdAt=2024-07-09T23:03:31.718981Z, comments=[CommentResponseDTO(commentId=bdd502bf-401d-4124-80e6-a1b0ca176912, userId=81a7bc6a-0c8a-4f26-943b-0f856a75206c, username=Optadave, content=I love this, likeCount=0, createdAt=2024-07-09T23:03:40.289988Z, replies=[ReplyResponseDTO(replyId=642a2f5c-e81a-4377-a30c-bc943977a550, userId=81a7bc6a-0c8a-4f26-943b-0f856a75206c, username=Optadave, content=I love this, likeCount=0, createdAt=2024-07-09T23:03:47.545799Z)])])]","message":"Successfully retrieved","requestId":"2410cfbc-fd6b-4fa7-a172-81a6b6796899"},"logger":"com.Synctec.Synctec.security.JwtServiceImpl","message":"here to check if the jwt is valid eyJhbGciOiJIUzM4NCJ9.eyJzdWIiOiI4MWE3YmM2YS0wYzhhLTRmMjYtOTQzYi0wZjg1NmE3NTIwNmMiLCJBY3RpdmUiOnRydWUsInJvbGUiOlt7ImF1dGhvcml0eSI6InVzZXIifV0sInVzZXJOYW1lIjoiT3B0YWRhdmUiLCJpYXQiOjE3MjA1NjYxOTcsImV4cCI6MTcyMDYwMjE5N30.8VKjBm2ewhdutl1o3zZWIvxtDoaIPpfQnvQNFagm1FZOXX8ISbSDI_EAnlq3SBob","context":"default"}
{"timestamp":"2024-07-10 00:09:16.467","level":"INFO","thread":"http-nio-8085-exec-10","mdc":{"requestTime":"2024-07-10T00:04:04.355379","data":"[PostWithDetailsDTO(postId=563f6329-347b-45b2-b425-a7bc4160919d, title=The gaming experience, slug=the-gaming-experience, mediaUrl=https://res.cloudinary.com/dzuygn6kw/image/upload/v1720481383/images/the-gaming-experience.jpg, likeCount=1, createdAt=2024-07-09T23:03:31.718981Z, comments=[CommentResponseDTO(commentId=bdd502bf-401d-4124-80e6-a1b0ca176912, userId=81a7bc6a-0c8a-4f26-943b-0f856a75206c, username=Optadave, content=I love this, likeCount=0, createdAt=2024-07-09T23:03:40.289988Z, replies=[ReplyResponseDTO(replyId=642a2f5c-e81a-4377-a30c-bc943977a550, userId=81a7bc6a-0c8a-4f26-943b-0f856a75206c, username=Optadave, content=I love this, likeCount=0, createdAt=2024-07-09T23:03:47.545799Z)])])]","message":"Successfully retrieved","requestId":"2410cfbc-fd6b-4fa7-a172-81a6b6796899"},"logger":"com.Synctec.Synctec.security.JwtServiceImpl","message":"the user id 81a7bc6a-0c8a-4f26-943b-0f856a75206c","context":"default"}
{"timestamp":"2024-07-10 00:09:16.468","level":"INFO","thread":"http-nio-8085-exec-10","mdc":{"requestTime":"2024-07-10T00:04:04.355379","data":"[PostWithDetailsDTO(postId=563f6329-347b-45b2-b425-a7bc4160919d, title=The gaming experience, slug=the-gaming-experience, mediaUrl=https://res.cloudinary.com/dzuygn6kw/image/upload/v1720481383/images/the-gaming-experience.jpg, likeCount=1, createdAt=2024-07-09T23:03:31.718981Z, comments=[CommentResponseDTO(commentId=bdd502bf-401d-4124-80e6-a1b0ca176912, userId=81a7bc6a-0c8a-4f26-943b-0f856a75206c, username=Optadave, content=I love this, likeCount=0, createdAt=2024-07-09T23:03:40.289988Z, replies=[ReplyResponseDTO(replyId=642a2f5c-e81a-4377-a30c-bc943977a550, userId=81a7bc6a-0c8a-4f26-943b-0f856a75206c, username=Optadave, content=I love this, likeCount=0, createdAt=2024-07-09T23:03:47.545799Z)])])]","message":"Successfully retrieved","requestId":"2410cfbc-fd6b-4fa7-a172-81a6b6796899"},"logger":"com.Synctec.Synctec.security.JwtServiceImpl","message":"the user id from the base user 81a7bc6a-0c8a-4f26-943b-0f856a75206c","context":"default"}
{"timestamp":"2024-07-10 00:13:54.498","level":"INFO","thread":"http-nio-8085-exec-2","mdc":{"requestTime":"2024-07-10T00:06:45.903818","data":"com.Synctec.Synctec.dtos.request.CreateUserRequest$SignUpResponse@6dc44ea","message":"Like toggled successfully","requestId":"a895fb6a-f93c-41ac-be3e-e35446337896"},"logger":"com.Synctec.Synctec.security.JwtAuthFilter","message":"This is the jwt token eyJhbGciOiJIUzM4NCJ9.eyJzdWIiOiI4MWE3YmM2YS0wYzhhLTRmMjYtOTQzYi0wZjg1NmE3NTIwNmMiLCJBY3RpdmUiOnRydWUsInJvbGUiOlt7ImF1dGhvcml0eSI6InVzZXIifV0sInVzZXJOYW1lIjoiT3B0YWRhdmUiLCJpYXQiOjE3MjA1NjYxOTcsImV4cCI6MTcyMDYwMjE5N30.8VKjBm2ewhdutl1o3zZWIvxtDoaIPpfQnvQNFagm1FZOXX8ISbSDI_EAnlq3SBob","context":"default"}
{"timestamp":"2024-07-10 00:13:54.500","level":"INFO","thread":"http-nio-8085-exec-2","mdc":{"requestTime":"2024-07-10T00:06:45.903818","data":"com.Synctec.Synctec.dtos.request.CreateUserRequest$SignUpResponse@6dc44ea","message":"Like toggled successfully","requestId":"a895fb6a-f93c-41ac-be3e-e35446337896"},"logger":"com.Synctec.Synctec.security.JwtAuthFilter","message":"This is the userId 81a7bc6a-0c8a-4f26-943b-0f856a75206c","context":"default"}
{"timestamp":"2024-07-10 00:13:54.502","level":"INFO","thread":"http-nio-8085-exec-2","mdc":{"requestTime":"2024-07-10T00:06:45.903818","data":"com.Synctec.Synctec.dtos.request.CreateUserRequest$SignUpResponse@6dc44ea","message":"Like toggled successfully","requestId":"a895fb6a-f93c-41ac-be3e-e35446337896"},"logger":"com.Synctec.Synctec.security.JwtServiceImpl","message":"here to check if the jwt is valid eyJhbGciOiJIUzM4NCJ9.eyJzdWIiOiI4MWE3YmM2YS0wYzhhLTRmMjYtOTQzYi0wZjg1NmE3NTIwNmMiLCJBY3RpdmUiOnRydWUsInJvbGUiOlt7ImF1dGhvcml0eSI6InVzZXIifV0sInVzZXJOYW1lIjoiT3B0YWRhdmUiLCJpYXQiOjE3MjA1NjYxOTcsImV4cCI6MTcyMDYwMjE5N30.8VKjBm2ewhdutl1o3zZWIvxtDoaIPpfQnvQNFagm1FZOXX8ISbSDI_EAnlq3SBob","context":"default"}
{"timestamp":"2024-07-10 00:13:54.505","level":"INFO","thread":"http-nio-8085-exec-2","mdc":{"requestTime":"2024-07-10T00:06:45.903818","data":"com.Synctec.Synctec.dtos.request.CreateUserRequest$SignUpResponse@6dc44ea","message":"Like toggled successfully","requestId":"a895fb6a-f93c-41ac-be3e-e35446337896"},"logger":"com.Synctec.Synctec.security.JwtServiceImpl","message":"the user id 81a7bc6a-0c8a-4f26-943b-0f856a75206c","context":"default"}
{"timestamp":"2024-07-10 00:13:54.505","level":"INFO","thread":"http-nio-8085-exec-2","mdc":{"requestTime":"2024-07-10T00:06:45.903818","data":"com.Synctec.Synctec.dtos.request.CreateUserRequest$SignUpResponse@6dc44ea","message":"Like toggled successfully","requestId":"a895fb6a-f93c-41ac-be3e-e35446337896"},"logger":"com.Synctec.Synctec.security.JwtServiceImpl","message":"the user id from the base user 81a7bc6a-0c8a-4f26-943b-0f856a75206c","context":"default"}
{"timestamp":"2024-07-10 00:14:00.020","level":"INFO","thread":"http-nio-8085-exec-4","mdc":{"requestTime":"2024-07-10T00:06:54.294008","data":"[PostWithDetailsDTO(postId=563f6329-347b-45b2-b425-a7bc4160919d, title=The gaming experience, slug=the-gaming-experience, mediaUrl=https://res.cloudinary.com/dzuygn6kw/image/upload/v1720481383/images/the-gaming-experience.jpg, likeCount=1, createdAt=2024-07-09T23:03:31.718981Z, comments=[CommentResponseDTO(commentId=bdd502bf-401d-4124-80e6-a1b0ca176912, userId=81a7bc6a-0c8a-4f26-943b-0f856a75206c, username=Optadave, content=I love this, likeCount=1, createdAt=2024-07-09T23:03:40.289988Z, replies=[ReplyResponseDTO(replyId=642a2f5c-e81a-4377-a30c-bc943977a550, userId=81a7bc6a-0c8a-4f26-943b-0f856a75206c, username=Optadave, content=I love this, likeCount=0, createdAt=2024-07-09T23:03:47.545799Z)])])]","message":"Successfully retrieved","requestId":"3ee171bf-c3c5-48fb-8f96-0ef281f6a533"},"logger":"com.Synctec.Synctec.security.JwtAuthFilter","message":"This is the jwt token eyJhbGciOiJIUzM4NCJ9.eyJzdWIiOiI4MWE3YmM2YS0wYzhhLTRmMjYtOTQzYi0wZjg1NmE3NTIwNmMiLCJBY3RpdmUiOnRydWUsInJvbGUiOlt7ImF1dGhvcml0eSI6InVzZXIifV0sInVzZXJOYW1lIjoiT3B0YWRhdmUiLCJpYXQiOjE3MjA1NjYxOTcsImV4cCI6MTcyMDYwMjE5N30.8VKjBm2ewhdutl1o3zZWIvxtDoaIPpfQnvQNFagm1FZOXX8ISbSDI_EAnlq3SBob","context":"default"}
{"timestamp":"2024-07-10 00:14:00.021","level":"INFO","thread":"http-nio-8085-exec-4","mdc":{"requestTime":"2024-07-10T00:06:54.294008","data":"[PostWithDetailsDTO(postId=563f6329-347b-45b2-b425-a7bc4160919d, title=The gaming experience, slug=the-gaming-experience, mediaUrl=https://res.cloudinary.com/dzuygn6kw/image/upload/v1720481383/images/the-gaming-experience.jpg, likeCount=1, createdAt=2024-07-09T23:03:31.718981Z, comments=[CommentResponseDTO(commentId=bdd502bf-401d-4124-80e6-a1b0ca176912, userId=81a7bc6a-0c8a-4f26-943b-0f856a75206c, username=Optadave, content=I love this, likeCount=1, createdAt=2024-07-09T23:03:40.289988Z, replies=[ReplyResponseDTO(replyId=642a2f5c-e81a-4377-a30c-bc943977a550, userId=81a7bc6a-0c8a-4f26-943b-0f856a75206c, username=Optadave, content=I love this, likeCount=0, createdAt=2024-07-09T23:03:47.545799Z)])])]","message":"Successfully retrieved","requestId":"3ee171bf-c3c5-48fb-8f96-0ef281f6a533"},"logger":"com.Synctec.Synctec.security.JwtAuthFilter","message":"This is the userId 81a7bc6a-0c8a-4f26-943b-0f856a75206c","context":"default"}
{"timestamp":"2024-07-10 00:14:00.023","level":"INFO","thread":"http-nio-8085-exec-4","mdc":{"requestTime":"2024-07-10T00:06:54.294008","data":"[PostWithDetailsDTO(postId=563f6329-347b-45b2-b425-a7bc4160919d, title=The gaming experience, slug=the-gaming-experience, mediaUrl=https://res.cloudinary.com/dzuygn6kw/image/upload/v1720481383/images/the-gaming-experience.jpg, likeCount=1, createdAt=2024-07-09T23:03:31.718981Z, comments=[CommentResponseDTO(commentId=bdd502bf-401d-4124-80e6-a1b0ca176912, userId=81a7bc6a-0c8a-4f26-943b-0f856a75206c, username=Optadave, content=I love this, likeCount=1, createdAt=2024-07-09T23:03:40.289988Z, replies=[ReplyResponseDTO(replyId=642a2f5c-e81a-4377-a30c-bc943977a550, userId=81a7bc6a-0c8a-4f26-943b-0f856a75206c, username=Optadave, content=I love this, likeCount=0, createdAt=2024-07-09T23:03:47.545799Z)])])]","message":"Successfully retrieved","requestId":"3ee171bf-c3c5-48fb-8f96-0ef281f6a533"},"logger":"com.Synctec.Synctec.security.JwtServiceImpl","message":"here to check if the jwt is valid eyJhbGciOiJIUzM4NCJ9.eyJzdWIiOiI4MWE3YmM2YS0wYzhhLTRmMjYtOTQzYi0wZjg1NmE3NTIwNmMiLCJBY3RpdmUiOnRydWUsInJvbGUiOlt7ImF1dGhvcml0eSI6InVzZXIifV0sInVzZXJOYW1lIjoiT3B0YWRhdmUiLCJpYXQiOjE3MjA1NjYxOTcsImV4cCI6MTcyMDYwMjE5N30.8VKjBm2ewhdutl1o3zZWIvxtDoaIPpfQnvQNFagm1FZOXX8ISbSDI_EAnlq3SBob","context":"default"}
{"timestamp":"2024-07-10 00:14:00.023","level":"INFO","thread":"http-nio-8085-exec-4","mdc":{"requestTime":"2024-07-10T00:06:54.294008","data":"[PostWithDetailsDTO(postId=563f6329-347b-45b2-b425-a7bc4160919d, title=The gaming experience, slug=the-gaming-experience, mediaUrl=https://res.cloudinary.com/dzuygn6kw/image/upload/v1720481383/images/the-gaming-experience.jpg, likeCount=1, createdAt=2024-07-09T23:03:31.718981Z, comments=[CommentResponseDTO(commentId=bdd502bf-401d-4124-80e6-a1b0ca176912, userId=81a7bc6a-0c8a-4f26-943b-0f856a75206c, username=Optadave, content=I love this, likeCount=1, createdAt=2024-07-09T23:03:40.289988Z, replies=[ReplyResponseDTO(replyId=642a2f5c-e81a-4377-a30c-bc943977a550, userId=81a7bc6a-0c8a-4f26-943b-0f856a75206c, username=Optadave, content=I love this, likeCount=0, createdAt=2024-07-09T23:03:47.545799Z)])])]","message":"Successfully retrieved","requestId":"3ee171bf-c3c5-48fb-8f96-0ef281f6a533"},"logger":"com.Synctec.Synctec.security.JwtServiceImpl","message":"the user id 81a7bc6a-0c8a-4f26-943b-0f856a75206c","context":"default"}
{"timestamp":"2024-07-10 00:14:00.023","level":"INFO","thread":"http-nio-8085-exec-4","mdc":{"requestTime":"2024-07-10T00:06:54.294008","data":"[PostWithDetailsDTO(postId=563f6329-347b-45b2-b425-a7bc4160919d, title=The gaming experience, slug=the-gaming-experience, mediaUrl=https://res.cloudinary.com/dzuygn6kw/image/upload/v1720481383/images/the-gaming-experience.jpg, likeCount=1, createdAt=2024-07-09T23:03:31.718981Z, comments=[CommentResponseDTO(commentId=bdd502bf-401d-4124-80e6-a1b0ca176912, userId=81a7bc6a-0c8a-4f26-943b-0f856a75206c, username=Optadave, content=I love this, likeCount=1, createdAt=2024-07-09T23:03:40.289988Z, replies=[ReplyResponseDTO(replyId=642a2f5c-e81a-4377-a30c-bc943977a550, userId=81a7bc6a-0c8a-4f26-943b-0f856a75206c, username=Optadave, content=I love this, likeCount=0, createdAt=2024-07-09T23:03:47.545799Z)])])]","message":"Successfully retrieved","requestId":"3ee171bf-c3c5-48fb-8f96-0ef281f6a533"},"logger":"com.Synctec.Synctec.security.JwtServiceImpl","message":"the user id from the base user 81a7bc6a-0c8a-4f26-943b-0f856a75206c","context":"default"}
{"timestamp":"2024-07-10 00:15:31.713","level":"INFO","thread":"http-nio-8085-exec-7","mdc":{"requestTime":"2024-07-10T00:03:40.298263","data":"com.Synctec.Synctec.dtos.request.CreateCommentDTO$CreateCommentResponse@ce8ec8","message":"Congratulations!, you have successfully commented on a post the-gaming-experience","requestId":"3b4a1aac-304a-4223-9e05-a8f15a233e68"},"logger":"com.Synctec.Synctec.security.JwtAuthFilter","message":"This is the jwt token eyJhbGciOiJIUzM4NCJ9.eyJzdWIiOiI4MWE3YmM2YS0wYzhhLTRmMjYtOTQzYi0wZjg1NmE3NTIwNmMiLCJBY3RpdmUiOnRydWUsInJvbGUiOlt7ImF1dGhvcml0eSI6InVzZXIifV0sInVzZXJOYW1lIjoiT3B0YWRhdmUiLCJpYXQiOjE3MjA1NjYxOTcsImV4cCI6MTcyMDYwMjE5N30.8VKjBm2ewhdutl1o3zZWIvxtDoaIPpfQnvQNFagm1FZOXX8ISbSDI_EAnlq3SBob","context":"default"}
{"timestamp":"2024-07-10 00:15:31.714","level":"INFO","thread":"http-nio-8085-exec-7","mdc":{"requestTime":"2024-07-10T00:03:40.298263","data":"com.Synctec.Synctec.dtos.request.CreateCommentDTO$CreateCommentResponse@ce8ec8","message":"Congratulations!, you have successfully commented on a post the-gaming-experience","requestId":"3b4a1aac-304a-4223-9e05-a8f15a233e68"},"logger":"com.Synctec.Synctec.security.JwtAuthFilter","message":"This is the userId 81a7bc6a-0c8a-4f26-943b-0f856a75206c","context":"default"}
{"timestamp":"2024-07-10 00:15:31.717","level":"INFO","thread":"http-nio-8085-exec-7","mdc":{"requestTime":"2024-07-10T00:03:40.298263","data":"com.Synctec.Synctec.dtos.request.CreateCommentDTO$CreateCommentResponse@ce8ec8","message":"Congratulations!, you have successfully commented on a post the-gaming-experience","requestId":"3b4a1aac-304a-4223-9e05-a8f15a233e68"},"logger":"com.Synctec.Synctec.security.JwtServiceImpl","message":"here to check if the jwt is valid eyJhbGciOiJIUzM4NCJ9.eyJzdWIiOiI4MWE3YmM2YS0wYzhhLTRmMjYtOTQzYi0wZjg1NmE3NTIwNmMiLCJBY3RpdmUiOnRydWUsInJvbGUiOlt7ImF1dGhvcml0eSI6InVzZXIifV0sInVzZXJOYW1lIjoiT3B0YWRhdmUiLCJpYXQiOjE3MjA1NjYxOTcsImV4cCI6MTcyMDYwMjE5N30.8VKjBm2ewhdutl1o3zZWIvxtDoaIPpfQnvQNFagm1FZOXX8ISbSDI_EAnlq3SBob","context":"default"}
{"timestamp":"2024-07-10 00:15:31.717","level":"INFO","thread":"http-nio-8085-exec-7","mdc":{"requestTime":"2024-07-10T00:03:40.298263","data":"com.Synctec.Synctec.dtos.request.CreateCommentDTO$CreateCommentResponse@ce8ec8","message":"Congratulations!, you have successfully commented on a post the-gaming-experience","requestId":"3b4a1aac-304a-4223-9e05-a8f15a233e68"},"logger":"com.Synctec.Synctec.security.JwtServiceImpl","message":"the user id 81a7bc6a-0c8a-4f26-943b-0f856a75206c","context":"default"}
{"timestamp":"2024-07-10 00:15:31.717","level":"INFO","thread":"http-nio-8085-exec-7","mdc":{"requestTime":"2024-07-10T00:03:40.298263","data":"com.Synctec.Synctec.dtos.request.CreateCommentDTO$CreateCommentResponse@ce8ec8","message":"Congratulations!, you have successfully commented on a post the-gaming-experience","requestId":"3b4a1aac-304a-4223-9e05-a8f15a233e68"},"logger":"com.Synctec.Synctec.security.JwtServiceImpl","message":"the user id from the base user 81a7bc6a-0c8a-4f26-943b-0f856a75206c","context":"default"}
{"timestamp":"2024-07-10 00:15:31.727","level":"INFO","thread":"http-nio-8085-exec-7","mdc":{"requestTime":"2024-07-10T00:03:40.298263","data":"com.Synctec.Synctec.dtos.request.CreateCommentDTO$CreateCommentResponse@ce8ec8","message":"Congratulations!, you have successfully commented on a post the-gaming-experience","requestId":"3b4a1aac-304a-4223-9e05-a8f15a233e68"},"logger":"com.Synctec.Synctec.controllers.Posts.PostController","message":"This is the title:The gaming experience","context":"default"}
{"timestamp":"2024-07-10 00:15:31.727","level":"INFO","thread":"http-nio-8085-exec-7","mdc":{"requestTime":"2024-07-10T00:03:40.298263","data":"com.Synctec.Synctec.dtos.request.CreateCommentDTO$CreateCommentResponse@ce8ec8","message":"Congratulations!, you have successfully commented on a post the-gaming-experience","requestId":"3b4a1aac-304a-4223-9e05-a8f15a233e68"},"logger":"com.Synctec.Synctec.controllers.Posts.PostController","message":"This is the file:David Chukwudile.jpg","context":"default"}
{"timestamp":"2024-07-10 00:15:31.727","level":"INFO","thread":"http-nio-8085-exec-7","mdc":{"requestTime":"2024-07-10T00:03:40.298263","data":"com.Synctec.Synctec.dtos.request.CreateCommentDTO$CreateCommentResponse@ce8ec8","message":"Congratulations!, you have successfully commented on a post the-gaming-experience","requestId":"3b4a1aac-304a-4223-9e05-a8f15a233e68"},"logger":"com.Synctec.Synctec.controllers.Posts.PostController","message":"this is the request:81a7bc6a-0c8a-4f26-943b-0f856a75206c","context":"default"}
{"timestamp":"2024-07-10 00:15:38.567","level":"INFO","thread":"http-nio-8085-exec-8","mdc":{"requestTime":"2024-07-10T00:03:47.554162","data":"com.Synctec.Synctec.dtos.request.CreateReplyDto$CreateReplyResponse@5dcc8ba8","message":"Congratulations!, you have successfully replied a comment","requestId":"95221a9d-c3b9-4340-8bd3-0c981e869ff5"},"logger":"com.Synctec.Synctec.security.JwtAuthFilter","message":"This is the jwt token eyJhbGciOiJIUzM4NCJ9.eyJzdWIiOiI4MWE3YmM2YS0wYzhhLTRmMjYtOTQzYi0wZjg1NmE3NTIwNmMiLCJBY3RpdmUiOnRydWUsInJvbGUiOlt7ImF1dGhvcml0eSI6InVzZXIifV0sInVzZXJOYW1lIjoiT3B0YWRhdmUiLCJpYXQiOjE3MjA1NjYxOTcsImV4cCI6MTcyMDYwMjE5N30.8VKjBm2ewhdutl1o3zZWIvxtDoaIPpfQnvQNFagm1FZOXX8ISbSDI_EAnlq3SBob","context":"default"}
{"timestamp":"2024-07-10 00:15:38.569","level":"INFO","thread":"http-nio-8085-exec-8","mdc":{"requestTime":"2024-07-10T00:03:47.554162","data":"com.Synctec.Synctec.dtos.request.CreateReplyDto$CreateReplyResponse@5dcc8ba8","message":"Congratulations!, you have successfully replied a comment","requestId":"95221a9d-c3b9-4340-8bd3-0c981e869ff5"},"logger":"com.Synctec.Synctec.security.JwtAuthFilter","message":"This is the userId 81a7bc6a-0c8a-4f26-943b-0f856a75206c","context":"default"}
{"timestamp":"2024-07-10 00:15:38.570","level":"INFO","thread":"http-nio-8085-exec-8","mdc":{"requestTime":"2024-07-10T00:03:47.554162","data":"com.Synctec.Synctec.dtos.request.CreateReplyDto$CreateReplyResponse@5dcc8ba8","message":"Congratulations!, you have successfully replied a comment","requestId":"95221a9d-c3b9-4340-8bd3-0c981e869ff5"},"logger":"com.Synctec.Synctec.security.JwtServiceImpl","message":"here to check if the jwt is valid eyJhbGciOiJIUzM4NCJ9.eyJzdWIiOiI4MWE3YmM2YS0wYzhhLTRmMjYtOTQzYi0wZjg1NmE3NTIwNmMiLCJBY3RpdmUiOnRydWUsInJvbGUiOlt7ImF1dGhvcml0eSI6InVzZXIifV0sInVzZXJOYW1lIjoiT3B0YWRhdmUiLCJpYXQiOjE3MjA1NjYxOTcsImV4cCI6MTcyMDYwMjE5N30.8VKjBm2ewhdutl1o3zZWIvxtDoaIPpfQnvQNFagm1FZOXX8ISbSDI_EAnlq3SBob","context":"default"}
{"timestamp":"2024-07-10 00:15:38.571","level":"INFO","thread":"http-nio-8085-exec-8","mdc":{"requestTime":"2024-07-10T00:03:47.554162","data":"com.Synctec.Synctec.dtos.request.CreateReplyDto$CreateReplyResponse@5dcc8ba8","message":"Congratulations!, you have successfully replied a comment","requestId":"95221a9d-c3b9-4340-8bd3-0c981e869ff5"},"logger":"com.Synctec.Synctec.security.JwtServiceImpl","message":"the user id 81a7bc6a-0c8a-4f26-943b-0f856a75206c","context":"default"}
{"timestamp":"2024-07-10 00:15:38.571","level":"INFO","thread":"http-nio-8085-exec-8","mdc":{"requestTime":"2024-07-10T00:03:47.554162","data":"com.Synctec.Synctec.dtos.request.CreateReplyDto$CreateReplyResponse@5dcc8ba8","message":"Congratulations!, you have successfully replied a comment","requestId":"95221a9d-c3b9-4340-8bd3-0c981e869ff5"},"logger":"com.Synctec.Synctec.security.JwtServiceImpl","message":"the user id from the base user 81a7bc6a-0c8a-4f26-943b-0f856a75206c","context":"default"}
{"timestamp":"2024-07-10 00:16:12.332","level":"INFO","thread":"http-nio-8085-exec-9","mdc":{"requestTime":"2024-07-10T00:09:09.850177","message":"Like toggled successfully","requestId":"9b742f9d-31f5-49dc-91f1-241f49f10d3d"},"logger":"com.Synctec.Synctec.security.JwtAuthFilter","message":"This is the jwt token eyJhbGciOiJIUzM4NCJ9.eyJzdWIiOiI4MWE3YmM2YS0wYzhhLTRmMjYtOTQzYi0wZjg1NmE3NTIwNmMiLCJBY3RpdmUiOnRydWUsInJvbGUiOlt7ImF1dGhvcml0eSI6InVzZXIifV0sInVzZXJOYW1lIjoiT3B0YWRhdmUiLCJpYXQiOjE3MjA1NjYxOTcsImV4cCI6MTcyMDYwMjE5N30.8VKjBm2ewhdutl1o3zZWIvxtDoaIPpfQnvQNFagm1FZOXX8ISbSDI_EAnlq3SBob","context":"default"}
{"timestamp":"2024-07-10 00:16:12.334","level":"INFO","thread":"http-nio-8085-exec-9","mdc":{"requestTime":"2024-07-10T00:09:09.850177","message":"Like toggled successfully","requestId":"9b742f9d-31f5-49dc-91f1-241f49f10d3d"},"logger":"com.Synctec.Synctec.security.JwtAuthFilter","message":"This is the userId 81a7bc6a-0c8a-4f26-943b-0f856a75206c","context":"default"}
{"timestamp":"2024-07-10 00:16:12.335","level":"INFO","thread":"http-nio-8085-exec-9","mdc":{"requestTime":"2024-07-10T00:09:09.850177","message":"Like toggled successfully","requestId":"9b742f9d-31f5-49dc-91f1-241f49f10d3d"},"logger":"com.Synctec.Synctec.security.JwtServiceImpl","message":"here to check if the jwt is valid eyJhbGciOiJIUzM4NCJ9.eyJzdWIiOiI4MWE3YmM2YS0wYzhhLTRmMjYtOTQzYi0wZjg1NmE3NTIwNmMiLCJBY3RpdmUiOnRydWUsInJvbGUiOlt7ImF1dGhvcml0eSI6InVzZXIifV0sInVzZXJOYW1lIjoiT3B0YWRhdmUiLCJpYXQiOjE3MjA1NjYxOTcsImV4cCI6MTcyMDYwMjE5N30.8VKjBm2ewhdutl1o3zZWIvxtDoaIPpfQnvQNFagm1FZOXX8ISbSDI_EAnlq3SBob","context":"default"}
{"timestamp":"2024-07-10 00:16:12.336","level":"INFO","thread":"http-nio-8085-exec-9","mdc":{"requestTime":"2024-07-10T00:09:09.850177","message":"Like toggled successfully","requestId":"9b742f9d-31f5-49dc-91f1-241f49f10d3d"},"logger":"com.Synctec.Synctec.security.JwtServiceImpl","message":"the user id 81a7bc6a-0c8a-4f26-943b-0f856a75206c","context":"default"}
{"timestamp":"2024-07-10 00:16:12.336","level":"INFO","thread":"http-nio-8085-exec-9","mdc":{"requestTime":"2024-07-10T00:09:09.850177","message":"Like toggled successfully","requestId":"9b742f9d-31f5-49dc-91f1-241f49f10d3d"},"logger":"com.Synctec.Synctec.security.JwtServiceImpl","message":"the user id from the base user 81a7bc6a-0c8a-4f26-943b-0f856a75206c","context":"default"}
{"timestamp":"2024-07-10 00:16:12.337","level":"INFO","thread":"http-nio-8085-exec-9","mdc":{"requestTime":"2024-07-10T00:09:09.850177","message":"Like toggled successfully","requestId":"9b742f9d-31f5-49dc-91f1-241f49f10d3d"},"logger":"com.Synctec.Synctec.controllers.Posts.PostController","message":"this is the request to like a post:com.Synctec.Synctec.dtos.request.PostLikeRequest@5a45bb57","context":"default"}
{"timestamp":"2024-07-10 00:16:16.305","level":"INFO","thread":"http-nio-8085-exec-10","mdc":{"requestTime":"2024-07-10T00:09:16.474933","data":"[PostWithDetailsDTO(postId=563f6329-347b-45b2-b425-a7bc4160919d, title=The gaming experience, slug=the-gaming-experience, mediaUrl=https://res.cloudinary.com/dzuygn6kw/image/upload/v1720481383/images/the-gaming-experience.jpg, likeCount=1, createdAt=2024-07-09T23:03:31.718981Z, comments=[CommentResponseDTO(commentId=bdd502bf-401d-4124-80e6-a1b0ca176912, userId=81a7bc6a-0c8a-4f26-943b-0f856a75206c, username=Optadave, content=I love this, likeCount=0, createdAt=2024-07-09T23:03:40.289988Z, replies=[ReplyResponseDTO(replyId=642a2f5c-e81a-4377-a30c-bc943977a550, userId=81a7bc6a-0c8a-4f26-943b-0f856a75206c, username=Optadave, content=I love this, likeCount=1, createdAt=2024-07-09T23:03:47.545799Z)])])]","message":"Successfully retrieved","requestId":"6fd2bc05-af54-402a-a526-bd0bd70865ca"},"logger":"com.Synctec.Synctec.security.JwtAuthFilter","message":"This is the jwt token eyJhbGciOiJIUzM4NCJ9.eyJzdWIiOiI4MWE3YmM2YS0wYzhhLTRmMjYtOTQzYi0wZjg1NmE3NTIwNmMiLCJBY3RpdmUiOnRydWUsInJvbGUiOlt7ImF1dGhvcml0eSI6InVzZXIifV0sInVzZXJOYW1lIjoiT3B0YWRhdmUiLCJpYXQiOjE3MjA1NjYxOTcsImV4cCI6MTcyMDYwMjE5N30.8VKjBm2ewhdutl1o3zZWIvxtDoaIPpfQnvQNFagm1FZOXX8ISbSDI_EAnlq3SBob","context":"default"}
{"timestamp":"2024-07-10 00:16:16.306","level":"INFO","thread":"http-nio-8085-exec-10","mdc":{"requestTime":"2024-07-10T00:09:16.474933","data":"[PostWithDetailsDTO(postId=563f6329-347b-45b2-b425-a7bc4160919d, title=The gaming experience, slug=the-gaming-experience, mediaUrl=https://res.cloudinary.com/dzuygn6kw/image/upload/v1720481383/images/the-gaming-experience.jpg, likeCount=1, createdAt=2024-07-09T23:03:31.718981Z, comments=[CommentResponseDTO(commentId=bdd502bf-401d-4124-80e6-a1b0ca176912, userId=81a7bc6a-0c8a-4f26-943b-0f856a75206c, username=Optadave, content=I love this, likeCount=0, createdAt=2024-07-09T23:03:40.289988Z, replies=[ReplyResponseDTO(replyId=642a2f5c-e81a-4377-a30c-bc943977a550, userId=81a7bc6a-0c8a-4f26-943b-0f856a75206c, username=Optadave, content=I love this, likeCount=1, createdAt=2024-07-09T23:03:47.545799Z)])])]","message":"Successfully retrieved","requestId":"6fd2bc05-af54-402a-a526-bd0bd70865ca"},"logger":"com.Synctec.Synctec.security.JwtAuthFilter","message":"This is the userId 81a7bc6a-0c8a-4f26-943b-0f856a75206c","context":"default"}
{"timestamp":"2024-07-10 00:16:16.308","level":"INFO","thread":"http-nio-8085-exec-10","mdc":{"requestTime":"2024-07-10T00:09:16.474933","data":"[PostWithDetailsDTO(postId=563f6329-347b-45b2-b425-a7bc4160919d, title=The gaming experience, slug=the-gaming-experience, mediaUrl=https://res.cloudinary.com/dzuygn6kw/image/upload/v1720481383/images/the-gaming-experience.jpg, likeCount=1, createdAt=2024-07-09T23:03:31.718981Z, comments=[CommentResponseDTO(commentId=bdd502bf-401d-4124-80e6-a1b0ca176912, userId=81a7bc6a-0c8a-4f26-943b-0f856a75206c, username=Optadave, content=I love this, likeCount=0, createdAt=2024-07-09T23:03:40.289988Z, replies=[ReplyResponseDTO(replyId=642a2f5c-e81a-4377-a30c-bc943977a550, userId=81a7bc6a-0c8a-4f26-943b-0f856a75206c, username=Optadave, content=I love this, likeCount=1, createdAt=2024-07-09T23:03:47.545799Z)])])]","message":"Successfully retrieved","requestId":"6fd2bc05-af54-402a-a526-bd0bd70865ca"},"logger":"com.Synctec.Synctec.security.JwtServiceImpl","message":"here to check if the jwt is valid eyJhbGciOiJIUzM4NCJ9.eyJzdWIiOiI4MWE3YmM2YS0wYzhhLTRmMjYtOTQzYi0wZjg1NmE3NTIwNmMiLCJBY3RpdmUiOnRydWUsInJvbGUiOlt7ImF1dGhvcml0eSI6InVzZXIifV0sInVzZXJOYW1lIjoiT3B0YWRhdmUiLCJpYXQiOjE3MjA1NjYxOTcsImV4cCI6MTcyMDYwMjE5N30.8VKjBm2ewhdutl1o3zZWIvxtDoaIPpfQnvQNFagm1FZOXX8ISbSDI_EAnlq3SBob","context":"default"}
{"timestamp":"2024-07-10 00:16:16.309","level":"INFO","thread":"http-nio-8085-exec-10","mdc":{"requestTime":"2024-07-10T00:09:16.474933","data":"[PostWithDetailsDTO(postId=563f6329-347b-45b2-b425-a7bc4160919d, title=The gaming experience, slug=the-gaming-experience, mediaUrl=https://res.cloudinary.com/dzuygn6kw/image/upload/v1720481383/images/the-gaming-experience.jpg, likeCount=1, createdAt=2024-07-09T23:03:31.718981Z, comments=[CommentResponseDTO(commentId=bdd502bf-401d-4124-80e6-a1b0ca176912, userId=81a7bc6a-0c8a-4f26-943b-0f856a75206c, username=Optadave, content=I love this, likeCount=0, createdAt=2024-07-09T23:03:40.289988Z, replies=[ReplyResponseDTO(replyId=642a2f5c-e81a-4377-a30c-bc943977a550, userId=81a7bc6a-0c8a-4f26-943b-0f856a75206c, username=Optadave, content=I love this, likeCount=1, createdAt=2024-07-09T23:03:47.545799Z)])])]","message":"Successfully retrieved","requestId":"6fd2bc05-af54-402a-a526-bd0bd70865ca"},"logger":"com.Synctec.Synctec.security.JwtServiceImpl","message":"the user id 81a7bc6a-0c8a-4f26-943b-0f856a75206c","context":"default"}
{"timestamp":"2024-07-10 00:16:16.309","level":"INFO","thread":"http-nio-8085-exec-10","mdc":{"requestTime":"2024-07-10T00:09:16.474933","data":"[PostWithDetailsDTO(postId=563f6329-347b-45b2-b425-a7bc4160919d, title=The gaming experience, slug=the-gaming-experience, mediaUrl=https://res.cloudinary.com/dzuygn6kw/image/upload/v1720481383/images/the-gaming-experience.jpg, likeCount=1, createdAt=2024-07-09T23:03:31.718981Z, comments=[CommentResponseDTO(commentId=bdd502bf-401d-4124-80e6-a1b0ca176912, userId=81a7bc6a-0c8a-4f26-943b-0f856a75206c, username=Optadave, content=I love this, likeCount=0, createdAt=2024-07-09T23:03:40.289988Z, replies=[ReplyResponseDTO(replyId=642a2f5c-e81a-4377-a30c-bc943977a550, userId=81a7bc6a-0c8a-4f26-943b-0f856a75206c, username=Optadave, content=I love this, likeCount=1, createdAt=2024-07-09T23:03:47.545799Z)])])]","message":"Successfully retrieved","requestId":"6fd2bc05-af54-402a-a526-bd0bd70865ca"},"logger":"com.Synctec.Synctec.security.JwtServiceImpl","message":"the user id from the base user 81a7bc6a-0c8a-4f26-943b-0f856a75206c","context":"default"}
{"timestamp":"2024-07-10 00:18:38.711","level":"INFO","thread":"SpringApplicationShutdownHook","logger":"org.springframework.orm.jpa.LocalContainerEntityManagerFactoryBean","message":"Closing JPA EntityManagerFactory for persistence unit 'default'","context":"default"}
{"timestamp":"2024-07-10 00:18:38.778","level":"INFO","thread":"SpringApplicationShutdownHook","logger":"com.zaxxer.hikari.HikariDataSource","message":"HikariPool-1 - Shutdown initiated...","context":"default"}
{"timestamp":"2024-07-10 00:18:38.788","level":"INFO","thread":"SpringApplicationShutdownHook","logger":"com.zaxxer.hikari.HikariDataSource","message":"HikariPool-1 - Shutdown completed.","context":"default"}
