{"timestamp":"2024-06-30 13:19:03.019","level":"INFO","thread":"background-preinit","logger":"org.hibernate.validator.internal.util.Version","message":"HV000001: Hibernate Validator 8.0.1.Final","context":"default"}
{"timestamp":"2024-06-30 13:19:03.047","level":"INFO","thread":"restartedMain","logger":"com.Synctec.Synctec.SynctecApplication","message":"Starting SynctecApplication using Java 22.0.1 with PID 54187 (/Users/macbook/Desktop/syntec/Synctec_Endpoint/target/classes started by macbook in /Users/macbook/Desktop/syntec/Synctec_Endpoint)","context":"default"}
{"timestamp":"2024-06-30 13:19:03.048","level":"INFO","thread":"restartedMain","logger":"com.Synctec.Synctec.SynctecApplication","message":"The following 1 profile is active: \"dev\"","context":"default"}
{"timestamp":"2024-06-30 13:19:03.086","level":"INFO","thread":"restartedMain","logger":"org.springframework.boot.devtools.env.DevToolsPropertyDefaultsPostProcessor","message":"Devtools property defaults active! Set 'spring.devtools.add-properties' to 'false' to disable","context":"default"}
{"timestamp":"2024-06-30 13:19:03.087","level":"INFO","thread":"restartedMain","logger":"org.springframework.boot.devtools.env.DevToolsPropertyDefaultsPostProcessor","message":"For additional web related logging consider setting the 'logging.level.web' property to 'DEBUG'","context":"default"}
{"timestamp":"2024-06-30 13:19:03.657","level":"INFO","thread":"restartedMain","logger":"org.springframework.data.repository.config.RepositoryConfigurationDelegate","message":"Bootstrapping Spring Data JPA repositories in DEFAULT mode.","context":"default"}
{"timestamp":"2024-06-30 13:19:03.712","level":"INFO","thread":"restartedMain","logger":"org.springframework.data.repository.config.RepositoryConfigurationDelegate","message":"Finished Spring Data repository scanning in 48 ms. Found 3 JPA repository interfaces.","context":"default"}
{"timestamp":"2024-06-30 13:19:04.181","level":"INFO","thread":"restartedMain","logger":"org.springframework.boot.web.embedded.tomcat.TomcatWebServer","message":"Tomcat initialized with port 8085 (http)","context":"default"}
{"timestamp":"2024-06-30 13:19:04.190","level":"INFO","thread":"restartedMain","logger":"org.apache.coyote.http11.Http11NioProtocol","message":"Initializing ProtocolHandler [\"http-nio-8085\"]","context":"default"}
{"timestamp":"2024-06-30 13:19:04.191","level":"INFO","thread":"restartedMain","logger":"org.apache.catalina.core.StandardService","message":"Starting service [Tomcat]","context":"default"}
{"timestamp":"2024-06-30 13:19:04.192","level":"INFO","thread":"restartedMain","logger":"org.apache.catalina.core.StandardEngine","message":"Starting Servlet engine: [Apache Tomcat/10.1.24]","context":"default"}
{"timestamp":"2024-06-30 13:19:04.224","level":"INFO","thread":"restartedMain","logger":"org.apache.catalina.core.ContainerBase.[Tomcat].[localhost].[/]","message":"Initializing Spring embedded WebApplicationContext","context":"default"}
{"timestamp":"2024-06-30 13:19:04.224","level":"INFO","thread":"restartedMain","logger":"org.springframework.boot.web.servlet.context.ServletWebServerApplicationContext","message":"Root WebApplicationContext: initialization completed in 1137 ms","context":"default"}
{"timestamp":"2024-06-30 13:19:04.330","level":"INFO","thread":"restartedMain","logger":"org.hibernate.jpa.internal.util.LogHelper","message":"HHH000204: Processing PersistenceUnitInfo [name: default]","context":"default"}
{"timestamp":"2024-06-30 13:19:04.401","level":"INFO","thread":"restartedMain","logger":"org.hibernate.Version","message":"HHH000412: Hibernate ORM core version 6.5.2.Final","context":"default"}
{"timestamp":"2024-06-30 13:19:04.439","level":"INFO","thread":"restartedMain","logger":"org.hibernate.cache.internal.RegionFactoryInitiator","message":"HHH000026: Second-level cache disabled","context":"default"}
{"timestamp":"2024-06-30 13:19:04.716","level":"INFO","thread":"restartedMain","logger":"org.springframework.orm.jpa.persistenceunit.SpringPersistenceUnitInfo","message":"No LoadTimeWeaver setup: ignoring JPA class transformer","context":"default"}
{"timestamp":"2024-06-30 13:19:04.741","level":"INFO","thread":"restartedMain","logger":"com.zaxxer.hikari.HikariDataSource","message":"HikariPool-1 - Starting...","context":"default"}
{"timestamp":"2024-06-30 13:19:04.830","level":"INFO","thread":"restartedMain","logger":"com.zaxxer.hikari.pool.HikariPool","message":"HikariPool-1 - Added connection org.postgresql.jdbc.PgConnection@5772194a","context":"default"}
{"timestamp":"2024-06-30 13:19:04.831","level":"INFO","thread":"restartedMain","logger":"com.zaxxer.hikari.HikariDataSource","message":"HikariPool-1 - Start completed.","context":"default"}
{"timestamp":"2024-06-30 13:19:04.862","level":"WARN","thread":"restartedMain","logger":"org.hibernate.orm.deprecation","message":"HHH90000025: PostgreSQLDialect does not need to be specified explicitly using 'hibernate.dialect' (remove the property setting and it will be selected by default)","context":"default"}
{"timestamp":"2024-06-30 13:19:05.772","level":"INFO","thread":"restartedMain","logger":"org.hibernate.engine.transaction.jta.platform.internal.JtaPlatformInitiator","message":"HHH000489: No JTA platform available (set 'hibernate.transaction.jta.platform' to enable JTA platform integration)","context":"default"}
{"timestamp":"2024-06-30 13:19:05.791","level":"WARN","thread":"restartedMain","logger":"org.hibernate.engine.jdbc.spi.SqlExceptionHelper","message":"SQL Warning Code: 0, SQLState: 00000","context":"default"}
{"timestamp":"2024-06-30 13:19:05.791","level":"WARN","thread":"restartedMain","logger":"org.hibernate.engine.jdbc.spi.SqlExceptionHelper","message":"relation \"community\" does not exist, skipping","context":"default"}
{"timestamp":"2024-06-30 13:19:05.792","level":"WARN","thread":"restartedMain","logger":"org.hibernate.engine.jdbc.spi.SqlExceptionHelper","message":"SQL Warning Code: 0, SQLState: 00000","context":"default"}
{"timestamp":"2024-06-30 13:19:05.792","level":"WARN","thread":"restartedMain","logger":"org.hibernate.engine.jdbc.spi.SqlExceptionHelper","message":"relation \"user_community\" does not exist, skipping","context":"default"}
{"timestamp":"2024-06-30 13:19:05.793","level":"WARN","thread":"restartedMain","logger":"org.hibernate.engine.jdbc.spi.SqlExceptionHelper","message":"SQL Warning Code: 0, SQLState: 00000","context":"default"}
{"timestamp":"2024-06-30 13:19:05.793","level":"WARN","thread":"restartedMain","logger":"org.hibernate.engine.jdbc.spi.SqlExceptionHelper","message":"relation \"user_community\" does not exist, skipping","context":"default"}
{"timestamp":"2024-06-30 13:19:05.793","level":"WARN","thread":"restartedMain","logger":"org.hibernate.engine.jdbc.spi.SqlExceptionHelper","message":"SQL Warning Code: 0, SQLState: 00000","context":"default"}
{"timestamp":"2024-06-30 13:19:05.793","level":"WARN","thread":"restartedMain","logger":"org.hibernate.engine.jdbc.spi.SqlExceptionHelper","message":"relation \"users\" does not exist, skipping","context":"default"}
{"timestamp":"2024-06-30 13:19:05.794","level":"WARN","thread":"restartedMain","logger":"org.hibernate.engine.jdbc.spi.SqlExceptionHelper","message":"SQL Warning Code: 0, SQLState: 00000","context":"default"}
{"timestamp":"2024-06-30 13:19:05.794","level":"WARN","thread":"restartedMain","logger":"org.hibernate.engine.jdbc.spi.SqlExceptionHelper","message":"relation \"verifcation_token\" does not exist, skipping","context":"default"}
{"timestamp":"2024-06-30 13:19:05.795","level":"WARN","thread":"restartedMain","logger":"org.hibernate.engine.jdbc.spi.SqlExceptionHelper","message":"SQL Warning Code: 0, SQLState: 00000","context":"default"}
{"timestamp":"2024-06-30 13:19:05.795","level":"WARN","thread":"restartedMain","logger":"org.hibernate.engine.jdbc.spi.SqlExceptionHelper","message":"table \"community\" does not exist, skipping","context":"default"}
{"timestamp":"2024-06-30 13:19:05.795","level":"WARN","thread":"restartedMain","logger":"org.hibernate.engine.jdbc.spi.SqlExceptionHelper","message":"SQL Warning Code: 0, SQLState: 00000","context":"default"}
{"timestamp":"2024-06-30 13:19:05.796","level":"WARN","thread":"restartedMain","logger":"org.hibernate.engine.jdbc.spi.SqlExceptionHelper","message":"table \"user_community\" does not exist, skipping","context":"default"}
{"timestamp":"2024-06-30 13:19:05.796","level":"WARN","thread":"restartedMain","logger":"org.hibernate.engine.jdbc.spi.SqlExceptionHelper","message":"SQL Warning Code: 0, SQLState: 00000","context":"default"}
{"timestamp":"2024-06-30 13:19:05.796","level":"WARN","thread":"restartedMain","logger":"org.hibernate.engine.jdbc.spi.SqlExceptionHelper","message":"table \"users\" does not exist, skipping","context":"default"}
{"timestamp":"2024-06-30 13:19:05.797","level":"WARN","thread":"restartedMain","logger":"org.hibernate.engine.jdbc.spi.SqlExceptionHelper","message":"SQL Warning Code: 0, SQLState: 00000","context":"default"}
{"timestamp":"2024-06-30 13:19:05.797","level":"WARN","thread":"restartedMain","logger":"org.hibernate.engine.jdbc.spi.SqlExceptionHelper","message":"table \"verifcation_token\" does not exist, skipping","context":"default"}
{"timestamp":"2024-06-30 13:19:05.828","level":"INFO","thread":"restartedMain","logger":"org.springframework.orm.jpa.LocalContainerEntityManagerFactoryBean","message":"Initialized JPA EntityManagerFactory for persistence unit 'default'","context":"default"}
{"timestamp":"2024-06-30 13:19:06.209","level":"INFO","thread":"restartedMain","logger":"org.springframework.security.config.annotation.authentication.configuration.InitializeAuthenticationProviderBeanManagerConfigurer$InitializeAuthenticationProviderManagerConfigurer","message":"Global AuthenticationManager configured with AuthenticationProvider bean with name authenticationProvider","context":"default"}
{"timestamp":"2024-06-30 13:19:06.210","level":"WARN","thread":"restartedMain","logger":"org.springframework.security.config.annotation.authentication.configuration.InitializeUserDetailsBeanManagerConfigurer$InitializeUserDetailsManagerConfigurer","message":"Global AuthenticationManager configured with an AuthenticationProvider bean. UserDetailsService beans will not be used for username/password login. Consider removing the AuthenticationProvider bean. Alternatively, consider using the UserDetailsService in a manually instantiated DaoAuthenticationProvider.","context":"default"}
{"timestamp":"2024-06-30 13:19:06.277","level":"WARN","thread":"restartedMain","logger":"org.springframework.boot.autoconfigure.orm.jpa.JpaBaseConfiguration$JpaWebConfiguration","message":"spring.jpa.open-in-view is enabled by default. Therefore, database queries may be performed during view rendering. Explicitly configure spring.jpa.open-in-view to disable this warning","context":"default"}
{"timestamp":"2024-06-30 13:19:06.501","level":"INFO","thread":"restartedMain","logger":"org.springframework.security.web.DefaultSecurityFilterChain","message":"Will secure any request with [org.springframework.security.web.session.DisableEncodeUrlFilter@422bec3a, org.springframework.security.web.context.request.async.WebAsyncManagerIntegrationFilter@2dab1a19, org.springframework.security.web.context.SecurityContextHolderFilter@75beb5da, org.springframework.security.web.header.HeaderWriterFilter@54fc2395, org.springframework.security.web.authentication.logout.LogoutFilter@3883cc0a, com.Synctec.Synctec.security.JwtAuthFilter$$SpringCGLIB$$0@622a8724, org.springframework.security.web.savedrequest.RequestCacheAwareFilter@3b648b39, org.springframework.security.web.servletapi.SecurityContextHolderAwareRequestFilter@7a26aaeb, org.springframework.security.web.authentication.AnonymousAuthenticationFilter@6430f49e, org.springframework.security.web.session.SessionManagementFilter@736a7307, org.springframework.security.web.access.ExceptionTranslationFilter@30330315, org.springframework.security.web.access.intercept.AuthorizationFilter@6aa0b9e7]","context":"default"}
{"timestamp":"2024-06-30 13:19:06.676","level":"INFO","thread":"restartedMain","logger":"org.springframework.boot.devtools.autoconfigure.OptionalLiveReloadServer","message":"LiveReload server is running on port 35729","context":"default"}
{"timestamp":"2024-06-30 13:19:06.695","level":"INFO","thread":"restartedMain","logger":"org.apache.coyote.http11.Http11NioProtocol","message":"Starting ProtocolHandler [\"http-nio-8085\"]","context":"default"}
{"timestamp":"2024-06-30 13:19:06.702","level":"INFO","thread":"restartedMain","logger":"org.springframework.boot.web.embedded.tomcat.TomcatWebServer","message":"Tomcat started on port 8085 (http) with context path '/'","context":"default"}
{"timestamp":"2024-06-30 13:19:06.709","level":"INFO","thread":"restartedMain","logger":"com.Synctec.Synctec.SynctecApplication","message":"Started SynctecApplication in 3.914 seconds (process running for 4.711)","context":"default"}
{"timestamp":"2024-06-30 13:19:41.891","level":"INFO","thread":"http-nio-8085-exec-2","logger":"org.apache.catalina.core.ContainerBase.[Tomcat].[localhost].[/]","message":"Initializing Spring DispatcherServlet 'dispatcherServlet'","context":"default"}
{"timestamp":"2024-06-30 13:19:41.891","level":"INFO","thread":"http-nio-8085-exec-2","logger":"org.springframework.web.servlet.DispatcherServlet","message":"Initializing Servlet 'dispatcherServlet'","context":"default"}
{"timestamp":"2024-06-30 13:19:41.893","level":"INFO","thread":"http-nio-8085-exec-2","logger":"org.springframework.web.servlet.DispatcherServlet","message":"Completed initialization in 1 ms","context":"default"}
{"timestamp":"2024-06-30 13:19:41.934","level":"INFO","thread":"http-nio-8085-exec-2","logger":"com.Synctec.Synctec.service.impl.thirdpartyauth.ThirdPartyImpl","message":"This is the initiation url https://accounts.google.com/o/oauth2/v2/auth?response_type=code&client_id=1052501876846-1s78gnjc1vsm84eit16l9q2ibce3i0f2.apps.googleusercontent.com&redirect_uri=http://localhost:8085/api/v1/auth/verify&scope=openid%20email%20profile&state=custom_state","context":"default"}
{"timestamp":"2024-06-30 13:19:45.378","level":"INFO","thread":"http-nio-8085-exec-3","logger":"com.Synctec.Synctec.controllers.Auth.AuthController","message":"google calls this url 4/0ATx3LY4MIurjqPH_nx0l9u0XwerXJmonJFG2IFq6n2fsoCApNQ5RVzGmAj5OykZlNoI8ewcustom_statenull","context":"default"}
{"timestamp":"2024-06-30 13:19:45.379","level":"INFO","thread":"http-nio-8085-exec-3","logger":"com.Synctec.Synctec.service.impl.thirdpartyauth.ThirdPartyImpl","message":"Google Token URL: https://oauth2.googleapis.com/token","context":"default"}
{"timestamp":"2024-06-30 13:19:45.379","level":"INFO","thread":"http-nio-8085-exec-3","logger":"com.Synctec.Synctec.service.impl.thirdpartyauth.ThirdPartyImpl","message":"Google Client ID: 1052501876846-1s78gnjc1vsm84eit16l9q2ibce3i0f2.apps.googleusercontent.com","context":"default"}
{"timestamp":"2024-06-30 13:19:45.379","level":"INFO","thread":"http-nio-8085-exec-3","logger":"com.Synctec.Synctec.service.impl.thirdpartyauth.ThirdPartyImpl","message":"Google Redirect URI: http://localhost:8085/api/v1/auth/verify","context":"default"}
{"timestamp":"2024-06-30 13:19:45.379","level":"INFO","thread":"http-nio-8085-exec-3","logger":"com.Synctec.Synctec.service.impl.thirdpartyauth.ThirdPartyImpl","message":"URL for token exchange: https://oauth2.googleapis.com/token","context":"default"}
{"timestamp":"2024-06-30 13:19:46.616","level":"INFO","thread":"http-nio-8085-exec-3","logger":"com.Synctec.Synctec.service.impl.thirdpartyauth.ThirdPartyImpl","message":"Token exchange response: <200 OK OK,GoogleTokenResponse(accessToken=ya29.a0AXooCgvbajXzsv5UGyVGWEplaheRO6VieuU0Z10pBshS4CwUOQlHmbSzLqYP8TuTyfGWz_OQz_ei2Dl6OIayhX7ub67qBliKY-BHZsrmaIiqupq1DSSuntf3uqPc9W4mVs52xDFtgNG6n-rE6A7hLRGQPa25SCkzDNQaCgYKAfMSARMSFQHGX2MiubbwtWPhs-DJneg-NwH7ZA0170, expiresIn=3598, tokenType=Bearer, refreshToken=null),[Expires:\"Mon, 01 Jan 1990 00:00:00 GMT\", Date:\"Sun, 30 Jun 2024 12:19:46 GMT\", Cache-Control:\"no-cache, no-store, max-age=0, must-revalidate\", Pragma:\"no-cache\", Content-Type:\"application/json; charset=utf-8\", Vary:\"X-Origin\", \"Referer\", \"Origin,Accept-Encoding\", Server:\"scaffolding on HTTPServer2\", X-XSS-Protection:\"0\", X-Frame-Options:\"SAMEORIGIN\", X-Content-Type-Options:\"nosniff\", Alt-Svc:\"h3=\":443\"; ma=2592000,h3-29=\":443\"; ma=2592000\", Accept-Ranges:\"none\", Transfer-Encoding:\"chunked\"]>","context":"default"}
{"timestamp":"2024-06-30 13:19:46.618","level":"INFO","thread":"http-nio-8085-exec-3","logger":"com.Synctec.Synctec.service.impl.thirdpartyauth.ThirdPartyImpl","message":"Token exchange body: GoogleTokenResponse(accessToken=ya29.a0AXooCgvbajXzsv5UGyVGWEplaheRO6VieuU0Z10pBshS4CwUOQlHmbSzLqYP8TuTyfGWz_OQz_ei2Dl6OIayhX7ub67qBliKY-BHZsrmaIiqupq1DSSuntf3uqPc9W4mVs52xDFtgNG6n-rE6A7hLRGQPa25SCkzDNQaCgYKAfMSARMSFQHGX2MiubbwtWPhs-DJneg-NwH7ZA0170, expiresIn=3598, tokenType=Bearer, refreshToken=null)","context":"default"}
{"timestamp":"2024-06-30 13:19:46.618","level":"INFO","thread":"http-nio-8085-exec-3","logger":"com.Synctec.Synctec.service.impl.thirdpartyauth.ThirdPartyImpl","message":"access token: ya29.a0AXooCgvbajXzsv5UGyVGWEplaheRO6VieuU0Z10pBshS4CwUOQlHmbSzLqYP8TuTyfGWz_OQz_ei2Dl6OIayhX7ub67qBliKY-BHZsrmaIiqupq1DSSuntf3uqPc9W4mVs52xDFtgNG6n-rE6A7hLRGQPa25SCkzDNQaCgYKAfMSARMSFQHGX2MiubbwtWPhs-DJneg-NwH7ZA0170","context":"default"}
{"timestamp":"2024-06-30 13:19:46.618","level":"INFO","thread":"http-nio-8085-exec-3","logger":"com.Synctec.Synctec.service.impl.thirdpartyauth.ThirdPartyImpl","message":"access expiresIn: 3598","context":"default"}
{"timestamp":"2024-06-30 13:19:46.618","level":"INFO","thread":"http-nio-8085-exec-3","logger":"com.Synctec.Synctec.service.impl.thirdpartyauth.ThirdPartyImpl","message":"access tokenType: Bearer","context":"default"}
{"timestamp":"2024-06-30 13:19:46.618","level":"INFO","thread":"http-nio-8085-exec-3","logger":"com.Synctec.Synctec.service.impl.thirdpartyauth.ThirdPartyImpl","message":"access refreshToken: null","context":"default"}
{"timestamp":"2024-06-30 13:19:46.619","level":"INFO","thread":"http-nio-8085-exec-3","logger":"com.Synctec.Synctec.service.impl.thirdpartyauth.ThirdPartyImpl","message":"This is the info url : https://www.googleapis.com/oauth2/v3/userinfo?access_token=ya29.a0AXooCgvbajXzsv5UGyVGWEplaheRO6VieuU0Z10pBshS4CwUOQlHmbSzLqYP8TuTyfGWz_OQz_ei2Dl6OIayhX7ub67qBliKY-BHZsrmaIiqupq1DSSuntf3uqPc9W4mVs52xDFtgNG6n-rE6A7hLRGQPa25SCkzDNQaCgYKAfMSARMSFQHGX2MiubbwtWPhs-DJneg-NwH7ZA0170","context":"default"}
{"timestamp":"2024-06-30 13:19:49.287","level":"INFO","thread":"http-nio-8085-exec-3","logger":"com.Synctec.Synctec.service.impl.thirdpartyauth.ThirdPartyImpl","message":"Complete user info: {\n  \"sub\" : \"104489565306535877943\",\n  \"name\" : \"David Chukwudile\",\n  \"given_name\" : \"David\",\n  \"family_name\" : \"Chukwudile\",\n  \"picture\" : \"https://lh3.googleusercontent.com/a/ACg8ocIXEOJTjMkKTVURGKjbwRMPoECekAyB1dAJJFjy-ZHGh5JhHw=s96-c\",\n  \"email\" : \"chukwudileid@gmail.com\",\n  \"email_verified\" : true\n}","context":"default"}
{"timestamp":"2024-06-30 13:19:49.287","level":"INFO","thread":"http-nio-8085-exec-3","logger":"com.Synctec.Synctec.service.impl.thirdpartyauth.ThirdPartyImpl","message":"Extracted email: chukwudileid@gmail.com","context":"default"}
{"timestamp":"2024-06-30 13:19:49.288","level":"INFO","thread":"http-nio-8085-exec-3","logger":"com.Synctec.Synctec.service.impl.thirdpartyauth.ThirdPartyImpl","message":"Extracted name: David Chukwudile","context":"default"}
{"timestamp":"2024-06-30 13:19:49.437","level":"INFO","thread":"http-nio-8085-exec-3","logger":"com.Synctec.Synctec.service.impl.thirdpartyauth.ThirdPartyImpl","message":"gets here cause the user uses google to be authenticated for the first time","context":"default"}
{"timestamp":"2024-06-30 13:19:49.437","level":"INFO","thread":"http-nio-8085-exec-3","logger":"com.Synctec.Synctec.service.impl.thirdpartyauth.ThirdPartyImpl","message":"this is the identifier: chukwudileid@gmail.com","context":"default"}
{"timestamp":"2024-06-30 13:19:49.437","level":"INFO","thread":"http-nio-8085-exec-3","logger":"com.Synctec.Synctec.service.impl.thirdpartyauth.ThirdPartyImpl","message":"this is the email: David Chukwudile","context":"default"}
{"timestamp":"2024-06-30 13:19:49.574","level":"INFO","thread":"http-nio-8085-exec-3","logger":"com.Synctec.Synctec.service.impl.thirdpartyauth.ThirdPartyImpl","message":"This is the jwt token for a google authenticated user eyJhbGciOiJIUzM4NCJ9.eyJzdWIiOiJkZjMwZjZiNC04NzljLTQ2YmUtOWM4Mi02OTc4YzNmZDc0NzEiLCJBY3RpdmUiOnRydWUsInJvbGUiOlt7ImF1dGhvcml0eSI6InVzZXIifV0sInVzZXJOYW1lIjoiRGF2aWQgQ2h1a3d1ZGlsZSIsImlhdCI6MTcxOTc0OTk4OSwiZXhwIjoxNzE5Nzg1OTg5fQ.W0uWc8wvyM4Q5NAybgehI2ThuXPkaUnDo5ylbmFmgK9sDxChUeuzDPvgeXiqCaHi","context":"default"}
{"timestamp":"2024-06-30 13:19:50.476","level":"ERROR","thread":"http-nio-8085-exec-4","logger":"com.Synctec.Synctec.security.JwtAuthFilter$$SpringCGLIB$$0","message":"Invalid token","context":"default"}
{"timestamp":"2024-06-30 13:22:03.688","level":"INFO","thread":"SpringApplicationShutdownHook","logger":"org.springframework.orm.jpa.LocalContainerEntityManagerFactoryBean","message":"Closing JPA EntityManagerFactory for persistence unit 'default'","context":"default"}
{"timestamp":"2024-06-30 13:22:03.754","level":"INFO","thread":"SpringApplicationShutdownHook","logger":"com.zaxxer.hikari.HikariDataSource","message":"HikariPool-1 - Shutdown initiated...","context":"default"}
{"timestamp":"2024-06-30 13:22:03.766","level":"INFO","thread":"SpringApplicationShutdownHook","logger":"com.zaxxer.hikari.HikariDataSource","message":"HikariPool-1 - Shutdown completed.","context":"default"}
{"timestamp":"2024-06-30 13:22:11.223","level":"INFO","thread":"background-preinit","logger":"org.hibernate.validator.internal.util.Version","message":"HV000001: Hibernate Validator 8.0.1.Final","context":"default"}
{"timestamp":"2024-06-30 13:22:11.253","level":"INFO","thread":"restartedMain","logger":"com.Synctec.Synctec.SynctecApplication","message":"Starting SynctecApplication using Java 22.0.1 with PID 54263 (/Users/macbook/Desktop/syntec/Synctec_Endpoint/target/classes started by macbook in /Users/macbook/Desktop/syntec/Synctec_Endpoint)","context":"default"}
{"timestamp":"2024-06-30 13:22:11.254","level":"INFO","thread":"restartedMain","logger":"com.Synctec.Synctec.SynctecApplication","message":"The following 1 profile is active: \"dev\"","context":"default"}
{"timestamp":"2024-06-30 13:22:11.291","level":"INFO","thread":"restartedMain","logger":"org.springframework.boot.devtools.env.DevToolsPropertyDefaultsPostProcessor","message":"Devtools property defaults active! Set 'spring.devtools.add-properties' to 'false' to disable","context":"default"}
{"timestamp":"2024-06-30 13:22:11.291","level":"INFO","thread":"restartedMain","logger":"org.springframework.boot.devtools.env.DevToolsPropertyDefaultsPostProcessor","message":"For additional web related logging consider setting the 'logging.level.web' property to 'DEBUG'","context":"default"}
{"timestamp":"2024-06-30 13:22:11.868","level":"INFO","thread":"restartedMain","logger":"org.springframework.data.repository.config.RepositoryConfigurationDelegate","message":"Bootstrapping Spring Data JPA repositories in DEFAULT mode.","context":"default"}
{"timestamp":"2024-06-30 13:22:11.924","level":"INFO","thread":"restartedMain","logger":"org.springframework.data.repository.config.RepositoryConfigurationDelegate","message":"Finished Spring Data repository scanning in 48 ms. Found 3 JPA repository interfaces.","context":"default"}
{"timestamp":"2024-06-30 13:22:12.387","level":"INFO","thread":"restartedMain","logger":"org.springframework.boot.web.embedded.tomcat.TomcatWebServer","message":"Tomcat initialized with port 8085 (http)","context":"default"}
{"timestamp":"2024-06-30 13:22:12.397","level":"INFO","thread":"restartedMain","logger":"org.apache.coyote.http11.Http11NioProtocol","message":"Initializing ProtocolHandler [\"http-nio-8085\"]","context":"default"}
{"timestamp":"2024-06-30 13:22:12.398","level":"INFO","thread":"restartedMain","logger":"org.apache.catalina.core.StandardService","message":"Starting service [Tomcat]","context":"default"}
{"timestamp":"2024-06-30 13:22:12.399","level":"INFO","thread":"restartedMain","logger":"org.apache.catalina.core.StandardEngine","message":"Starting Servlet engine: [Apache Tomcat/10.1.24]","context":"default"}
{"timestamp":"2024-06-30 13:22:12.434","level":"INFO","thread":"restartedMain","logger":"org.apache.catalina.core.ContainerBase.[Tomcat].[localhost].[/]","message":"Initializing Spring embedded WebApplicationContext","context":"default"}
{"timestamp":"2024-06-30 13:22:12.435","level":"INFO","thread":"restartedMain","logger":"org.springframework.boot.web.servlet.context.ServletWebServerApplicationContext","message":"Root WebApplicationContext: initialization completed in 1144 ms","context":"default"}
{"timestamp":"2024-06-30 13:22:12.548","level":"INFO","thread":"restartedMain","logger":"org.hibernate.jpa.internal.util.LogHelper","message":"HHH000204: Processing PersistenceUnitInfo [name: default]","context":"default"}
{"timestamp":"2024-06-30 13:22:12.605","level":"INFO","thread":"restartedMain","logger":"org.hibernate.Version","message":"HHH000412: Hibernate ORM core version 6.5.2.Final","context":"default"}
{"timestamp":"2024-06-30 13:22:12.643","level":"INFO","thread":"restartedMain","logger":"org.hibernate.cache.internal.RegionFactoryInitiator","message":"HHH000026: Second-level cache disabled","context":"default"}
{"timestamp":"2024-06-30 13:22:12.910","level":"INFO","thread":"restartedMain","logger":"org.springframework.orm.jpa.persistenceunit.SpringPersistenceUnitInfo","message":"No LoadTimeWeaver setup: ignoring JPA class transformer","context":"default"}
{"timestamp":"2024-06-30 13:22:12.936","level":"INFO","thread":"restartedMain","logger":"com.zaxxer.hikari.HikariDataSource","message":"HikariPool-1 - Starting...","context":"default"}
{"timestamp":"2024-06-30 13:22:13.022","level":"INFO","thread":"restartedMain","logger":"com.zaxxer.hikari.pool.HikariPool","message":"HikariPool-1 - Added connection org.postgresql.jdbc.PgConnection@72a296be","context":"default"}
{"timestamp":"2024-06-30 13:22:13.023","level":"INFO","thread":"restartedMain","logger":"com.zaxxer.hikari.HikariDataSource","message":"HikariPool-1 - Start completed.","context":"default"}
{"timestamp":"2024-06-30 13:22:13.053","level":"WARN","thread":"restartedMain","logger":"org.hibernate.orm.deprecation","message":"HHH90000025: PostgreSQLDialect does not need to be specified explicitly using 'hibernate.dialect' (remove the property setting and it will be selected by default)","context":"default"}
{"timestamp":"2024-06-30 13:22:13.961","level":"INFO","thread":"restartedMain","logger":"org.hibernate.engine.transaction.jta.platform.internal.JtaPlatformInitiator","message":"HHH000489: No JTA platform available (set 'hibernate.transaction.jta.platform' to enable JTA platform integration)","context":"default"}
{"timestamp":"2024-06-30 13:22:13.977","level":"WARN","thread":"restartedMain","logger":"org.hibernate.engine.jdbc.spi.SqlExceptionHelper","message":"SQL Warning Code: 0, SQLState: 00000","context":"default"}
{"timestamp":"2024-06-30 13:22:13.978","level":"WARN","thread":"restartedMain","logger":"org.hibernate.engine.jdbc.spi.SqlExceptionHelper","message":"relation \"community\" does not exist, skipping","context":"default"}
{"timestamp":"2024-06-30 13:22:13.978","level":"WARN","thread":"restartedMain","logger":"org.hibernate.engine.jdbc.spi.SqlExceptionHelper","message":"SQL Warning Code: 0, SQLState: 00000","context":"default"}
{"timestamp":"2024-06-30 13:22:13.978","level":"WARN","thread":"restartedMain","logger":"org.hibernate.engine.jdbc.spi.SqlExceptionHelper","message":"relation \"user_community\" does not exist, skipping","context":"default"}
{"timestamp":"2024-06-30 13:22:13.979","level":"WARN","thread":"restartedMain","logger":"org.hibernate.engine.jdbc.spi.SqlExceptionHelper","message":"SQL Warning Code: 0, SQLState: 00000","context":"default"}
{"timestamp":"2024-06-30 13:22:13.979","level":"WARN","thread":"restartedMain","logger":"org.hibernate.engine.jdbc.spi.SqlExceptionHelper","message":"relation \"user_community\" does not exist, skipping","context":"default"}
{"timestamp":"2024-06-30 13:22:13.979","level":"WARN","thread":"restartedMain","logger":"org.hibernate.engine.jdbc.spi.SqlExceptionHelper","message":"SQL Warning Code: 0, SQLState: 00000","context":"default"}
{"timestamp":"2024-06-30 13:22:13.980","level":"WARN","thread":"restartedMain","logger":"org.hibernate.engine.jdbc.spi.SqlExceptionHelper","message":"relation \"users\" does not exist, skipping","context":"default"}
{"timestamp":"2024-06-30 13:22:13.980","level":"WARN","thread":"restartedMain","logger":"org.hibernate.engine.jdbc.spi.SqlExceptionHelper","message":"SQL Warning Code: 0, SQLState: 00000","context":"default"}
{"timestamp":"2024-06-30 13:22:13.980","level":"WARN","thread":"restartedMain","logger":"org.hibernate.engine.jdbc.spi.SqlExceptionHelper","message":"relation \"verifcation_token\" does not exist, skipping","context":"default"}
{"timestamp":"2024-06-30 13:22:13.981","level":"WARN","thread":"restartedMain","logger":"org.hibernate.engine.jdbc.spi.SqlExceptionHelper","message":"SQL Warning Code: 0, SQLState: 00000","context":"default"}
{"timestamp":"2024-06-30 13:22:13.981","level":"WARN","thread":"restartedMain","logger":"org.hibernate.engine.jdbc.spi.SqlExceptionHelper","message":"table \"community\" does not exist, skipping","context":"default"}
{"timestamp":"2024-06-30 13:22:13.981","level":"WARN","thread":"restartedMain","logger":"org.hibernate.engine.jdbc.spi.SqlExceptionHelper","message":"SQL Warning Code: 0, SQLState: 00000","context":"default"}
{"timestamp":"2024-06-30 13:22:13.982","level":"WARN","thread":"restartedMain","logger":"org.hibernate.engine.jdbc.spi.SqlExceptionHelper","message":"table \"user_community\" does not exist, skipping","context":"default"}
{"timestamp":"2024-06-30 13:22:13.982","level":"WARN","thread":"restartedMain","logger":"org.hibernate.engine.jdbc.spi.SqlExceptionHelper","message":"SQL Warning Code: 0, SQLState: 00000","context":"default"}
{"timestamp":"2024-06-30 13:22:13.982","level":"WARN","thread":"restartedMain","logger":"org.hibernate.engine.jdbc.spi.SqlExceptionHelper","message":"table \"users\" does not exist, skipping","context":"default"}
{"timestamp":"2024-06-30 13:22:13.983","level":"WARN","thread":"restartedMain","logger":"org.hibernate.engine.jdbc.spi.SqlExceptionHelper","message":"SQL Warning Code: 0, SQLState: 00000","context":"default"}
{"timestamp":"2024-06-30 13:22:13.983","level":"WARN","thread":"restartedMain","logger":"org.hibernate.engine.jdbc.spi.SqlExceptionHelper","message":"table \"verifcation_token\" does not exist, skipping","context":"default"}
{"timestamp":"2024-06-30 13:22:14.016","level":"INFO","thread":"restartedMain","logger":"org.springframework.orm.jpa.LocalContainerEntityManagerFactoryBean","message":"Initialized JPA EntityManagerFactory for persistence unit 'default'","context":"default"}
{"timestamp":"2024-06-30 13:22:14.401","level":"INFO","thread":"restartedMain","logger":"org.springframework.security.config.annotation.authentication.configuration.InitializeAuthenticationProviderBeanManagerConfigurer$InitializeAuthenticationProviderManagerConfigurer","message":"Global AuthenticationManager configured with AuthenticationProvider bean with name authenticationProvider","context":"default"}
{"timestamp":"2024-06-30 13:22:14.401","level":"WARN","thread":"restartedMain","logger":"org.springframework.security.config.annotation.authentication.configuration.InitializeUserDetailsBeanManagerConfigurer$InitializeUserDetailsManagerConfigurer","message":"Global AuthenticationManager configured with an AuthenticationProvider bean. UserDetailsService beans will not be used for username/password login. Consider removing the AuthenticationProvider bean. Alternatively, consider using the UserDetailsService in a manually instantiated DaoAuthenticationProvider.","context":"default"}
{"timestamp":"2024-06-30 13:22:14.465","level":"WARN","thread":"restartedMain","logger":"org.springframework.boot.autoconfigure.orm.jpa.JpaBaseConfiguration$JpaWebConfiguration","message":"spring.jpa.open-in-view is enabled by default. Therefore, database queries may be performed during view rendering. Explicitly configure spring.jpa.open-in-view to disable this warning","context":"default"}
{"timestamp":"2024-06-30 13:22:14.679","level":"INFO","thread":"restartedMain","logger":"org.springframework.security.web.DefaultSecurityFilterChain","message":"Will secure any request with [org.springframework.security.web.session.DisableEncodeUrlFilter@11c60050, org.springframework.security.web.context.request.async.WebAsyncManagerIntegrationFilter@55378be7, org.springframework.security.web.context.SecurityContextHolderFilter@2bb370d6, org.springframework.security.web.header.HeaderWriterFilter@1397ef57, org.springframework.security.web.authentication.logout.LogoutFilter@6892cb61, com.Synctec.Synctec.security.JwtAuthFilter$$SpringCGLIB$$0@29d28466, org.springframework.security.web.savedrequest.RequestCacheAwareFilter@297b8cf1, org.springframework.security.web.servletapi.SecurityContextHolderAwareRequestFilter@2f1d1664, org.springframework.security.web.authentication.AnonymousAuthenticationFilter@432b075d, org.springframework.security.web.session.SessionManagementFilter@3b12b08d, org.springframework.security.web.access.ExceptionTranslationFilter@46b1ffc3, org.springframework.security.web.access.intercept.AuthorizationFilter@451034a3]","context":"default"}
{"timestamp":"2024-06-30 13:22:14.856","level":"INFO","thread":"restartedMain","logger":"org.springframework.boot.devtools.autoconfigure.OptionalLiveReloadServer","message":"LiveReload server is running on port 35729","context":"default"}
{"timestamp":"2024-06-30 13:22:14.872","level":"INFO","thread":"restartedMain","logger":"org.apache.coyote.http11.Http11NioProtocol","message":"Starting ProtocolHandler [\"http-nio-8085\"]","context":"default"}
{"timestamp":"2024-06-30 13:22:14.879","level":"INFO","thread":"restartedMain","logger":"org.springframework.boot.web.embedded.tomcat.TomcatWebServer","message":"Tomcat started on port 8085 (http) with context path '/'","context":"default"}
{"timestamp":"2024-06-30 13:22:14.886","level":"INFO","thread":"restartedMain","logger":"com.Synctec.Synctec.SynctecApplication","message":"Started SynctecApplication in 3.896 seconds (process running for 4.693)","context":"default"}
{"timestamp":"2024-06-30 13:22:25.882","level":"INFO","thread":"http-nio-8085-exec-2","logger":"org.apache.catalina.core.ContainerBase.[Tomcat].[localhost].[/]","message":"Initializing Spring DispatcherServlet 'dispatcherServlet'","context":"default"}
{"timestamp":"2024-06-30 13:22:25.882","level":"INFO","thread":"http-nio-8085-exec-2","logger":"org.springframework.web.servlet.DispatcherServlet","message":"Initializing Servlet 'dispatcherServlet'","context":"default"}
{"timestamp":"2024-06-30 13:22:25.884","level":"INFO","thread":"http-nio-8085-exec-2","logger":"org.springframework.web.servlet.DispatcherServlet","message":"Completed initialization in 1 ms","context":"default"}
{"timestamp":"2024-06-30 13:22:26.191","level":"INFO","thread":"http-nio-8085-exec-2","logger":"com.Synctec.Synctec.email.EmailService","message":"Trying to send the otp","context":"default"}
{"timestamp":"2024-06-30 13:22:56.655","level":"INFO","thread":"http-nio-8085-exec-3","logger":"com.Synctec.Synctec.controllers.Auth.AuthController","message":"here to verify the otp 882005","context":"default"}
{"timestamp":"2024-06-30 13:22:56.656","level":"INFO","thread":"http-nio-8085-exec-3","logger":"com.Synctec.Synctec.service.impl.BaseUserImpl.BaseUserImpl","message":"inside validate otp method","context":"default"}
{"timestamp":"2024-06-30 13:23:26.256","level":"INFO","thread":"http-nio-8085-exec-4","logger":"com.Synctec.Synctec.controllers.Auth.AuthController","message":"creating username for user {}Optadave","context":"default"}
{"timestamp":"2024-06-30 13:23:44.009","level":"INFO","thread":"http-nio-8085-exec-5","logger":"com.Synctec.Synctec.controllers.Auth.AuthController","message":"Login user {}Optadave","context":"default"}
{"timestamp":"2024-06-30 13:23:44.013","level":"INFO","thread":"http-nio-8085-exec-5","logger":"com.Synctec.Synctec.service.impl.BaseUserImpl.BaseUserImpl","message":"This is the user object BaseEntity(id=33ea9785-fbca-4e79-a4bc-d231a6ea10dd, createdDate=2024-06-30T12:22:29.770131Z, updatedDate=2024-06-30T12:23:26.274870Z)","context":"default"}
{"timestamp":"2024-06-30 13:26:35.240","level":"INFO","thread":"http-nio-8085-exec-8","logger":"com.Synctec.Synctec.service.impl.thirdpartyauth.ThirdPartyImpl","message":"This is the initiation url https://accounts.google.com/o/oauth2/v2/auth?response_type=code&client_id=1052501876846-1s78gnjc1vsm84eit16l9q2ibce3i0f2.apps.googleusercontent.com&redirect_uri=http://localhost:8085/api/v1/auth/verify&scope=openid%20email%20profile&state=custom_state","context":"default"}
{"timestamp":"2024-06-30 13:26:41.706","level":"INFO","thread":"http-nio-8085-exec-9","logger":"com.Synctec.Synctec.controllers.Auth.AuthController","message":"google calls this url 4/0ATx3LY5OsA4Mpby3SuHfZmMflbYn8wVqqQT84rfAUUjUa45ooZct1N64lmeXQkVaT3kCygcustom_statenull","context":"default"}
{"timestamp":"2024-06-30 13:26:41.706","level":"INFO","thread":"http-nio-8085-exec-9","logger":"com.Synctec.Synctec.service.impl.thirdpartyauth.ThirdPartyImpl","message":"Google Token URL: https://oauth2.googleapis.com/token","context":"default"}
{"timestamp":"2024-06-30 13:26:41.707","level":"INFO","thread":"http-nio-8085-exec-9","logger":"com.Synctec.Synctec.service.impl.thirdpartyauth.ThirdPartyImpl","message":"Google Client ID: 1052501876846-1s78gnjc1vsm84eit16l9q2ibce3i0f2.apps.googleusercontent.com","context":"default"}
{"timestamp":"2024-06-30 13:26:41.708","level":"INFO","thread":"http-nio-8085-exec-9","logger":"com.Synctec.Synctec.service.impl.thirdpartyauth.ThirdPartyImpl","message":"Google Redirect URI: http://localhost:8085/api/v1/auth/verify","context":"default"}
{"timestamp":"2024-06-30 13:26:41.708","level":"INFO","thread":"http-nio-8085-exec-9","logger":"com.Synctec.Synctec.service.impl.thirdpartyauth.ThirdPartyImpl","message":"URL for token exchange: https://oauth2.googleapis.com/token","context":"default"}
{"timestamp":"2024-06-30 13:26:42.333","level":"INFO","thread":"http-nio-8085-exec-9","logger":"com.Synctec.Synctec.service.impl.thirdpartyauth.ThirdPartyImpl","message":"Token exchange response: <200 OK OK,GoogleTokenResponse(accessToken=ya29.a0AXooCgt4VOFhchag_01qsaPLy10iIokQHnZj3dvjRa7YdeNxWoopANXbeRPyOVYEjXeSJz0ka2HsIx_IdjLsIi_Gdj6XCkpIn5O4Q4J0VqudS4lRYRQ3q6dCKwQXUNoqGISIWYwfsbJ23eEW2ahfmshLHZG2JE8nxAsaCgYKAWUSARMSFQHGX2Mikp2UY-RaqNzFi6sR826Weg0170, expiresIn=3599, tokenType=Bearer, refreshToken=null),[Pragma:\"no-cache\", Expires:\"Mon, 01 Jan 1990 00:00:00 GMT\", Cache-Control:\"no-cache, no-store, max-age=0, must-revalidate\", Date:\"Sun, 30 Jun 2024 12:26:42 GMT\", Content-Type:\"application/json; charset=utf-8\", Vary:\"X-Origin\", \"Referer\", \"Origin,Accept-Encoding\", Server:\"scaffolding on HTTPServer2\", X-XSS-Protection:\"0\", X-Frame-Options:\"SAMEORIGIN\", X-Content-Type-Options:\"nosniff\", Alt-Svc:\"h3=\":443\"; ma=2592000,h3-29=\":443\"; ma=2592000\", Accept-Ranges:\"none\", Transfer-Encoding:\"chunked\"]>","context":"default"}
{"timestamp":"2024-06-30 13:26:42.336","level":"INFO","thread":"http-nio-8085-exec-9","logger":"com.Synctec.Synctec.service.impl.thirdpartyauth.ThirdPartyImpl","message":"Token exchange body: GoogleTokenResponse(accessToken=ya29.a0AXooCgt4VOFhchag_01qsaPLy10iIokQHnZj3dvjRa7YdeNxWoopANXbeRPyOVYEjXeSJz0ka2HsIx_IdjLsIi_Gdj6XCkpIn5O4Q4J0VqudS4lRYRQ3q6dCKwQXUNoqGISIWYwfsbJ23eEW2ahfmshLHZG2JE8nxAsaCgYKAWUSARMSFQHGX2Mikp2UY-RaqNzFi6sR826Weg0170, expiresIn=3599, tokenType=Bearer, refreshToken=null)","context":"default"}
{"timestamp":"2024-06-30 13:26:42.336","level":"INFO","thread":"http-nio-8085-exec-9","logger":"com.Synctec.Synctec.service.impl.thirdpartyauth.ThirdPartyImpl","message":"access token: ya29.a0AXooCgt4VOFhchag_01qsaPLy10iIokQHnZj3dvjRa7YdeNxWoopANXbeRPyOVYEjXeSJz0ka2HsIx_IdjLsIi_Gdj6XCkpIn5O4Q4J0VqudS4lRYRQ3q6dCKwQXUNoqGISIWYwfsbJ23eEW2ahfmshLHZG2JE8nxAsaCgYKAWUSARMSFQHGX2Mikp2UY-RaqNzFi6sR826Weg0170","context":"default"}
{"timestamp":"2024-06-30 13:26:42.337","level":"INFO","thread":"http-nio-8085-exec-9","logger":"com.Synctec.Synctec.service.impl.thirdpartyauth.ThirdPartyImpl","message":"access expiresIn: 3599","context":"default"}
{"timestamp":"2024-06-30 13:26:42.337","level":"INFO","thread":"http-nio-8085-exec-9","logger":"com.Synctec.Synctec.service.impl.thirdpartyauth.ThirdPartyImpl","message":"access tokenType: Bearer","context":"default"}
{"timestamp":"2024-06-30 13:26:42.337","level":"INFO","thread":"http-nio-8085-exec-9","logger":"com.Synctec.Synctec.service.impl.thirdpartyauth.ThirdPartyImpl","message":"access refreshToken: null","context":"default"}
{"timestamp":"2024-06-30 13:26:42.337","level":"INFO","thread":"http-nio-8085-exec-9","logger":"com.Synctec.Synctec.service.impl.thirdpartyauth.ThirdPartyImpl","message":"This is the info url : https://www.googleapis.com/oauth2/v3/userinfo?access_token=ya29.a0AXooCgt4VOFhchag_01qsaPLy10iIokQHnZj3dvjRa7YdeNxWoopANXbeRPyOVYEjXeSJz0ka2HsIx_IdjLsIi_Gdj6XCkpIn5O4Q4J0VqudS4lRYRQ3q6dCKwQXUNoqGISIWYwfsbJ23eEW2ahfmshLHZG2JE8nxAsaCgYKAWUSARMSFQHGX2Mikp2UY-RaqNzFi6sR826Weg0170","context":"default"}
{"timestamp":"2024-06-30 13:26:43.930","level":"INFO","thread":"http-nio-8085-exec-9","logger":"com.Synctec.Synctec.service.impl.thirdpartyauth.ThirdPartyImpl","message":"Complete user info: {\n  \"sub\" : \"104489565306535877943\",\n  \"name\" : \"David Chukwudile\",\n  \"given_name\" : \"David\",\n  \"family_name\" : \"Chukwudile\",\n  \"picture\" : \"https://lh3.googleusercontent.com/a/ACg8ocIXEOJTjMkKTVURGKjbwRMPoECekAyB1dAJJFjy-ZHGh5JhHw=s96-c\",\n  \"email\" : \"chukwudileid@gmail.com\",\n  \"email_verified\" : true\n}","context":"default"}
{"timestamp":"2024-06-30 13:26:43.931","level":"INFO","thread":"http-nio-8085-exec-9","logger":"com.Synctec.Synctec.service.impl.thirdpartyauth.ThirdPartyImpl","message":"Extracted email: chukwudileid@gmail.com","context":"default"}
{"timestamp":"2024-06-30 13:26:43.931","level":"INFO","thread":"http-nio-8085-exec-9","logger":"com.Synctec.Synctec.service.impl.thirdpartyauth.ThirdPartyImpl","message":"Extracted name: David Chukwudile","context":"default"}
{"timestamp":"2024-06-30 13:26:43.936","level":"INFO","thread":"http-nio-8085-exec-9","logger":"com.Synctec.Synctec.service.impl.thirdpartyauth.ThirdPartyImpl","message":"gets here cause the user uses google to be authenticated for the first time","context":"default"}
{"timestamp":"2024-06-30 13:26:43.937","level":"INFO","thread":"http-nio-8085-exec-9","logger":"com.Synctec.Synctec.service.impl.thirdpartyauth.ThirdPartyImpl","message":"this is the identifier: chukwudileid@gmail.com","context":"default"}
{"timestamp":"2024-06-30 13:26:43.937","level":"INFO","thread":"http-nio-8085-exec-9","logger":"com.Synctec.Synctec.service.impl.thirdpartyauth.ThirdPartyImpl","message":"this is the email: David Chukwudile","context":"default"}
{"timestamp":"2024-06-30 13:26:43.950","level":"WARN","thread":"http-nio-8085-exec-9","logger":"org.hibernate.engine.jdbc.spi.SqlExceptionHelper","message":"SQL Error: 0, SQLState: 23505","context":"default"}
{"timestamp":"2024-06-30 13:26:43.951","level":"ERROR","thread":"http-nio-8085-exec-9","logger":"org.hibernate.engine.jdbc.spi.SqlExceptionHelper","message":"ERROR: duplicate key value violates unique constraint \"users_unique_identifier_key\"\n  Detail: Key (unique_identifier)=(chukwudileid@gmail.com) already exists.","context":"default"}
{"timestamp":"2024-06-30 13:26:43.987","level":"WARN","thread":"http-nio-8085-exec-9","logger":"org.springframework.web.servlet.mvc.method.annotation.ExceptionHandlerExceptionResolver","message":"Resolved [org.springframework.dao.DataIntegrityViolationException: could not execute statement [ERROR: duplicate key value violates unique constraint \"users_unique_identifier_key\"<EOL>  Detail: Key (unique_identifier)=(chukwudileid@gmail.com) already exists.] [insert into users (created_date,disabled_at,enabled_at,google_id,is_active,is_email,is_verified,last_login,password,role,unique_identifier,updated_date,user_name,verification_token_id,id) values (?,?,?,?,?,?,?,?,?,?,?,?,?,?,?)]; SQL [insert into users (created_date,disabled_at,enabled_at,google_id,is_active,is_email,is_verified,last_login,password,role,unique_identifier,updated_date,user_name,verification_token_id,id) values (?,?,?,?,?,?,?,?,?,?,?,?,?,?,?)]; constraint [users_unique_identifier_key]]","context":"default"}
{"timestamp":"2024-06-30 13:26:44.990","level":"ERROR","thread":"http-nio-8085-exec-10","logger":"com.Synctec.Synctec.security.JwtAuthFilter$$SpringCGLIB$$0","message":"Invalid token","context":"default"}
{"timestamp":"2024-06-30 13:53:09.827","level":"INFO","thread":"SpringApplicationShutdownHook","logger":"org.springframework.orm.jpa.LocalContainerEntityManagerFactoryBean","message":"Closing JPA EntityManagerFactory for persistence unit 'default'","context":"default"}
{"timestamp":"2024-06-30 13:53:09.894","level":"INFO","thread":"SpringApplicationShutdownHook","logger":"com.zaxxer.hikari.HikariDataSource","message":"HikariPool-1 - Shutdown initiated...","context":"default"}
{"timestamp":"2024-06-30 13:53:09.901","level":"INFO","thread":"SpringApplicationShutdownHook","logger":"com.zaxxer.hikari.HikariDataSource","message":"HikariPool-1 - Shutdown completed.","context":"default"}
{"timestamp":"2024-06-30 13:53:15.183","level":"INFO","thread":"background-preinit","logger":"org.hibernate.validator.internal.util.Version","message":"HV000001: Hibernate Validator 8.0.1.Final","context":"default"}
{"timestamp":"2024-06-30 13:53:15.214","level":"INFO","thread":"restartedMain","logger":"com.Synctec.Synctec.SynctecApplication","message":"Starting SynctecApplication using Java 22.0.1 with PID 54808 (/Users/macbook/Desktop/syntec/Synctec_Endpoint/target/classes started by macbook in /Users/macbook/Desktop/syntec/Synctec_Endpoint)","context":"default"}
{"timestamp":"2024-06-30 13:53:15.215","level":"INFO","thread":"restartedMain","logger":"com.Synctec.Synctec.SynctecApplication","message":"The following 1 profile is active: \"dev\"","context":"default"}
{"timestamp":"2024-06-30 13:53:15.251","level":"INFO","thread":"restartedMain","logger":"org.springframework.boot.devtools.env.DevToolsPropertyDefaultsPostProcessor","message":"Devtools property defaults active! Set 'spring.devtools.add-properties' to 'false' to disable","context":"default"}
{"timestamp":"2024-06-30 13:53:15.251","level":"INFO","thread":"restartedMain","logger":"org.springframework.boot.devtools.env.DevToolsPropertyDefaultsPostProcessor","message":"For additional web related logging consider setting the 'logging.level.web' property to 'DEBUG'","context":"default"}
{"timestamp":"2024-06-30 13:53:15.835","level":"INFO","thread":"restartedMain","logger":"org.springframework.data.repository.config.RepositoryConfigurationDelegate","message":"Bootstrapping Spring Data JPA repositories in DEFAULT mode.","context":"default"}
{"timestamp":"2024-06-30 13:53:15.887","level":"INFO","thread":"restartedMain","logger":"org.springframework.data.repository.config.RepositoryConfigurationDelegate","message":"Finished Spring Data repository scanning in 44 ms. Found 3 JPA repository interfaces.","context":"default"}
{"timestamp":"2024-06-30 13:53:16.350","level":"INFO","thread":"restartedMain","logger":"org.springframework.boot.web.embedded.tomcat.TomcatWebServer","message":"Tomcat initialized with port 8085 (http)","context":"default"}
{"timestamp":"2024-06-30 13:53:16.360","level":"INFO","thread":"restartedMain","logger":"org.apache.coyote.http11.Http11NioProtocol","message":"Initializing ProtocolHandler [\"http-nio-8085\"]","context":"default"}
{"timestamp":"2024-06-30 13:53:16.361","level":"INFO","thread":"restartedMain","logger":"org.apache.catalina.core.StandardService","message":"Starting service [Tomcat]","context":"default"}
{"timestamp":"2024-06-30 13:53:16.361","level":"INFO","thread":"restartedMain","logger":"org.apache.catalina.core.StandardEngine","message":"Starting Servlet engine: [Apache Tomcat/10.1.24]","context":"default"}
{"timestamp":"2024-06-30 13:53:16.398","level":"INFO","thread":"restartedMain","logger":"org.apache.catalina.core.ContainerBase.[Tomcat].[localhost].[/]","message":"Initializing Spring embedded WebApplicationContext","context":"default"}
{"timestamp":"2024-06-30 13:53:16.398","level":"INFO","thread":"restartedMain","logger":"org.springframework.boot.web.servlet.context.ServletWebServerApplicationContext","message":"Root WebApplicationContext: initialization completed in 1146 ms","context":"default"}
{"timestamp":"2024-06-30 13:53:16.504","level":"INFO","thread":"restartedMain","logger":"org.hibernate.jpa.internal.util.LogHelper","message":"HHH000204: Processing PersistenceUnitInfo [name: default]","context":"default"}
{"timestamp":"2024-06-30 13:53:16.568","level":"INFO","thread":"restartedMain","logger":"org.hibernate.Version","message":"HHH000412: Hibernate ORM core version 6.5.2.Final","context":"default"}
{"timestamp":"2024-06-30 13:53:16.608","level":"INFO","thread":"restartedMain","logger":"org.hibernate.cache.internal.RegionFactoryInitiator","message":"HHH000026: Second-level cache disabled","context":"default"}
{"timestamp":"2024-06-30 13:53:16.884","level":"INFO","thread":"restartedMain","logger":"org.springframework.orm.jpa.persistenceunit.SpringPersistenceUnitInfo","message":"No LoadTimeWeaver setup: ignoring JPA class transformer","context":"default"}
{"timestamp":"2024-06-30 13:53:16.913","level":"INFO","thread":"restartedMain","logger":"com.zaxxer.hikari.HikariDataSource","message":"HikariPool-1 - Starting...","context":"default"}
{"timestamp":"2024-06-30 13:53:16.995","level":"INFO","thread":"restartedMain","logger":"com.zaxxer.hikari.pool.HikariPool","message":"HikariPool-1 - Added connection org.postgresql.jdbc.PgConnection@4388471","context":"default"}
{"timestamp":"2024-06-30 13:53:16.997","level":"INFO","thread":"restartedMain","logger":"com.zaxxer.hikari.HikariDataSource","message":"HikariPool-1 - Start completed.","context":"default"}
{"timestamp":"2024-06-30 13:53:17.030","level":"WARN","thread":"restartedMain","logger":"org.hibernate.orm.deprecation","message":"HHH90000025: PostgreSQLDialect does not need to be specified explicitly using 'hibernate.dialect' (remove the property setting and it will be selected by default)","context":"default"}
{"timestamp":"2024-06-30 13:53:18.245","level":"INFO","thread":"restartedMain","logger":"org.hibernate.engine.transaction.jta.platform.internal.JtaPlatformInitiator","message":"HHH000489: No JTA platform available (set 'hibernate.transaction.jta.platform' to enable JTA platform integration)","context":"default"}
{"timestamp":"2024-06-30 13:53:18.275","level":"WARN","thread":"restartedMain","logger":"org.hibernate.engine.jdbc.spi.SqlExceptionHelper","message":"SQL Warning Code: 0, SQLState: 00000","context":"default"}
{"timestamp":"2024-06-30 13:53:18.275","level":"WARN","thread":"restartedMain","logger":"org.hibernate.engine.jdbc.spi.SqlExceptionHelper","message":"relation \"community\" does not exist, skipping","context":"default"}
{"timestamp":"2024-06-30 13:53:18.276","level":"WARN","thread":"restartedMain","logger":"org.hibernate.engine.jdbc.spi.SqlExceptionHelper","message":"SQL Warning Code: 0, SQLState: 00000","context":"default"}
{"timestamp":"2024-06-30 13:53:18.277","level":"WARN","thread":"restartedMain","logger":"org.hibernate.engine.jdbc.spi.SqlExceptionHelper","message":"relation \"user_community\" does not exist, skipping","context":"default"}
{"timestamp":"2024-06-30 13:53:18.277","level":"WARN","thread":"restartedMain","logger":"org.hibernate.engine.jdbc.spi.SqlExceptionHelper","message":"SQL Warning Code: 0, SQLState: 00000","context":"default"}
{"timestamp":"2024-06-30 13:53:18.278","level":"WARN","thread":"restartedMain","logger":"org.hibernate.engine.jdbc.spi.SqlExceptionHelper","message":"relation \"user_community\" does not exist, skipping","context":"default"}
{"timestamp":"2024-06-30 13:53:18.279","level":"WARN","thread":"restartedMain","logger":"org.hibernate.engine.jdbc.spi.SqlExceptionHelper","message":"SQL Warning Code: 0, SQLState: 00000","context":"default"}
{"timestamp":"2024-06-30 13:53:18.279","level":"WARN","thread":"restartedMain","logger":"org.hibernate.engine.jdbc.spi.SqlExceptionHelper","message":"relation \"users\" does not exist, skipping","context":"default"}
{"timestamp":"2024-06-30 13:53:18.280","level":"WARN","thread":"restartedMain","logger":"org.hibernate.engine.jdbc.spi.SqlExceptionHelper","message":"SQL Warning Code: 0, SQLState: 00000","context":"default"}
{"timestamp":"2024-06-30 13:53:18.281","level":"WARN","thread":"restartedMain","logger":"org.hibernate.engine.jdbc.spi.SqlExceptionHelper","message":"relation \"verifcation_token\" does not exist, skipping","context":"default"}
{"timestamp":"2024-06-30 13:53:18.282","level":"WARN","thread":"restartedMain","logger":"org.hibernate.engine.jdbc.spi.SqlExceptionHelper","message":"SQL Warning Code: 0, SQLState: 00000","context":"default"}
{"timestamp":"2024-06-30 13:53:18.282","level":"WARN","thread":"restartedMain","logger":"org.hibernate.engine.jdbc.spi.SqlExceptionHelper","message":"table \"community\" does not exist, skipping","context":"default"}
{"timestamp":"2024-06-30 13:53:18.283","level":"WARN","thread":"restartedMain","logger":"org.hibernate.engine.jdbc.spi.SqlExceptionHelper","message":"SQL Warning Code: 0, SQLState: 00000","context":"default"}
{"timestamp":"2024-06-30 13:53:18.283","level":"WARN","thread":"restartedMain","logger":"org.hibernate.engine.jdbc.spi.SqlExceptionHelper","message":"table \"user_community\" does not exist, skipping","context":"default"}
{"timestamp":"2024-06-30 13:53:18.283","level":"WARN","thread":"restartedMain","logger":"org.hibernate.engine.jdbc.spi.SqlExceptionHelper","message":"SQL Warning Code: 0, SQLState: 00000","context":"default"}
{"timestamp":"2024-06-30 13:53:18.284","level":"WARN","thread":"restartedMain","logger":"org.hibernate.engine.jdbc.spi.SqlExceptionHelper","message":"table \"users\" does not exist, skipping","context":"default"}
{"timestamp":"2024-06-30 13:53:18.284","level":"WARN","thread":"restartedMain","logger":"org.hibernate.engine.jdbc.spi.SqlExceptionHelper","message":"SQL Warning Code: 0, SQLState: 00000","context":"default"}
{"timestamp":"2024-06-30 13:53:18.285","level":"WARN","thread":"restartedMain","logger":"org.hibernate.engine.jdbc.spi.SqlExceptionHelper","message":"table \"verifcation_token\" does not exist, skipping","context":"default"}
{"timestamp":"2024-06-30 13:53:18.340","level":"INFO","thread":"restartedMain","logger":"org.springframework.orm.jpa.LocalContainerEntityManagerFactoryBean","message":"Initialized JPA EntityManagerFactory for persistence unit 'default'","context":"default"}
{"timestamp":"2024-06-30 13:53:18.858","level":"INFO","thread":"restartedMain","logger":"org.springframework.security.config.annotation.authentication.configuration.InitializeAuthenticationProviderBeanManagerConfigurer$InitializeAuthenticationProviderManagerConfigurer","message":"Global AuthenticationManager configured with AuthenticationProvider bean with name authenticationProvider","context":"default"}
{"timestamp":"2024-06-30 13:53:18.859","level":"WARN","thread":"restartedMain","logger":"org.springframework.security.config.annotation.authentication.configuration.InitializeUserDetailsBeanManagerConfigurer$InitializeUserDetailsManagerConfigurer","message":"Global AuthenticationManager configured with an AuthenticationProvider bean. UserDetailsService beans will not be used for username/password login. Consider removing the AuthenticationProvider bean. Alternatively, consider using the UserDetailsService in a manually instantiated DaoAuthenticationProvider.","context":"default"}
{"timestamp":"2024-06-30 13:53:18.940","level":"WARN","thread":"restartedMain","logger":"org.springframework.boot.autoconfigure.orm.jpa.JpaBaseConfiguration$JpaWebConfiguration","message":"spring.jpa.open-in-view is enabled by default. Therefore, database queries may be performed during view rendering. Explicitly configure spring.jpa.open-in-view to disable this warning","context":"default"}
{"timestamp":"2024-06-30 13:53:19.211","level":"INFO","thread":"restartedMain","logger":"org.springframework.security.web.DefaultSecurityFilterChain","message":"Will secure any request with [org.springframework.security.web.session.DisableEncodeUrlFilter@3869c2b1, org.springframework.security.web.context.request.async.WebAsyncManagerIntegrationFilter@b6d8d4f, org.springframework.security.web.context.SecurityContextHolderFilter@3718a5d4, org.springframework.security.web.header.HeaderWriterFilter@a73a065, org.springframework.security.web.authentication.logout.LogoutFilter@888cfdc, com.Synctec.Synctec.security.JwtAuthFilter$$SpringCGLIB$$0@3d116326, org.springframework.security.web.savedrequest.RequestCacheAwareFilter@19fd7c32, org.springframework.security.web.servletapi.SecurityContextHolderAwareRequestFilter@5bbb0d32, org.springframework.security.web.authentication.AnonymousAuthenticationFilter@1f0d9ae0, org.springframework.security.web.session.SessionManagementFilter@3dfe3eee, org.springframework.security.web.access.ExceptionTranslationFilter@350cd0d6, org.springframework.security.web.access.intercept.AuthorizationFilter@4f4f9f0c]","context":"default"}
{"timestamp":"2024-06-30 13:53:19.408","level":"INFO","thread":"restartedMain","logger":"org.springframework.boot.devtools.autoconfigure.OptionalLiveReloadServer","message":"LiveReload server is running on port 35729","context":"default"}
{"timestamp":"2024-06-30 13:53:19.425","level":"INFO","thread":"restartedMain","logger":"org.apache.coyote.http11.Http11NioProtocol","message":"Starting ProtocolHandler [\"http-nio-8085\"]","context":"default"}
{"timestamp":"2024-06-30 13:53:19.431","level":"INFO","thread":"restartedMain","logger":"org.springframework.boot.web.embedded.tomcat.TomcatWebServer","message":"Tomcat started on port 8085 (http) with context path '/'","context":"default"}
{"timestamp":"2024-06-30 13:53:19.438","level":"INFO","thread":"restartedMain","logger":"com.Synctec.Synctec.SynctecApplication","message":"Started SynctecApplication in 4.504 seconds (process running for 5.307)","context":"default"}
{"timestamp":"2024-06-30 13:53:25.444","level":"INFO","thread":"http-nio-8085-exec-1","logger":"org.apache.catalina.core.ContainerBase.[Tomcat].[localhost].[/]","message":"Initializing Spring DispatcherServlet 'dispatcherServlet'","context":"default"}
{"timestamp":"2024-06-30 13:53:25.445","level":"INFO","thread":"http-nio-8085-exec-1","logger":"org.springframework.web.servlet.DispatcherServlet","message":"Initializing Servlet 'dispatcherServlet'","context":"default"}
{"timestamp":"2024-06-30 13:53:25.446","level":"INFO","thread":"http-nio-8085-exec-1","logger":"org.springframework.web.servlet.DispatcherServlet","message":"Completed initialization in 1 ms","context":"default"}
{"timestamp":"2024-06-30 13:53:25.487","level":"INFO","thread":"http-nio-8085-exec-1","logger":"com.Synctec.Synctec.service.impl.thirdpartyauth.ThirdPartyImpl","message":"This is the initiation url https://accounts.google.com/o/oauth2/v2/auth?response_type=code&client_id=1052501876846-1s78gnjc1vsm84eit16l9q2ibce3i0f2.apps.googleusercontent.com&redirect_uri=http://localhost:8085/api/v1/auth/verify&scope=openid%20email%20profile&state=custom_state","context":"default"}
{"timestamp":"2024-06-30 13:53:28.516","level":"INFO","thread":"http-nio-8085-exec-3","logger":"com.Synctec.Synctec.controllers.Auth.AuthController","message":"google calls this url 4/0ATx3LY7xydudOW-tocTW19csX4qVx72B_X3A8jIWibLUPeyIK3aDWFU_F_wRrdQj3tdZkQcustom_statenull","context":"default"}
{"timestamp":"2024-06-30 13:53:28.516","level":"INFO","thread":"http-nio-8085-exec-3","logger":"com.Synctec.Synctec.service.impl.thirdpartyauth.ThirdPartyImpl","message":"Google Token URL: https://oauth2.googleapis.com/token","context":"default"}
{"timestamp":"2024-06-30 13:53:28.517","level":"INFO","thread":"http-nio-8085-exec-3","logger":"com.Synctec.Synctec.service.impl.thirdpartyauth.ThirdPartyImpl","message":"Google Client ID: 1052501876846-1s78gnjc1vsm84eit16l9q2ibce3i0f2.apps.googleusercontent.com","context":"default"}
{"timestamp":"2024-06-30 13:53:28.517","level":"INFO","thread":"http-nio-8085-exec-3","logger":"com.Synctec.Synctec.service.impl.thirdpartyauth.ThirdPartyImpl","message":"Google Redirect URI: http://localhost:8085/api/v1/auth/verify","context":"default"}
{"timestamp":"2024-06-30 13:53:28.517","level":"INFO","thread":"http-nio-8085-exec-3","logger":"com.Synctec.Synctec.service.impl.thirdpartyauth.ThirdPartyImpl","message":"URL for token exchange: https://oauth2.googleapis.com/token","context":"default"}
{"timestamp":"2024-06-30 13:53:29.291","level":"INFO","thread":"http-nio-8085-exec-3","logger":"com.Synctec.Synctec.service.impl.thirdpartyauth.ThirdPartyImpl","message":"Token exchange response: <200 OK OK,GoogleTokenResponse(accessToken=ya29.a0AXooCgssB0ydtilggJ8SqsCjHv0i7Ptnmej-6Gz8XUABDVJsYBaMhMZ9vM-rTHfH1LY3iLCE_cwo0_D9BIA26j7EB_ERYJvu2chEOIi0IkZIeg3YFyepkg_FARrc6MaR2a_kCSagsC1auTvPR-V7NM8D5jG5ohSCLagaCgYKAWsSARMSFQHGX2Mi4Q4LOe5A5inIkwr5AkXqFA0170, expiresIn=3599, tokenType=Bearer, refreshToken=null),[Cache-Control:\"no-cache, no-store, max-age=0, must-revalidate\", Pragma:\"no-cache\", Date:\"Sun, 30 Jun 2024 12:53:29 GMT\", Expires:\"Mon, 01 Jan 1990 00:00:00 GMT\", Content-Type:\"application/json; charset=utf-8\", Vary:\"X-Origin\", \"Referer\", \"Origin,Accept-Encoding\", Server:\"scaffolding on HTTPServer2\", X-XSS-Protection:\"0\", X-Frame-Options:\"SAMEORIGIN\", X-Content-Type-Options:\"nosniff\", Alt-Svc:\"h3=\":443\"; ma=2592000,h3-29=\":443\"; ma=2592000\", Accept-Ranges:\"none\", Transfer-Encoding:\"chunked\"]>","context":"default"}
{"timestamp":"2024-06-30 13:53:29.292","level":"INFO","thread":"http-nio-8085-exec-3","logger":"com.Synctec.Synctec.service.impl.thirdpartyauth.ThirdPartyImpl","message":"Token exchange body: GoogleTokenResponse(accessToken=ya29.a0AXooCgssB0ydtilggJ8SqsCjHv0i7Ptnmej-6Gz8XUABDVJsYBaMhMZ9vM-rTHfH1LY3iLCE_cwo0_D9BIA26j7EB_ERYJvu2chEOIi0IkZIeg3YFyepkg_FARrc6MaR2a_kCSagsC1auTvPR-V7NM8D5jG5ohSCLagaCgYKAWsSARMSFQHGX2Mi4Q4LOe5A5inIkwr5AkXqFA0170, expiresIn=3599, tokenType=Bearer, refreshToken=null)","context":"default"}
{"timestamp":"2024-06-30 13:53:29.293","level":"INFO","thread":"http-nio-8085-exec-3","logger":"com.Synctec.Synctec.service.impl.thirdpartyauth.ThirdPartyImpl","message":"access token: ya29.a0AXooCgssB0ydtilggJ8SqsCjHv0i7Ptnmej-6Gz8XUABDVJsYBaMhMZ9vM-rTHfH1LY3iLCE_cwo0_D9BIA26j7EB_ERYJvu2chEOIi0IkZIeg3YFyepkg_FARrc6MaR2a_kCSagsC1auTvPR-V7NM8D5jG5ohSCLagaCgYKAWsSARMSFQHGX2Mi4Q4LOe5A5inIkwr5AkXqFA0170","context":"default"}
{"timestamp":"2024-06-30 13:53:29.293","level":"INFO","thread":"http-nio-8085-exec-3","logger":"com.Synctec.Synctec.service.impl.thirdpartyauth.ThirdPartyImpl","message":"access expiresIn: 3599","context":"default"}
{"timestamp":"2024-06-30 13:53:29.293","level":"INFO","thread":"http-nio-8085-exec-3","logger":"com.Synctec.Synctec.service.impl.thirdpartyauth.ThirdPartyImpl","message":"access tokenType: Bearer","context":"default"}
{"timestamp":"2024-06-30 13:53:29.293","level":"INFO","thread":"http-nio-8085-exec-3","logger":"com.Synctec.Synctec.service.impl.thirdpartyauth.ThirdPartyImpl","message":"access refreshToken: null","context":"default"}
{"timestamp":"2024-06-30 13:53:29.293","level":"INFO","thread":"http-nio-8085-exec-3","logger":"com.Synctec.Synctec.service.impl.thirdpartyauth.ThirdPartyImpl","message":"This is the info url : https://www.googleapis.com/oauth2/v3/userinfo?access_token=ya29.a0AXooCgssB0ydtilggJ8SqsCjHv0i7Ptnmej-6Gz8XUABDVJsYBaMhMZ9vM-rTHfH1LY3iLCE_cwo0_D9BIA26j7EB_ERYJvu2chEOIi0IkZIeg3YFyepkg_FARrc6MaR2a_kCSagsC1auTvPR-V7NM8D5jG5ohSCLagaCgYKAWsSARMSFQHGX2Mi4Q4LOe5A5inIkwr5AkXqFA0170","context":"default"}
{"timestamp":"2024-06-30 13:53:30.703","level":"INFO","thread":"http-nio-8085-exec-3","logger":"com.Synctec.Synctec.service.impl.thirdpartyauth.ThirdPartyImpl","message":"Complete user info: {\n  \"sub\" : \"104489565306535877943\",\n  \"name\" : \"David Chukwudile\",\n  \"given_name\" : \"David\",\n  \"family_name\" : \"Chukwudile\",\n  \"picture\" : \"https://lh3.googleusercontent.com/a/ACg8ocIXEOJTjMkKTVURGKjbwRMPoECekAyB1dAJJFjy-ZHGh5JhHw=s96-c\",\n  \"email\" : \"chukwudileid@gmail.com\",\n  \"email_verified\" : true\n}","context":"default"}
{"timestamp":"2024-06-30 13:53:30.704","level":"INFO","thread":"http-nio-8085-exec-3","logger":"com.Synctec.Synctec.service.impl.thirdpartyauth.ThirdPartyImpl","message":"Extracted email: chukwudileid@gmail.com","context":"default"}
{"timestamp":"2024-06-30 13:53:30.705","level":"INFO","thread":"http-nio-8085-exec-3","logger":"com.Synctec.Synctec.service.impl.thirdpartyauth.ThirdPartyImpl","message":"Extracted name: David Chukwudile","context":"default"}
{"timestamp":"2024-06-30 13:53:30.836","level":"INFO","thread":"http-nio-8085-exec-3","logger":"com.Synctec.Synctec.service.impl.thirdpartyauth.ThirdPartyImpl","message":"gets here cause the user uses google to be authenticated for the first time","context":"default"}
{"timestamp":"2024-06-30 13:53:30.836","level":"INFO","thread":"http-nio-8085-exec-3","logger":"com.Synctec.Synctec.service.impl.thirdpartyauth.ThirdPartyImpl","message":"this is the identifier: chukwudileid@gmail.com","context":"default"}
{"timestamp":"2024-06-30 13:53:30.837","level":"INFO","thread":"http-nio-8085-exec-3","logger":"com.Synctec.Synctec.service.impl.thirdpartyauth.ThirdPartyImpl","message":"this is the email: David Chukwudile","context":"default"}
{"timestamp":"2024-06-30 13:53:30.960","level":"INFO","thread":"http-nio-8085-exec-3","logger":"com.Synctec.Synctec.service.impl.thirdpartyauth.ThirdPartyImpl","message":"This is the jwt token for a google authenticated user eyJhbGciOiJIUzM4NCJ9.eyJzdWIiOiI3NmZkNGViNS1mMDhiLTQ3Y2QtODRjMC1jMjUzZGU4NDFhYzYiLCJBY3RpdmUiOnRydWUsInJvbGUiOlt7ImF1dGhvcml0eSI6InVzZXIifV0sInVzZXJOYW1lIjoiRGF2aWQgQ2h1a3d1ZGlsZSIsImlhdCI6MTcxOTc1MjAxMCwiZXhwIjoxNzE5Nzg4MDEwfQ.Mx44F9_OgB-yIUGQ490LCHekw1SMH3Xm8t5D5oIuZQLHnhDWQBEJjCnYI9fqa1rQ","context":"default"}
{"timestamp":"2024-06-30 13:53:31.828","level":"ERROR","thread":"http-nio-8085-exec-4","logger":"com.Synctec.Synctec.security.JwtAuthFilter$$SpringCGLIB$$0","message":"Invalid token","context":"default"}
{"timestamp":"2024-06-30 13:53:41.821","level":"INFO","thread":"SpringApplicationShutdownHook","logger":"org.springframework.orm.jpa.LocalContainerEntityManagerFactoryBean","message":"Closing JPA EntityManagerFactory for persistence unit 'default'","context":"default"}
{"timestamp":"2024-06-30 13:53:41.847","level":"INFO","thread":"SpringApplicationShutdownHook","logger":"com.zaxxer.hikari.HikariDataSource","message":"HikariPool-1 - Shutdown initiated...","context":"default"}
{"timestamp":"2024-06-30 13:53:41.849","level":"INFO","thread":"SpringApplicationShutdownHook","logger":"com.zaxxer.hikari.HikariDataSource","message":"HikariPool-1 - Shutdown completed.","context":"default"}
